<?xml version="1.0" encoding="utf-8"?>
<!DOCTYPE coverage SYSTEM "http://cobertura.sourceforge.net/xml/coverage-04.dtd">
<coverage line-rate="0.999006951340616" branch-rate="0.793814432989691" lines-covered="1006" lines-valid="1007" branches-covered="154" branches-valid="194" complexity="251" version="0" timestamp="1675033831">
  <sources>
    <source>C:\Users\lucas\</source>
  </sources>
  <packages>
    <package name="DependencyGraph" line-rate="1" branch-rate="1" complexity="42">
      <classes>
        <class name="SpreadsheetUtilities.DependencyGraph" filename="C:\Users\lucas\source\repos\spreadsheet-Saint-Luke\spreadsheet-Saint-Luke-main\Spreadsheet\DependencyGraph\DependencyGraph.cs" line-rate="1" branch-rate="1" complexity="42">
          <methods>
            <method name="get_Size" signature="()" line-rate="1" branch-rate="1" complexity="1">
              <lines>
                <line number="65" hits="99" branch="false" />
              </lines>
            </method>
            <method name="get_Item" signature="(...)" line-rate="1" branch-rate="1" complexity="2">
              <lines>
                <line number="79" hits="10" branch="false" />
                <line number="81" hits="10" branch="true" condition-coverage="100% (2/2)" />
                <line number="82" hits="8" branch="false" />
                <line number="84" hits="2" branch="false" />
                <line number="85" hits="10" branch="false" />
              </lines>
            </method>
            <method name="HasDependents" signature="(...)" line-rate="1" branch-rate="1" complexity="4">
              <lines>
                <line number="93" hits="14" branch="false" />
                <line number="95" hits="14" branch="true" condition-coverage="100% (2/2)" />
                <line number="96" hits="12" branch="false" />
                <line number="97" hits="12" branch="true" condition-coverage="100% (2/2)" />
                <line number="98" hits="10" branch="false" />
                <line number="99" hits="2" branch="false" />
                <line number="101" hits="2" branch="false" />
                <line number="103" hits="14" branch="false" />
              </lines>
            </method>
            <method name="HasDependees" signature="(...)" line-rate="1" branch-rate="1" complexity="4">
              <lines>
                <line number="110" hits="14" branch="false" />
                <line number="112" hits="14" branch="true" condition-coverage="100% (2/2)" />
                <line number="113" hits="8" branch="false" />
                <line number="114" hits="8" branch="true" condition-coverage="100% (2/2)" />
                <line number="115" hits="6" branch="false" />
                <line number="116" hits="2" branch="false" />
                <line number="118" hits="6" branch="false" />
                <line number="120" hits="14" branch="false" />
              </lines>
            </method>
            <method name="GetDependents" signature="(...)" line-rate="1" branch-rate="1" complexity="2">
              <lines>
                <line number="127" hits="11024" branch="false" />
                <line number="129" hits="11024" branch="true" condition-coverage="100% (2/2)" />
                <line number="130" hits="11004" branch="false" />
                <line number="131" hits="20" branch="false" />
                <line number="133" hits="11024" branch="false" />
              </lines>
            </method>
            <method name="GetDependees" signature="(...)" line-rate="1" branch-rate="1" complexity="2">
              <lines>
                <line number="139" hits="11031" branch="false" />
                <line number="141" hits="11031" branch="true" condition-coverage="100% (2/2)" />
                <line number="142" hits="19" branch="false" />
                <line number="143" hits="11012" branch="false" />
                <line number="144" hits="11031" branch="false" />
              </lines>
            </method>
            <method name="AddDependency" signature="(...)" line-rate="1" branch-rate="1" complexity="8">
              <lines>
                <line number="158" hits="2073696" branch="false" />
                <line number="160" hits="2073696" branch="true" condition-coverage="100% (2/2)" />
                <line number="161" hits="2067956" branch="false" />
                <line number="162" hits="2067956" branch="true" condition-coverage="100% (2/2)" />
                <line number="163" hits="2027945" branch="false" />
                <line number="164" hits="2027945" branch="false" />
                <line number="165" hits="2027945" branch="false" />
                <line number="166" hits="2027945" branch="false" />
                <line number="167" hits="2067956" branch="false" />
                <line number="169" hits="5740" branch="false" />
                <line number="170" hits="5740" branch="false" />
                <line number="171" hits="5740" branch="false" />
                <line number="172" hits="5740" branch="false" />
                <line number="187" hits="2073696" branch="true" condition-coverage="100% (2/2)" />
                <line number="188" hits="2067065" branch="false" />
                <line number="189" hits="2067065" branch="true" condition-coverage="100% (2/2)" />
                <line number="190" hits="2027054" branch="false" />
                <line number="191" hits="2067065" branch="false" />
                <line number="193" hits="6631" branch="false" />
                <line number="195" hits="2073696" branch="false" />
              </lines>
            </method>
            <method name="RemoveDependency" signature="(...)" line-rate="1" branch-rate="1" complexity="6">
              <lines>
                <line number="204" hits="612129" branch="false" />
                <line number="207" hits="612129" branch="true" condition-coverage="100% (2/2)" />
                <line number="208" hits="2" branch="false" />
                <line number="210" hits="612127" branch="true" condition-coverage="100% (2/2)" />
                <line number="211" hits="608990" branch="false" />
                <line number="213" hits="612127" branch="true" condition-coverage="100% (2/2)" />
                <line number="214" hits="608990" branch="false" />
                <line number="216" hits="612127" branch="false" />
                <line number="217" hits="612129" branch="false" />
              </lines>
            </method>
            <method name="ReplaceDependents" signature="(...)" line-rate="1" branch-rate="1" complexity="6">
              <lines>
                <line number="225" hits="618" branch="false" />
                <line number="227" hits="618" branch="true" condition-coverage="100% (2/2)" />
                <line number="228" hits="8" branch="false" />
                <line number="231" hits="161854" branch="true" condition-coverage="100% (2/2)" />
                <line number="232" hits="80012" branch="false" />
                <line number="233" hits="80012" branch="false" />
                <line number="234" hits="80012" branch="false" />
                <line number="235" hits="80012" branch="false" />
                <line number="238" hits="610" branch="false" />
                <line number="240" hits="610" branch="false" />
                <line number="241" hits="48620" branch="true" condition-coverage="100% (2/2)" />
                <line number="242" hits="48010" branch="false" />
                <line number="244" hits="618" branch="false" />
              </lines>
            </method>
            <method name="ReplaceDependees" signature="(...)" line-rate="1" branch-rate="1" complexity="6">
              <lines>
                <line number="252" hits="1519" branch="false" />
                <line number="254" hits="1519" branch="true" condition-coverage="100% (2/2)" />
                <line number="255" hits="1513" branch="false" />
                <line number="257" hits="1002577" branch="true" condition-coverage="100% (2/2)" />
                <line number="258" hits="499019" branch="false" />
                <line number="259" hits="499019" branch="false" />
                <line number="260" hits="499019" branch="false" />
                <line number="261" hits="499019" branch="false" />
                <line number="262" hits="1513" branch="false" />
                <line number="266" hits="1513" branch="false" />
                <line number="267" hits="1519" branch="false" />
                <line number="268" hits="169544" branch="true" condition-coverage="100% (2/2)" />
                <line number="269" hits="168025" branch="false" />
                <line number="271" hits="1519" branch="false" />
              </lines>
            </method>
            <method name=".ctor" signature="()" line-rate="1" branch-rate="1" complexity="1">
              <lines>
                <line number="52" hits="74" branch="false" />
                <line number="53" hits="74" branch="false" />
                <line number="54" hits="74" branch="false" />
                <line number="55" hits="74" branch="false" />
                <line number="56" hits="74" branch="false" />
                <line number="57" hits="74" branch="false" />
              </lines>
            </method>
          </methods>
          <lines>
            <line number="52" hits="74" branch="false" />
            <line number="53" hits="74" branch="false" />
            <line number="54" hits="74" branch="false" />
            <line number="55" hits="74" branch="false" />
            <line number="56" hits="74" branch="false" />
            <line number="57" hits="74" branch="false" />
            <line number="65" hits="99" branch="false" />
            <line number="79" hits="10" branch="false" />
            <line number="81" hits="10" branch="true" condition-coverage="100% (2/2)" />
            <line number="82" hits="8" branch="false" />
            <line number="84" hits="2" branch="false" />
            <line number="85" hits="10" branch="false" />
            <line number="93" hits="14" branch="false" />
            <line number="95" hits="14" branch="true" condition-coverage="100% (2/2)" />
            <line number="96" hits="12" branch="false" />
            <line number="97" hits="12" branch="true" condition-coverage="100% (2/2)" />
            <line number="98" hits="10" branch="false" />
            <line number="99" hits="2" branch="false" />
            <line number="101" hits="2" branch="false" />
            <line number="103" hits="14" branch="false" />
            <line number="110" hits="14" branch="false" />
            <line number="112" hits="14" branch="true" condition-coverage="100% (2/2)" />
            <line number="113" hits="8" branch="false" />
            <line number="114" hits="8" branch="true" condition-coverage="100% (2/2)" />
            <line number="115" hits="6" branch="false" />
            <line number="116" hits="2" branch="false" />
            <line number="118" hits="6" branch="false" />
            <line number="120" hits="14" branch="false" />
            <line number="127" hits="11024" branch="false" />
            <line number="129" hits="11024" branch="true" condition-coverage="100% (2/2)" />
            <line number="130" hits="11004" branch="false" />
            <line number="131" hits="20" branch="false" />
            <line number="133" hits="11024" branch="false" />
            <line number="139" hits="11031" branch="false" />
            <line number="141" hits="11031" branch="true" condition-coverage="100% (2/2)" />
            <line number="142" hits="19" branch="false" />
            <line number="143" hits="11012" branch="false" />
            <line number="144" hits="11031" branch="false" />
            <line number="158" hits="2073696" branch="false" />
            <line number="160" hits="2073696" branch="true" condition-coverage="100% (2/2)" />
            <line number="161" hits="2067956" branch="false" />
            <line number="162" hits="2067956" branch="true" condition-coverage="100% (2/2)" />
            <line number="163" hits="2027945" branch="false" />
            <line number="164" hits="2027945" branch="false" />
            <line number="165" hits="2027945" branch="false" />
            <line number="166" hits="2027945" branch="false" />
            <line number="167" hits="2067956" branch="false" />
            <line number="169" hits="5740" branch="false" />
            <line number="170" hits="5740" branch="false" />
            <line number="171" hits="5740" branch="false" />
            <line number="172" hits="5740" branch="false" />
            <line number="187" hits="2073696" branch="true" condition-coverage="100% (2/2)" />
            <line number="188" hits="2067065" branch="false" />
            <line number="189" hits="2067065" branch="true" condition-coverage="100% (2/2)" />
            <line number="190" hits="2027054" branch="false" />
            <line number="191" hits="2067065" branch="false" />
            <line number="193" hits="6631" branch="false" />
            <line number="195" hits="2073696" branch="false" />
            <line number="204" hits="612129" branch="false" />
            <line number="207" hits="612129" branch="true" condition-coverage="100% (2/2)" />
            <line number="208" hits="2" branch="false" />
            <line number="210" hits="612127" branch="true" condition-coverage="100% (2/2)" />
            <line number="211" hits="608990" branch="false" />
            <line number="213" hits="612127" branch="true" condition-coverage="100% (2/2)" />
            <line number="214" hits="608990" branch="false" />
            <line number="216" hits="612127" branch="false" />
            <line number="217" hits="612129" branch="false" />
            <line number="225" hits="618" branch="false" />
            <line number="227" hits="618" branch="true" condition-coverage="100% (2/2)" />
            <line number="228" hits="8" branch="false" />
            <line number="231" hits="161854" branch="true" condition-coverage="100% (2/2)" />
            <line number="232" hits="80012" branch="false" />
            <line number="233" hits="80012" branch="false" />
            <line number="234" hits="80012" branch="false" />
            <line number="235" hits="80012" branch="false" />
            <line number="238" hits="610" branch="false" />
            <line number="240" hits="610" branch="false" />
            <line number="241" hits="48620" branch="true" condition-coverage="100% (2/2)" />
            <line number="242" hits="48010" branch="false" />
            <line number="244" hits="618" branch="false" />
            <line number="252" hits="1519" branch="false" />
            <line number="254" hits="1519" branch="true" condition-coverage="100% (2/2)" />
            <line number="255" hits="1513" branch="false" />
            <line number="257" hits="1002577" branch="true" condition-coverage="100% (2/2)" />
            <line number="258" hits="499019" branch="false" />
            <line number="259" hits="499019" branch="false" />
            <line number="260" hits="499019" branch="false" />
            <line number="261" hits="499019" branch="false" />
            <line number="262" hits="1513" branch="false" />
            <line number="266" hits="1513" branch="false" />
            <line number="267" hits="1519" branch="false" />
            <line number="268" hits="169544" branch="true" condition-coverage="100% (2/2)" />
            <line number="269" hits="168025" branch="false" />
            <line number="271" hits="1519" branch="false" />
          </lines>
        </class>
      </classes>
    </package>
    <package name="DependencyGraphTests" line-rate="0.998904709748083" branch-rate="0.74025974025974" complexity="209">
      <classes>
        <class name="AutoGeneratedProgram" filename="C:\Users\lucas\.nuget\packages\microsoft.net.test.sdk\17.1.0\build\netcoreapp2.1\Microsoft.NET.Test.Sdk.Program.cs" line-rate="0" branch-rate="1" complexity="1">
          <methods>
            <method name="Main" signature="(...)" line-rate="0" branch-rate="1" complexity="1">
              <lines>
                <line number="4" hits="0" branch="false" />
              </lines>
            </method>
          </methods>
          <lines>
            <line number="4" hits="0" branch="false" />
          </lines>
        </class>
        <class name="DevelopmentTests.DependencyGraphTest" filename="C:\Users\lucas\source\repos\spreadsheet-Saint-Luke\spreadsheet-Saint-Luke-main\Spreadsheet\DependencyGraphTests\DependencyGraphTests.cs" line-rate="1" branch-rate="0.75" complexity="54">
          <methods>
            <method name="SizeAfterReplaceDependentsTest" signature="()" line-rate="1" branch-rate="1" complexity="1">
              <lines>
                <line number="22" hits="1" branch="false" />
                <line number="23" hits="1" branch="false" />
                <line number="24" hits="1" branch="false" />
                <line number="25" hits="1" branch="false" />
                <line number="26" hits="1" branch="false" />
                <line number="27" hits="1" branch="false" />
                <line number="29" hits="1" branch="false" />
                <line number="30" hits="1" branch="false" />
                <line number="31" hits="1" branch="false" />
                <line number="32" hits="1" branch="false" />
              </lines>
            </method>
            <method name="SizeAfterReplaceDependeesTest" signature="()" line-rate="1" branch-rate="1" complexity="1">
              <lines>
                <line number="35" hits="1" branch="false" />
                <line number="36" hits="1" branch="false" />
                <line number="37" hits="1" branch="false" />
                <line number="38" hits="1" branch="false" />
                <line number="39" hits="1" branch="false" />
                <line number="40" hits="1" branch="false" />
                <line number="42" hits="1" branch="false" />
                <line number="43" hits="1" branch="false" />
                <line number="44" hits="1" branch="false" />
                <line number="45" hits="1" branch="false" />
              </lines>
            </method>
            <method name="SizeOfDependeesTest" signature="()" line-rate="1" branch-rate="1" complexity="1">
              <lines>
                <line number="48" hits="1" branch="false" />
                <line number="49" hits="1" branch="false" />
                <line number="50" hits="1" branch="false" />
                <line number="51" hits="1" branch="false" />
                <line number="52" hits="1" branch="false" />
                <line number="53" hits="1" branch="false" />
                <line number="55" hits="1" branch="false" />
                <line number="56" hits="1" branch="false" />
                <line number="57" hits="1" branch="false" />
                <line number="58" hits="1" branch="false" />
              </lines>
            </method>
            <method name="HasDependentsTest" signature="()" line-rate="1" branch-rate="1" complexity="1">
              <lines>
                <line number="61" hits="1" branch="false" />
                <line number="62" hits="1" branch="false" />
                <line number="63" hits="1" branch="false" />
                <line number="64" hits="1" branch="false" />
                <line number="65" hits="1" branch="false" />
                <line number="66" hits="1" branch="false" />
                <line number="67" hits="1" branch="false" />
                <line number="68" hits="1" branch="false" />
                <line number="69" hits="1" branch="false" />
                <line number="71" hits="1" branch="false" />
              </lines>
            </method>
            <method name="HasDependeesTest" signature="()" line-rate="1" branch-rate="1" complexity="1">
              <lines>
                <line number="74" hits="1" branch="false" />
                <line number="75" hits="1" branch="false" />
                <line number="76" hits="1" branch="false" />
                <line number="77" hits="1" branch="false" />
                <line number="78" hits="1" branch="false" />
                <line number="80" hits="1" branch="false" />
                <line number="81" hits="1" branch="false" />
                <line number="82" hits="1" branch="false" />
                <line number="83" hits="1" branch="false" />
                <line number="84" hits="1" branch="false" />
              </lines>
            </method>
            <method name="GetDependentsOfWrongStringTest" signature="()" line-rate="1" branch-rate="1" complexity="1">
              <lines>
                <line number="88" hits="1" branch="false" />
                <line number="89" hits="1" branch="false" />
                <line number="90" hits="1" branch="false" />
                <line number="91" hits="1" branch="false" />
                <line number="92" hits="1" branch="false" />
              </lines>
            </method>
            <method name="GetDependeesOfWrongStringTest" signature="()" line-rate="1" branch-rate="1" complexity="1">
              <lines>
                <line number="95" hits="1" branch="false" />
                <line number="96" hits="1" branch="false" />
                <line number="97" hits="1" branch="false" />
                <line number="98" hits="1" branch="false" />
                <line number="99" hits="1" branch="false" />
              </lines>
            </method>
            <method name="AddExistingDependanciesTest" signature="()" line-rate="1" branch-rate="1" complexity="1">
              <lines>
                <line number="102" hits="1" branch="false" />
                <line number="103" hits="1" branch="false" />
                <line number="104" hits="1" branch="false" />
                <line number="105" hits="1" branch="false" />
                <line number="106" hits="1" branch="false" />
                <line number="107" hits="1" branch="false" />
              </lines>
            </method>
            <method name="RemoveEmptyDependencyTest" signature="()" line-rate="1" branch-rate="1" complexity="1">
              <lines>
                <line number="110" hits="1" branch="false" />
                <line number="111" hits="1" branch="false" />
                <line number="112" hits="1" branch="false" />
                <line number="113" hits="1" branch="false" />
                <line number="114" hits="1" branch="false" />
                <line number="116" hits="1" branch="false" />
              </lines>
            </method>
            <method name="ReplaceDependentsOfWrongStringTest" signature="()" line-rate="1" branch-rate="1" complexity="1">
              <lines>
                <line number="119" hits="1" branch="false" />
                <line number="120" hits="1" branch="false" />
                <line number="121" hits="1" branch="false" />
                <line number="122" hits="1" branch="false" />
                <line number="123" hits="1" branch="false" />
                <line number="124" hits="1" branch="false" />
                <line number="125" hits="1" branch="false" />
              </lines>
            </method>
            <method name="ReplaceDependeesOfWrongStringTest" signature="()" line-rate="1" branch-rate="1" complexity="1">
              <lines>
                <line number="128" hits="1" branch="false" />
                <line number="129" hits="1" branch="false" />
                <line number="130" hits="1" branch="false" />
                <line number="131" hits="1" branch="false" />
                <line number="132" hits="1" branch="false" />
                <line number="133" hits="1" branch="false" />
                <line number="134" hits="1" branch="false" />
              </lines>
            </method>
            <method name="ReplaceWithEmpmtySetTest" signature="()" line-rate="1" branch-rate="1" complexity="1">
              <lines>
                <line number="137" hits="1" branch="false" />
                <line number="138" hits="1" branch="false" />
                <line number="139" hits="1" branch="false" />
                <line number="140" hits="1" branch="false" />
                <line number="141" hits="1" branch="false" />
                <line number="142" hits="1" branch="false" />
                <line number="143" hits="1" branch="false" />
                <line number="144" hits="1" branch="false" />
                <line number="145" hits="1" branch="false" />
                <line number="146" hits="1" branch="false" />
                <line number="147" hits="1" branch="false" />
                <line number="149" hits="1" branch="false" />
              </lines>
            </method>
            <method name="SimpleEmptyTest" signature="()" line-rate="1" branch-rate="1" complexity="1">
              <lines>
                <line number="156" hits="1" branch="false" />
                <line number="157" hits="1" branch="false" />
                <line number="158" hits="1" branch="false" />
                <line number="159" hits="1" branch="false" />
              </lines>
            </method>
            <method name="SimpleEmptyRemoveTest" signature="()" line-rate="1" branch-rate="1" complexity="1">
              <lines>
                <line number="167" hits="1" branch="false" />
                <line number="168" hits="1" branch="false" />
                <line number="169" hits="1" branch="false" />
                <line number="170" hits="1" branch="false" />
                <line number="171" hits="1" branch="false" />
                <line number="172" hits="1" branch="false" />
                <line number="173" hits="1" branch="false" />
              </lines>
            </method>
            <method name="EmptyEnumeratorTest" signature="()" line-rate="1" branch-rate="1" complexity="1">
              <lines>
                <line number="181" hits="1" branch="false" />
                <line number="182" hits="1" branch="false" />
                <line number="183" hits="1" branch="false" />
                <line number="184" hits="1" branch="false" />
                <line number="185" hits="1" branch="false" />
                <line number="186" hits="1" branch="false" />
                <line number="187" hits="1" branch="false" />
                <line number="188" hits="1" branch="false" />
                <line number="189" hits="1" branch="false" />
                <line number="190" hits="1" branch="false" />
                <line number="191" hits="1" branch="false" />
                <line number="192" hits="1" branch="false" />
                <line number="193" hits="1" branch="false" />
              </lines>
            </method>
            <method name="SimpleReplaceTest" signature="()" line-rate="1" branch-rate="1" complexity="1">
              <lines>
                <line number="201" hits="1" branch="false" />
                <line number="202" hits="1" branch="false" />
                <line number="203" hits="1" branch="false" />
                <line number="204" hits="1" branch="false" />
                <line number="205" hits="1" branch="false" />
                <line number="206" hits="1" branch="false" />
                <line number="207" hits="1" branch="false" />
                <line number="208" hits="1" branch="false" />
              </lines>
            </method>
            <method name="StaticTest" signature="()" line-rate="1" branch-rate="1" complexity="1">
              <lines>
                <line number="217" hits="1" branch="false" />
                <line number="218" hits="1" branch="false" />
                <line number="219" hits="1" branch="false" />
                <line number="220" hits="1" branch="false" />
                <line number="221" hits="1" branch="false" />
                <line number="222" hits="1" branch="false" />
                <line number="223" hits="1" branch="false" />
              </lines>
            </method>
            <method name="SizeTest" signature="()" line-rate="1" branch-rate="1" complexity="1">
              <lines>
                <line number="233" hits="1" branch="false" />
                <line number="234" hits="1" branch="false" />
                <line number="235" hits="1" branch="false" />
                <line number="236" hits="1" branch="false" />
                <line number="237" hits="1" branch="false" />
                <line number="238" hits="1" branch="false" />
                <line number="239" hits="1" branch="false" />
                <line number="240" hits="1" branch="false" />
              </lines>
            </method>
            <method name="EnumeratorTest" signature="()" line-rate="1" branch-rate="0.333333333333333" complexity="6">
              <lines>
                <line number="248" hits="1" branch="false" />
                <line number="249" hits="1" branch="false" />
                <line number="250" hits="1" branch="false" />
                <line number="251" hits="1" branch="false" />
                <line number="252" hits="1" branch="false" />
                <line number="253" hits="1" branch="false" />
                <line number="255" hits="1" branch="false" />
                <line number="256" hits="1" branch="false" />
                <line number="258" hits="1" branch="false" />
                <line number="259" hits="1" branch="false" />
                <line number="260" hits="1" branch="false" />
                <line number="261" hits="1" branch="false" />
                <line number="262" hits="1" branch="false" />
                <line number="263" hits="1" branch="false" />
                <line number="264" hits="1" branch="true" condition-coverage="33% (2/6)" />
                <line number="266" hits="1" branch="false" />
                <line number="267" hits="1" branch="false" />
                <line number="268" hits="1" branch="false" />
                <line number="269" hits="1" branch="false" />
                <line number="271" hits="1" branch="false" />
                <line number="272" hits="1" branch="false" />
                <line number="273" hits="1" branch="false" />
                <line number="274" hits="1" branch="false" />
                <line number="275" hits="1" branch="false" />
              </lines>
            </method>
            <method name="ReplaceThenEnumerate" signature="()" line-rate="1" branch-rate="0.333333333333333" complexity="6">
              <lines>
                <line number="285" hits="1" branch="false" />
                <line number="286" hits="1" branch="false" />
                <line number="287" hits="1" branch="false" />
                <line number="288" hits="1" branch="false" />
                <line number="289" hits="1" branch="false" />
                <line number="290" hits="1" branch="false" />
                <line number="291" hits="1" branch="false" />
                <line number="292" hits="1" branch="false" />
                <line number="293" hits="1" branch="false" />
                <line number="294" hits="1" branch="false" />
                <line number="296" hits="1" branch="false" />
                <line number="297" hits="1" branch="false" />
                <line number="299" hits="1" branch="false" />
                <line number="300" hits="1" branch="false" />
                <line number="301" hits="1" branch="false" />
                <line number="302" hits="1" branch="false" />
                <line number="303" hits="1" branch="false" />
                <line number="304" hits="1" branch="false" />
                <line number="305" hits="1" branch="true" condition-coverage="33% (2/6)" />
                <line number="307" hits="1" branch="false" />
                <line number="308" hits="1" branch="false" />
                <line number="309" hits="1" branch="false" />
                <line number="310" hits="1" branch="false" />
                <line number="312" hits="1" branch="false" />
                <line number="313" hits="1" branch="false" />
                <line number="314" hits="1" branch="false" />
                <line number="315" hits="1" branch="false" />
                <line number="316" hits="1" branch="false" />
              </lines>
            </method>
            <method name="StressTest" signature="()" line-rate="1" branch-rate="0.958333333333333" complexity="24">
              <lines>
                <line number="325" hits="1" branch="false" />
                <line number="327" hits="1" branch="false" />
                <line number="331" hits="1" branch="false" />
                <line number="332" hits="402" branch="true" condition-coverage="100% (2/2)" />
                <line number="333" hits="200" branch="false" />
                <line number="334" hits="200" branch="true" condition-coverage="50% (1/2)" />
                <line number="335" hits="200" branch="false" />
                <line number="338" hits="1" branch="false" />
                <line number="339" hits="1" branch="false" />
                <line number="340" hits="402" branch="true" condition-coverage="100% (2/2)" />
                <line number="341" hits="200" branch="false" />
                <line number="342" hits="200" branch="false" />
                <line number="343" hits="200" branch="false" />
                <line number="344" hits="200" branch="false" />
                <line number="347" hits="402" branch="true" condition-coverage="100% (2/2)" />
                <line number="348" hits="200" branch="false" />
                <line number="349" hits="40200" branch="true" condition-coverage="100% (2/2)" />
                <line number="350" hits="19900" branch="false" />
                <line number="351" hits="19900" branch="false" />
                <line number="352" hits="19900" branch="false" />
                <line number="353" hits="19900" branch="false" />
                <line number="354" hits="19900" branch="false" />
                <line number="355" hits="200" branch="false" />
                <line number="358" hits="402" branch="true" condition-coverage="100% (2/2)" />
                <line number="359" hits="200" branch="false" />
                <line number="360" hits="10200" branch="true" condition-coverage="100% (2/2)" />
                <line number="361" hits="4900" branch="false" />
                <line number="362" hits="4900" branch="false" />
                <line number="363" hits="4900" branch="false" />
                <line number="364" hits="4900" branch="false" />
                <line number="365" hits="4900" branch="false" />
                <line number="366" hits="200" branch="false" />
                <line number="369" hits="402" branch="true" condition-coverage="100% (2/2)" />
                <line number="370" hits="200" branch="false" />
                <line number="371" hits="20400" branch="true" condition-coverage="100% (2/2)" />
                <line number="372" hits="10000" branch="false" />
                <line number="373" hits="10000" branch="false" />
                <line number="374" hits="10000" branch="false" />
                <line number="375" hits="10000" branch="false" />
                <line number="376" hits="10000" branch="false" />
                <line number="377" hits="200" branch="false" />
                <line number="380" hits="202" branch="true" condition-coverage="100% (2/2)" />
                <line number="381" hits="100" branch="false" />
                <line number="382" hits="6800" branch="true" condition-coverage="100% (2/2)" />
                <line number="383" hits="3300" branch="false" />
                <line number="384" hits="3300" branch="false" />
                <line number="385" hits="3300" branch="false" />
                <line number="386" hits="3300" branch="false" />
                <line number="387" hits="3300" branch="false" />
                <line number="388" hits="100" branch="false" />
                <line number="391" hits="402" branch="true" condition-coverage="100% (2/2)" />
                <line number="392" hits="200" branch="false" />
                <line number="393" hits="200" branch="false" />
                <line number="394" hits="200" branch="false" />
                <line number="395" hits="200" branch="false" />
                <line number="396" hits="1" branch="false" />
              </lines>
            </method>
          </methods>
          <lines>
            <line number="22" hits="1" branch="false" />
            <line number="23" hits="1" branch="false" />
            <line number="24" hits="1" branch="false" />
            <line number="25" hits="1" branch="false" />
            <line number="26" hits="1" branch="false" />
            <line number="27" hits="1" branch="false" />
            <line number="29" hits="1" branch="false" />
            <line number="30" hits="1" branch="false" />
            <line number="31" hits="1" branch="false" />
            <line number="32" hits="1" branch="false" />
            <line number="35" hits="1" branch="false" />
            <line number="36" hits="1" branch="false" />
            <line number="37" hits="1" branch="false" />
            <line number="38" hits="1" branch="false" />
            <line number="39" hits="1" branch="false" />
            <line number="40" hits="1" branch="false" />
            <line number="42" hits="1" branch="false" />
            <line number="43" hits="1" branch="false" />
            <line number="44" hits="1" branch="false" />
            <line number="45" hits="1" branch="false" />
            <line number="48" hits="1" branch="false" />
            <line number="49" hits="1" branch="false" />
            <line number="50" hits="1" branch="false" />
            <line number="51" hits="1" branch="false" />
            <line number="52" hits="1" branch="false" />
            <line number="53" hits="1" branch="false" />
            <line number="55" hits="1" branch="false" />
            <line number="56" hits="1" branch="false" />
            <line number="57" hits="1" branch="false" />
            <line number="58" hits="1" branch="false" />
            <line number="61" hits="1" branch="false" />
            <line number="62" hits="1" branch="false" />
            <line number="63" hits="1" branch="false" />
            <line number="64" hits="1" branch="false" />
            <line number="65" hits="1" branch="false" />
            <line number="66" hits="1" branch="false" />
            <line number="67" hits="1" branch="false" />
            <line number="68" hits="1" branch="false" />
            <line number="69" hits="1" branch="false" />
            <line number="71" hits="1" branch="false" />
            <line number="74" hits="1" branch="false" />
            <line number="75" hits="1" branch="false" />
            <line number="76" hits="1" branch="false" />
            <line number="77" hits="1" branch="false" />
            <line number="78" hits="1" branch="false" />
            <line number="80" hits="1" branch="false" />
            <line number="81" hits="1" branch="false" />
            <line number="82" hits="1" branch="false" />
            <line number="83" hits="1" branch="false" />
            <line number="84" hits="1" branch="false" />
            <line number="88" hits="1" branch="false" />
            <line number="89" hits="1" branch="false" />
            <line number="90" hits="1" branch="false" />
            <line number="91" hits="1" branch="false" />
            <line number="92" hits="1" branch="false" />
            <line number="95" hits="1" branch="false" />
            <line number="96" hits="1" branch="false" />
            <line number="97" hits="1" branch="false" />
            <line number="98" hits="1" branch="false" />
            <line number="99" hits="1" branch="false" />
            <line number="102" hits="1" branch="false" />
            <line number="103" hits="1" branch="false" />
            <line number="104" hits="1" branch="false" />
            <line number="105" hits="1" branch="false" />
            <line number="106" hits="1" branch="false" />
            <line number="107" hits="1" branch="false" />
            <line number="110" hits="1" branch="false" />
            <line number="111" hits="1" branch="false" />
            <line number="112" hits="1" branch="false" />
            <line number="113" hits="1" branch="false" />
            <line number="114" hits="1" branch="false" />
            <line number="116" hits="1" branch="false" />
            <line number="119" hits="1" branch="false" />
            <line number="120" hits="1" branch="false" />
            <line number="121" hits="1" branch="false" />
            <line number="122" hits="1" branch="false" />
            <line number="123" hits="1" branch="false" />
            <line number="124" hits="1" branch="false" />
            <line number="125" hits="1" branch="false" />
            <line number="128" hits="1" branch="false" />
            <line number="129" hits="1" branch="false" />
            <line number="130" hits="1" branch="false" />
            <line number="131" hits="1" branch="false" />
            <line number="132" hits="1" branch="false" />
            <line number="133" hits="1" branch="false" />
            <line number="134" hits="1" branch="false" />
            <line number="137" hits="1" branch="false" />
            <line number="138" hits="1" branch="false" />
            <line number="139" hits="1" branch="false" />
            <line number="140" hits="1" branch="false" />
            <line number="141" hits="1" branch="false" />
            <line number="142" hits="1" branch="false" />
            <line number="143" hits="1" branch="false" />
            <line number="144" hits="1" branch="false" />
            <line number="145" hits="1" branch="false" />
            <line number="146" hits="1" branch="false" />
            <line number="147" hits="1" branch="false" />
            <line number="149" hits="1" branch="false" />
            <line number="156" hits="1" branch="false" />
            <line number="157" hits="1" branch="false" />
            <line number="158" hits="1" branch="false" />
            <line number="159" hits="1" branch="false" />
            <line number="167" hits="1" branch="false" />
            <line number="168" hits="1" branch="false" />
            <line number="169" hits="1" branch="false" />
            <line number="170" hits="1" branch="false" />
            <line number="171" hits="1" branch="false" />
            <line number="172" hits="1" branch="false" />
            <line number="173" hits="1" branch="false" />
            <line number="181" hits="1" branch="false" />
            <line number="182" hits="1" branch="false" />
            <line number="183" hits="1" branch="false" />
            <line number="184" hits="1" branch="false" />
            <line number="185" hits="1" branch="false" />
            <line number="186" hits="1" branch="false" />
            <line number="187" hits="1" branch="false" />
            <line number="188" hits="1" branch="false" />
            <line number="189" hits="1" branch="false" />
            <line number="190" hits="1" branch="false" />
            <line number="191" hits="1" branch="false" />
            <line number="192" hits="1" branch="false" />
            <line number="193" hits="1" branch="false" />
            <line number="201" hits="1" branch="false" />
            <line number="202" hits="1" branch="false" />
            <line number="203" hits="1" branch="false" />
            <line number="204" hits="1" branch="false" />
            <line number="205" hits="1" branch="false" />
            <line number="206" hits="1" branch="false" />
            <line number="207" hits="1" branch="false" />
            <line number="208" hits="1" branch="false" />
            <line number="217" hits="1" branch="false" />
            <line number="218" hits="1" branch="false" />
            <line number="219" hits="1" branch="false" />
            <line number="220" hits="1" branch="false" />
            <line number="221" hits="1" branch="false" />
            <line number="222" hits="1" branch="false" />
            <line number="223" hits="1" branch="false" />
            <line number="233" hits="1" branch="false" />
            <line number="234" hits="1" branch="false" />
            <line number="235" hits="1" branch="false" />
            <line number="236" hits="1" branch="false" />
            <line number="237" hits="1" branch="false" />
            <line number="238" hits="1" branch="false" />
            <line number="239" hits="1" branch="false" />
            <line number="240" hits="1" branch="false" />
            <line number="248" hits="1" branch="false" />
            <line number="249" hits="1" branch="false" />
            <line number="250" hits="1" branch="false" />
            <line number="251" hits="1" branch="false" />
            <line number="252" hits="1" branch="false" />
            <line number="253" hits="1" branch="false" />
            <line number="255" hits="1" branch="false" />
            <line number="256" hits="1" branch="false" />
            <line number="258" hits="1" branch="false" />
            <line number="259" hits="1" branch="false" />
            <line number="260" hits="1" branch="false" />
            <line number="261" hits="1" branch="false" />
            <line number="262" hits="1" branch="false" />
            <line number="263" hits="1" branch="false" />
            <line number="264" hits="1" branch="true" condition-coverage="33% (2/6)" />
            <line number="266" hits="1" branch="false" />
            <line number="267" hits="1" branch="false" />
            <line number="268" hits="1" branch="false" />
            <line number="269" hits="1" branch="false" />
            <line number="271" hits="1" branch="false" />
            <line number="272" hits="1" branch="false" />
            <line number="273" hits="1" branch="false" />
            <line number="274" hits="1" branch="false" />
            <line number="275" hits="1" branch="false" />
            <line number="285" hits="1" branch="false" />
            <line number="286" hits="1" branch="false" />
            <line number="287" hits="1" branch="false" />
            <line number="288" hits="1" branch="false" />
            <line number="289" hits="1" branch="false" />
            <line number="290" hits="1" branch="false" />
            <line number="291" hits="1" branch="false" />
            <line number="292" hits="1" branch="false" />
            <line number="293" hits="1" branch="false" />
            <line number="294" hits="1" branch="false" />
            <line number="296" hits="1" branch="false" />
            <line number="297" hits="1" branch="false" />
            <line number="299" hits="1" branch="false" />
            <line number="300" hits="1" branch="false" />
            <line number="301" hits="1" branch="false" />
            <line number="302" hits="1" branch="false" />
            <line number="303" hits="1" branch="false" />
            <line number="304" hits="1" branch="false" />
            <line number="305" hits="1" branch="true" condition-coverage="33% (2/6)" />
            <line number="307" hits="1" branch="false" />
            <line number="308" hits="1" branch="false" />
            <line number="309" hits="1" branch="false" />
            <line number="310" hits="1" branch="false" />
            <line number="312" hits="1" branch="false" />
            <line number="313" hits="1" branch="false" />
            <line number="314" hits="1" branch="false" />
            <line number="315" hits="1" branch="false" />
            <line number="316" hits="1" branch="false" />
            <line number="325" hits="1" branch="false" />
            <line number="327" hits="1" branch="false" />
            <line number="331" hits="1" branch="false" />
            <line number="332" hits="402" branch="true" condition-coverage="100% (2/2)" />
            <line number="333" hits="200" branch="false" />
            <line number="334" hits="200" branch="true" condition-coverage="50% (1/2)" />
            <line number="335" hits="200" branch="false" />
            <line number="338" hits="1" branch="false" />
            <line number="339" hits="1" branch="false" />
            <line number="340" hits="402" branch="true" condition-coverage="100% (2/2)" />
            <line number="341" hits="200" branch="false" />
            <line number="342" hits="200" branch="false" />
            <line number="343" hits="200" branch="false" />
            <line number="344" hits="200" branch="false" />
            <line number="347" hits="402" branch="true" condition-coverage="100% (2/2)" />
            <line number="348" hits="200" branch="false" />
            <line number="349" hits="40200" branch="true" condition-coverage="100% (2/2)" />
            <line number="350" hits="19900" branch="false" />
            <line number="351" hits="19900" branch="false" />
            <line number="352" hits="19900" branch="false" />
            <line number="353" hits="19900" branch="false" />
            <line number="354" hits="19900" branch="false" />
            <line number="355" hits="200" branch="false" />
            <line number="358" hits="402" branch="true" condition-coverage="100% (2/2)" />
            <line number="359" hits="200" branch="false" />
            <line number="360" hits="10200" branch="true" condition-coverage="100% (2/2)" />
            <line number="361" hits="4900" branch="false" />
            <line number="362" hits="4900" branch="false" />
            <line number="363" hits="4900" branch="false" />
            <line number="364" hits="4900" branch="false" />
            <line number="365" hits="4900" branch="false" />
            <line number="366" hits="200" branch="false" />
            <line number="369" hits="402" branch="true" condition-coverage="100% (2/2)" />
            <line number="370" hits="200" branch="false" />
            <line number="371" hits="20400" branch="true" condition-coverage="100% (2/2)" />
            <line number="372" hits="10000" branch="false" />
            <line number="373" hits="10000" branch="false" />
            <line number="374" hits="10000" branch="false" />
            <line number="375" hits="10000" branch="false" />
            <line number="376" hits="10000" branch="false" />
            <line number="377" hits="200" branch="false" />
            <line number="380" hits="202" branch="true" condition-coverage="100% (2/2)" />
            <line number="381" hits="100" branch="false" />
            <line number="382" hits="6800" branch="true" condition-coverage="100% (2/2)" />
            <line number="383" hits="3300" branch="false" />
            <line number="384" hits="3300" branch="false" />
            <line number="385" hits="3300" branch="false" />
            <line number="386" hits="3300" branch="false" />
            <line number="387" hits="3300" branch="false" />
            <line number="388" hits="100" branch="false" />
            <line number="391" hits="402" branch="true" condition-coverage="100% (2/2)" />
            <line number="392" hits="200" branch="false" />
            <line number="393" hits="200" branch="false" />
            <line number="394" hits="200" branch="false" />
            <line number="395" hits="200" branch="false" />
            <line number="396" hits="1" branch="false" />
          </lines>
        </class>
        <class name="PS2GradingTests.DependencyGraphTest" filename="C:\Users\lucas\source\repos\spreadsheet-Saint-Luke\spreadsheet-Saint-Luke-main\Spreadsheet\DependencyGraphTests\PS2GradingTests.cs" line-rate="1" branch-rate="0.73728813559322" complexity="154">
          <methods>
            <method name="TestZeroSize" signature="()" line-rate="1" branch-rate="1" complexity="1">
              <lines>
                <line number="27" hits="1" branch="false" />
                <line number="28" hits="1" branch="false" />
                <line number="29" hits="1" branch="false" />
                <line number="30" hits="1" branch="false" />
              </lines>
            </method>
            <method name="TestNoDepends" signature="()" line-rate="1" branch-rate="1" complexity="1">
              <lines>
                <line number="38" hits="1" branch="false" />
                <line number="39" hits="1" branch="false" />
                <line number="40" hits="1" branch="false" />
                <line number="41" hits="1" branch="false" />
                <line number="42" hits="1" branch="false" />
              </lines>
            </method>
            <method name="TestEmptyEnumerator" signature="()" line-rate="1" branch-rate="1" complexity="1">
              <lines>
                <line number="50" hits="1" branch="false" />
                <line number="51" hits="1" branch="false" />
                <line number="52" hits="1" branch="false" />
                <line number="53" hits="1" branch="false" />
                <line number="54" hits="1" branch="false" />
              </lines>
            </method>
            <method name="TestEmptyIndexer" signature="()" line-rate="1" branch-rate="1" complexity="1">
              <lines>
                <line number="62" hits="1" branch="false" />
                <line number="63" hits="1" branch="false" />
                <line number="64" hits="1" branch="false" />
                <line number="65" hits="1" branch="false" />
              </lines>
            </method>
            <method name="TestRemoveFromEmpty" signature="()" line-rate="1" branch-rate="1" complexity="1">
              <lines>
                <line number="73" hits="1" branch="false" />
                <line number="74" hits="1" branch="false" />
                <line number="75" hits="1" branch="false" />
                <line number="76" hits="1" branch="false" />
              </lines>
            </method>
            <method name="TestReplaceEmpty" signature="()" line-rate="1" branch-rate="1" complexity="1">
              <lines>
                <line number="84" hits="1" branch="false" />
                <line number="85" hits="1" branch="false" />
                <line number="86" hits="1" branch="false" />
                <line number="87" hits="1" branch="false" />
                <line number="88" hits="1" branch="false" />
              </lines>
            </method>
            <method name="TestAddRemoveEmpty" signature="()" line-rate="1" branch-rate="1" complexity="1">
              <lines>
                <line number="99" hits="1" branch="false" />
                <line number="100" hits="1" branch="false" />
                <line number="101" hits="1" branch="false" />
                <line number="102" hits="1" branch="false" />
                <line number="103" hits="1" branch="false" />
                <line number="104" hits="1" branch="false" />
                <line number="105" hits="1" branch="false" />
              </lines>
            </method>
            <method name="TestAddRemoveEmpty2" signature="()" line-rate="1" branch-rate="1" complexity="1">
              <lines>
                <line number="113" hits="1" branch="false" />
                <line number="114" hits="1" branch="false" />
                <line number="115" hits="1" branch="false" />
                <line number="116" hits="1" branch="false" />
                <line number="117" hits="1" branch="false" />
                <line number="118" hits="1" branch="false" />
                <line number="119" hits="1" branch="false" />
                <line number="120" hits="1" branch="false" />
                <line number="121" hits="1" branch="false" />
              </lines>
            </method>
            <method name="TestComplexAddRemoveEmpty" signature="()" line-rate="1" branch-rate="1" complexity="1">
              <lines>
                <line number="129" hits="1" branch="false" />
                <line number="130" hits="1" branch="false" />
                <line number="131" hits="1" branch="false" />
                <line number="132" hits="1" branch="false" />
                <line number="133" hits="1" branch="false" />
                <line number="134" hits="1" branch="false" />
                <line number="135" hits="1" branch="false" />
                <line number="136" hits="1" branch="false" />
                <line number="137" hits="1" branch="false" />
                <line number="138" hits="1" branch="false" />
                <line number="139" hits="1" branch="false" />
                <line number="140" hits="1" branch="false" />
                <line number="141" hits="1" branch="false" />
              </lines>
            </method>
            <method name="TestAddRemoveIndexerEmpty" signature="()" line-rate="1" branch-rate="1" complexity="1">
              <lines>
                <line number="149" hits="1" branch="false" />
                <line number="150" hits="1" branch="false" />
                <line number="151" hits="1" branch="false" />
                <line number="152" hits="1" branch="false" />
                <line number="153" hits="1" branch="false" />
                <line number="154" hits="1" branch="false" />
                <line number="155" hits="1" branch="false" />
              </lines>
            </method>
            <method name="TestRemoveTwice" signature="()" line-rate="1" branch-rate="1" complexity="1">
              <lines>
                <line number="163" hits="1" branch="false" />
                <line number="164" hits="1" branch="false" />
                <line number="165" hits="1" branch="false" />
                <line number="166" hits="1" branch="false" />
                <line number="167" hits="1" branch="false" />
                <line number="168" hits="1" branch="false" />
                <line number="169" hits="1" branch="false" />
              </lines>
            </method>
            <method name="TestRemoveReplace" signature="()" line-rate="1" branch-rate="1" complexity="1">
              <lines>
                <line number="177" hits="1" branch="false" />
                <line number="178" hits="1" branch="false" />
                <line number="179" hits="1" branch="false" />
                <line number="180" hits="1" branch="false" />
                <line number="181" hits="1" branch="false" />
                <line number="182" hits="1" branch="false" />
                <line number="183" hits="1" branch="false" />
                <line number="184" hits="1" branch="false" />
              </lines>
            </method>
            <method name="TestStatic1" signature="()" line-rate="1" branch-rate="1" complexity="1">
              <lines>
                <line number="195" hits="5" branch="false" />
                <line number="196" hits="5" branch="false" />
                <line number="197" hits="5" branch="false" />
                <line number="198" hits="5" branch="false" />
                <line number="199" hits="5" branch="false" />
                <line number="200" hits="5" branch="false" />
                <line number="201" hits="5" branch="false" />
              </lines>
            </method>
            <method name="TestStatic2" signature="()" line-rate="1" branch-rate="1" complexity="1">
              <lines>
                <line number="207" hits="1" branch="false" />
                <line number="208" hits="1" branch="false" />
                <line number="209" hits="1" branch="false" />
              </lines>
            </method>
            <method name="TestStatic3" signature="()" line-rate="1" branch-rate="1" complexity="1">
              <lines>
                <line number="214" hits="1" branch="false" />
                <line number="215" hits="1" branch="false" />
                <line number="216" hits="1" branch="false" />
              </lines>
            </method>
            <method name="TestStatic4" signature="()" line-rate="1" branch-rate="1" complexity="1">
              <lines>
                <line number="221" hits="1" branch="false" />
                <line number="222" hits="1" branch="false" />
                <line number="223" hits="1" branch="false" />
              </lines>
            </method>
            <method name="TestStatic5" signature="()" line-rate="1" branch-rate="1" complexity="1">
              <lines>
                <line number="228" hits="1" branch="false" />
                <line number="229" hits="1" branch="false" />
                <line number="230" hits="1" branch="false" />
              </lines>
            </method>
            <method name="TestSimpleSize" signature="()" line-rate="1" branch-rate="1" complexity="1">
              <lines>
                <line number="240" hits="1" branch="false" />
                <line number="241" hits="1" branch="false" />
                <line number="242" hits="1" branch="false" />
                <line number="243" hits="1" branch="false" />
                <line number="244" hits="1" branch="false" />
                <line number="245" hits="1" branch="false" />
                <line number="246" hits="1" branch="false" />
                <line number="247" hits="1" branch="false" />
              </lines>
            </method>
            <method name="TestSimpleIndexer" signature="()" line-rate="1" branch-rate="1" complexity="1">
              <lines>
                <line number="256" hits="1" branch="false" />
                <line number="257" hits="1" branch="false" />
                <line number="258" hits="1" branch="false" />
                <line number="259" hits="1" branch="false" />
                <line number="260" hits="1" branch="false" />
                <line number="261" hits="1" branch="false" />
                <line number="262" hits="1" branch="false" />
                <line number="263" hits="1" branch="false" />
              </lines>
            </method>
            <method name="TestSimpleHasDeps" signature="()" line-rate="1" branch-rate="1" complexity="1">
              <lines>
                <line number="271" hits="1" branch="false" />
                <line number="272" hits="1" branch="false" />
                <line number="273" hits="1" branch="false" />
                <line number="274" hits="1" branch="false" />
                <line number="275" hits="1" branch="false" />
                <line number="276" hits="1" branch="false" />
                <line number="277" hits="1" branch="false" />
                <line number="278" hits="1" branch="false" />
                <line number="279" hits="1" branch="false" />
                <line number="280" hits="1" branch="false" />
                <line number="281" hits="1" branch="false" />
              </lines>
            </method>
            <method name="TestSimpleEnumerator" signature="()" line-rate="1" branch-rate="0.333333333333333" complexity="6">
              <lines>
                <line number="289" hits="1" branch="false" />
                <line number="290" hits="1" branch="false" />
                <line number="291" hits="1" branch="false" />
                <line number="292" hits="1" branch="false" />
                <line number="293" hits="1" branch="false" />
                <line number="294" hits="1" branch="false" />
                <line number="296" hits="1" branch="false" />
                <line number="297" hits="1" branch="false" />
                <line number="299" hits="1" branch="false" />
                <line number="300" hits="1" branch="false" />
                <line number="301" hits="1" branch="false" />
                <line number="302" hits="1" branch="false" />
                <line number="303" hits="1" branch="false" />
                <line number="304" hits="1" branch="false" />
                <line number="305" hits="1" branch="true" condition-coverage="33% (2/6)" />
                <line number="307" hits="1" branch="false" />
                <line number="308" hits="1" branch="false" />
                <line number="309" hits="1" branch="false" />
                <line number="310" hits="1" branch="false" />
                <line number="312" hits="1" branch="false" />
                <line number="313" hits="1" branch="false" />
                <line number="314" hits="1" branch="false" />
                <line number="315" hits="1" branch="false" />
                <line number="316" hits="1" branch="false" />
              </lines>
            </method>
            <method name="TestSimpleEnumerator2" signature="()" line-rate="1" branch-rate="0.333333333333333" complexity="6">
              <lines>
                <line number="324" hits="1" branch="false" />
                <line number="325" hits="1" branch="false" />
                <line number="326" hits="1" branch="false" />
                <line number="327" hits="1" branch="false" />
                <line number="328" hits="1" branch="false" />
                <line number="329" hits="1" branch="false" />
                <line number="331" hits="1" branch="false" />
                <line number="332" hits="1" branch="false" />
                <line number="333" hits="1" branch="false" />
                <line number="334" hits="1" branch="false" />
                <line number="335" hits="1" branch="false" />
                <line number="336" hits="1" branch="false" />
                <line number="337" hits="1" branch="true" condition-coverage="33% (2/6)" />
                <line number="339" hits="1" branch="false" />
                <line number="340" hits="1" branch="false" />
                <line number="341" hits="1" branch="false" />
                <line number="342" hits="1" branch="false" />
                <line number="344" hits="1" branch="false" />
                <line number="345" hits="1" branch="false" />
                <line number="346" hits="1" branch="false" />
                <line number="347" hits="1" branch="false" />
                <line number="349" hits="1" branch="false" />
                <line number="350" hits="1" branch="false" />
                <line number="351" hits="1" branch="false" />
              </lines>
            </method>
            <method name="TestDuplicatesSize" signature="()" line-rate="1" branch-rate="1" complexity="1">
              <lines>
                <line number="359" hits="1" branch="false" />
                <line number="360" hits="1" branch="false" />
                <line number="361" hits="1" branch="false" />
                <line number="362" hits="1" branch="false" />
                <line number="363" hits="1" branch="false" />
                <line number="364" hits="1" branch="false" />
                <line number="365" hits="1" branch="false" />
                <line number="366" hits="1" branch="false" />
                <line number="367" hits="1" branch="false" />
                <line number="368" hits="1" branch="false" />
              </lines>
            </method>
            <method name="TestDuplicatesIndexer" signature="()" line-rate="1" branch-rate="1" complexity="1">
              <lines>
                <line number="376" hits="1" branch="false" />
                <line number="377" hits="1" branch="false" />
                <line number="378" hits="1" branch="false" />
                <line number="379" hits="1" branch="false" />
                <line number="380" hits="1" branch="false" />
                <line number="381" hits="1" branch="false" />
                <line number="382" hits="1" branch="false" />
                <line number="383" hits="1" branch="false" />
                <line number="384" hits="1" branch="false" />
                <line number="385" hits="1" branch="false" />
              </lines>
            </method>
            <method name="TestDuplicatesDeps" signature="()" line-rate="1" branch-rate="1" complexity="1">
              <lines>
                <line number="393" hits="1" branch="false" />
                <line number="394" hits="1" branch="false" />
                <line number="395" hits="1" branch="false" />
                <line number="396" hits="1" branch="false" />
                <line number="397" hits="1" branch="false" />
                <line number="398" hits="1" branch="false" />
                <line number="399" hits="1" branch="false" />
                <line number="400" hits="1" branch="false" />
                <line number="401" hits="1" branch="false" />
                <line number="402" hits="1" branch="false" />
                <line number="403" hits="1" branch="false" />
                <line number="404" hits="1" branch="false" />
                <line number="405" hits="1" branch="false" />
              </lines>
            </method>
            <method name="TestDuplicatesEnumerator" signature="()" line-rate="1" branch-rate="0.333333333333333" complexity="6">
              <lines>
                <line number="413" hits="1" branch="false" />
                <line number="414" hits="1" branch="false" />
                <line number="415" hits="1" branch="false" />
                <line number="416" hits="1" branch="false" />
                <line number="417" hits="1" branch="false" />
                <line number="418" hits="1" branch="false" />
                <line number="419" hits="1" branch="false" />
                <line number="420" hits="1" branch="false" />
                <line number="422" hits="1" branch="false" />
                <line number="423" hits="1" branch="false" />
                <line number="425" hits="1" branch="false" />
                <line number="426" hits="1" branch="false" />
                <line number="427" hits="1" branch="false" />
                <line number="428" hits="1" branch="false" />
                <line number="429" hits="1" branch="false" />
                <line number="430" hits="1" branch="false" />
                <line number="431" hits="1" branch="true" condition-coverage="33% (2/6)" />
                <line number="433" hits="1" branch="false" />
                <line number="434" hits="1" branch="false" />
                <line number="435" hits="1" branch="false" />
                <line number="436" hits="1" branch="false" />
                <line number="438" hits="1" branch="false" />
                <line number="439" hits="1" branch="false" />
                <line number="440" hits="1" branch="false" />
                <line number="441" hits="1" branch="false" />
                <line number="442" hits="1" branch="false" />
              </lines>
            </method>
            <method name="TestDuplicatesEnumerator2" signature="()" line-rate="1" branch-rate="0.333333333333333" complexity="6">
              <lines>
                <line number="450" hits="1" branch="false" />
                <line number="451" hits="1" branch="false" />
                <line number="452" hits="1" branch="false" />
                <line number="453" hits="1" branch="false" />
                <line number="454" hits="1" branch="false" />
                <line number="455" hits="1" branch="false" />
                <line number="456" hits="1" branch="false" />
                <line number="457" hits="1" branch="false" />
                <line number="459" hits="1" branch="false" />
                <line number="460" hits="1" branch="false" />
                <line number="461" hits="1" branch="false" />
                <line number="462" hits="1" branch="false" />
                <line number="463" hits="1" branch="false" />
                <line number="464" hits="1" branch="false" />
                <line number="465" hits="1" branch="true" condition-coverage="33% (2/6)" />
                <line number="467" hits="1" branch="false" />
                <line number="468" hits="1" branch="false" />
                <line number="469" hits="1" branch="false" />
                <line number="470" hits="1" branch="false" />
                <line number="472" hits="1" branch="false" />
                <line number="473" hits="1" branch="false" />
                <line number="474" hits="1" branch="false" />
                <line number="475" hits="1" branch="false" />
                <line number="477" hits="1" branch="false" />
                <line number="478" hits="1" branch="false" />
                <line number="479" hits="1" branch="false" />
              </lines>
            </method>
            <method name="TestComplexAddRemove" signature="()" line-rate="1" branch-rate="1" complexity="1">
              <lines>
                <line number="488" hits="1" branch="false" />
                <line number="489" hits="1" branch="false" />
                <line number="490" hits="1" branch="false" />
                <line number="491" hits="1" branch="false" />
                <line number="492" hits="1" branch="false" />
                <line number="493" hits="1" branch="false" />
                <line number="494" hits="1" branch="false" />
                <line number="495" hits="1" branch="false" />
                <line number="496" hits="1" branch="false" />
                <line number="497" hits="1" branch="false" />
                <line number="498" hits="1" branch="false" />
                <line number="499" hits="1" branch="false" />
                <line number="500" hits="1" branch="false" />
                <line number="501" hits="1" branch="false" />
              </lines>
            </method>
            <method name="TestAddRemoveIndexer" signature="()" line-rate="1" branch-rate="1" complexity="1">
              <lines>
                <line number="509" hits="1" branch="false" />
                <line number="510" hits="1" branch="false" />
                <line number="511" hits="1" branch="false" />
                <line number="512" hits="1" branch="false" />
                <line number="513" hits="1" branch="false" />
                <line number="514" hits="1" branch="false" />
                <line number="515" hits="1" branch="false" />
                <line number="516" hits="1" branch="false" />
                <line number="517" hits="1" branch="false" />
                <line number="518" hits="1" branch="false" />
                <line number="519" hits="1" branch="false" />
                <line number="520" hits="1" branch="false" />
                <line number="521" hits="1" branch="false" />
                <line number="522" hits="1" branch="false" />
              </lines>
            </method>
            <method name="TestAddRemoveDeps" signature="()" line-rate="1" branch-rate="1" complexity="1">
              <lines>
                <line number="530" hits="1" branch="false" />
                <line number="531" hits="1" branch="false" />
                <line number="532" hits="1" branch="false" />
                <line number="533" hits="1" branch="false" />
                <line number="534" hits="1" branch="false" />
                <line number="535" hits="1" branch="false" />
                <line number="536" hits="1" branch="false" />
                <line number="537" hits="1" branch="false" />
                <line number="538" hits="1" branch="false" />
                <line number="539" hits="1" branch="false" />
                <line number="540" hits="1" branch="false" />
                <line number="541" hits="1" branch="false" />
                <line number="542" hits="1" branch="false" />
                <line number="543" hits="1" branch="false" />
                <line number="544" hits="1" branch="false" />
                <line number="545" hits="1" branch="false" />
                <line number="546" hits="1" branch="false" />
              </lines>
            </method>
            <method name="TestComplexEnumerator" signature="()" line-rate="1" branch-rate="0.333333333333333" complexity="6">
              <lines>
                <line number="555" hits="1" branch="false" />
                <line number="556" hits="1" branch="false" />
                <line number="557" hits="1" branch="false" />
                <line number="558" hits="1" branch="false" />
                <line number="559" hits="1" branch="false" />
                <line number="560" hits="1" branch="false" />
                <line number="561" hits="1" branch="false" />
                <line number="562" hits="1" branch="false" />
                <line number="563" hits="1" branch="false" />
                <line number="564" hits="1" branch="false" />
                <line number="565" hits="1" branch="false" />
                <line number="566" hits="1" branch="false" />
                <line number="568" hits="1" branch="false" />
                <line number="569" hits="1" branch="false" />
                <line number="571" hits="1" branch="false" />
                <line number="572" hits="1" branch="false" />
                <line number="573" hits="1" branch="false" />
                <line number="574" hits="1" branch="false" />
                <line number="575" hits="1" branch="false" />
                <line number="576" hits="1" branch="false" />
                <line number="577" hits="1" branch="true" condition-coverage="33% (2/6)" />
                <line number="579" hits="1" branch="false" />
                <line number="580" hits="1" branch="false" />
                <line number="581" hits="1" branch="false" />
                <line number="582" hits="1" branch="false" />
                <line number="584" hits="1" branch="false" />
                <line number="585" hits="1" branch="false" />
                <line number="586" hits="1" branch="false" />
                <line number="587" hits="1" branch="false" />
                <line number="588" hits="1" branch="false" />
              </lines>
            </method>
            <method name="TestComplexEnumerator2" signature="()" line-rate="1" branch-rate="0.333333333333333" complexity="6">
              <lines>
                <line number="596" hits="1" branch="false" />
                <line number="597" hits="1" branch="false" />
                <line number="598" hits="1" branch="false" />
                <line number="599" hits="1" branch="false" />
                <line number="600" hits="1" branch="false" />
                <line number="601" hits="1" branch="false" />
                <line number="602" hits="1" branch="false" />
                <line number="603" hits="1" branch="false" />
                <line number="604" hits="1" branch="false" />
                <line number="605" hits="1" branch="false" />
                <line number="606" hits="1" branch="false" />
                <line number="607" hits="1" branch="false" />
                <line number="609" hits="1" branch="false" />
                <line number="610" hits="1" branch="false" />
                <line number="611" hits="1" branch="false" />
                <line number="612" hits="1" branch="false" />
                <line number="613" hits="1" branch="false" />
                <line number="614" hits="1" branch="false" />
                <line number="615" hits="1" branch="true" condition-coverage="33% (2/6)" />
                <line number="617" hits="1" branch="false" />
                <line number="618" hits="1" branch="false" />
[...]
            <line number="612" hits="1" branch="false" />
            <line number="613" hits="1" branch="false" />
            <line number="614" hits="1" branch="false" />
            <line number="615" hits="1" branch="true" condition-coverage="33% (2/6)" />
            <line number="617" hits="1" branch="false" />
            <line number="618" hits="1" branch="false" />
            <line number="619" hits="1" branch="false" />
            <line number="620" hits="1" branch="false" />
            <line number="622" hits="1" branch="false" />
            <line number="623" hits="1" branch="false" />
            <line number="624" hits="1" branch="false" />
            <line number="625" hits="1" branch="false" />
            <line number="627" hits="1" branch="false" />
            <line number="628" hits="1" branch="false" />
            <line number="629" hits="1" branch="false" />
            <line number="637" hits="1" branch="false" />
            <line number="638" hits="1" branch="false" />
            <line number="640" hits="1" branch="false" />
            <line number="642" hits="1" branch="false" />
            <line number="643" hits="1" branch="false" />
            <line number="644" hits="1" branch="false" />
            <line number="652" hits="1" branch="false" />
            <line number="653" hits="1" branch="false" />
            <line number="654" hits="1" branch="false" />
            <line number="655" hits="1" branch="false" />
            <line number="656" hits="1" branch="false" />
            <line number="657" hits="1" branch="false" />
            <line number="658" hits="1" branch="false" />
            <line number="659" hits="1" branch="false" />
            <line number="660" hits="1" branch="false" />
            <line number="661" hits="1" branch="false" />
            <line number="662" hits="1" branch="false" />
            <line number="663" hits="1" branch="false" />
            <line number="671" hits="1" branch="false" />
            <line number="672" hits="1" branch="false" />
            <line number="673" hits="1" branch="false" />
            <line number="674" hits="1" branch="false" />
            <line number="675" hits="1" branch="false" />
            <line number="676" hits="1" branch="false" />
            <line number="677" hits="1" branch="false" />
            <line number="678" hits="1" branch="false" />
            <line number="679" hits="1" branch="false" />
            <line number="680" hits="1" branch="false" />
            <line number="681" hits="1" branch="false" />
            <line number="682" hits="1" branch="false" />
            <line number="690" hits="1" branch="false" />
            <line number="691" hits="1" branch="false" />
            <line number="692" hits="1" branch="false" />
            <line number="693" hits="1" branch="false" />
            <line number="694" hits="1" branch="false" />
            <line number="695" hits="1" branch="false" />
            <line number="696" hits="1" branch="false" />
            <line number="697" hits="1" branch="false" />
            <line number="698" hits="1" branch="false" />
            <line number="699" hits="1" branch="false" />
            <line number="700" hits="1" branch="false" />
            <line number="701" hits="1" branch="false" />
            <line number="702" hits="1" branch="false" />
            <line number="703" hits="1" branch="false" />
            <line number="704" hits="1" branch="false" />
            <line number="712" hits="1" branch="false" />
            <line number="713" hits="1" branch="false" />
            <line number="714" hits="1" branch="false" />
            <line number="715" hits="1" branch="false" />
            <line number="716" hits="1" branch="false" />
            <line number="717" hits="1" branch="false" />
            <line number="718" hits="1" branch="false" />
            <line number="719" hits="1" branch="false" />
            <line number="720" hits="1" branch="false" />
            <line number="721" hits="1" branch="false" />
            <line number="723" hits="1" branch="false" />
            <line number="724" hits="1" branch="false" />
            <line number="726" hits="1" branch="false" />
            <line number="727" hits="1" branch="false" />
            <line number="728" hits="1" branch="false" />
            <line number="729" hits="1" branch="false" />
            <line number="730" hits="1" branch="false" />
            <line number="731" hits="1" branch="false" />
            <line number="732" hits="1" branch="true" condition-coverage="33% (2/6)" />
            <line number="734" hits="1" branch="false" />
            <line number="735" hits="1" branch="false" />
            <line number="736" hits="1" branch="false" />
            <line number="737" hits="1" branch="false" />
            <line number="739" hits="1" branch="false" />
            <line number="740" hits="1" branch="false" />
            <line number="741" hits="1" branch="false" />
            <line number="742" hits="1" branch="false" />
            <line number="743" hits="1" branch="false" />
            <line number="751" hits="1" branch="false" />
            <line number="752" hits="1" branch="false" />
            <line number="753" hits="1" branch="false" />
            <line number="754" hits="1" branch="false" />
            <line number="755" hits="1" branch="false" />
            <line number="756" hits="1" branch="false" />
            <line number="757" hits="1" branch="false" />
            <line number="758" hits="1" branch="false" />
            <line number="759" hits="1" branch="false" />
            <line number="760" hits="1" branch="false" />
            <line number="762" hits="1" branch="false" />
            <line number="763" hits="1" branch="false" />
            <line number="764" hits="1" branch="false" />
            <line number="765" hits="1" branch="false" />
            <line number="766" hits="1" branch="false" />
            <line number="767" hits="1" branch="false" />
            <line number="768" hits="1" branch="true" condition-coverage="50% (3/6)" />
            <line number="770" hits="1" branch="false" />
            <line number="771" hits="1" branch="false" />
            <line number="772" hits="1" branch="false" />
            <line number="773" hits="1" branch="false" />
            <line number="775" hits="1" branch="false" />
            <line number="776" hits="1" branch="false" />
            <line number="777" hits="1" branch="false" />
            <line number="778" hits="1" branch="false" />
            <line number="780" hits="1" branch="false" />
            <line number="781" hits="1" branch="false" />
            <line number="782" hits="1" branch="false" />
            <line number="792" hits="3" branch="false" />
            <line number="794" hits="3" branch="false" />
            <line number="798" hits="3" branch="false" />
            <line number="799" hits="1206" branch="true" condition-coverage="100% (2/2)" />
            <line number="800" hits="600" branch="false" />
            <line number="801" hits="600" branch="false" />
            <line number="802" hits="600" branch="false" />
            <line number="805" hits="3" branch="false" />
            <line number="806" hits="3" branch="false" />
            <line number="807" hits="1206" branch="true" condition-coverage="100% (2/2)" />
            <line number="808" hits="600" branch="false" />
            <line number="809" hits="600" branch="false" />
            <line number="810" hits="600" branch="false" />
            <line number="811" hits="600" branch="false" />
            <line number="814" hits="1206" branch="true" condition-coverage="100% (2/2)" />
            <line number="815" hits="600" branch="false" />
            <line number="816" hits="120600" branch="true" condition-coverage="100% (2/2)" />
            <line number="817" hits="59700" branch="false" />
            <line number="818" hits="59700" branch="false" />
            <line number="819" hits="59700" branch="false" />
            <line number="820" hits="59700" branch="false" />
            <line number="821" hits="59700" branch="false" />
            <line number="822" hits="600" branch="false" />
            <line number="825" hits="1206" branch="true" condition-coverage="100% (2/2)" />
            <line number="826" hits="600" branch="false" />
            <line number="827" hits="30600" branch="true" condition-coverage="100% (2/2)" />
            <line number="828" hits="14700" branch="false" />
            <line number="829" hits="14700" branch="false" />
            <line number="830" hits="14700" branch="false" />
            <line number="831" hits="14700" branch="false" />
            <line number="832" hits="14700" branch="false" />
            <line number="833" hits="600" branch="false" />
            <line number="836" hits="1206" branch="true" condition-coverage="100% (2/2)" />
            <line number="837" hits="600" branch="false" />
            <line number="838" hits="61200" branch="true" condition-coverage="100% (2/2)" />
            <line number="839" hits="30000" branch="false" />
            <line number="840" hits="30000" branch="false" />
            <line number="841" hits="30000" branch="false" />
            <line number="842" hits="30000" branch="false" />
            <line number="843" hits="30000" branch="false" />
            <line number="844" hits="600" branch="false" />
            <line number="847" hits="606" branch="true" condition-coverage="100% (2/2)" />
            <line number="848" hits="300" branch="false" />
            <line number="849" hits="20400" branch="true" condition-coverage="100% (2/2)" />
            <line number="850" hits="9900" branch="false" />
            <line number="851" hits="9900" branch="false" />
            <line number="852" hits="9900" branch="false" />
            <line number="853" hits="9900" branch="false" />
            <line number="854" hits="9900" branch="false" />
            <line number="855" hits="300" branch="false" />
            <line number="858" hits="1206" branch="true" condition-coverage="100% (2/2)" />
            <line number="859" hits="600" branch="false" />
            <line number="860" hits="600" branch="false" />
            <line number="861" hits="600" branch="false" />
            <line number="862" hits="600" branch="false" />
            <line number="863" hits="3" branch="false" />
            <line number="868" hits="1" branch="false" />
            <line number="869" hits="1" branch="false" />
            <line number="870" hits="1" branch="false" />
            <line number="874" hits="1" branch="false" />
            <line number="875" hits="1" branch="false" />
            <line number="876" hits="1" branch="false" />
            <line number="886" hits="3" branch="false" />
            <line number="888" hits="3" branch="false" />
            <line number="892" hits="3" branch="false" />
            <line number="893" hits="2406" branch="true" condition-coverage="100% (2/2)" />
            <line number="894" hits="1200" branch="false" />
            <line number="895" hits="1200" branch="false" />
            <line number="896" hits="1200" branch="false" />
            <line number="899" hits="3" branch="false" />
            <line number="900" hits="3" branch="false" />
            <line number="901" hits="2406" branch="true" condition-coverage="100% (2/2)" />
            <line number="902" hits="1200" branch="false" />
            <line number="903" hits="1200" branch="false" />
            <line number="904" hits="1200" branch="false" />
            <line number="905" hits="1200" branch="false" />
            <line number="908" hits="2406" branch="true" condition-coverage="100% (2/2)" />
            <line number="909" hits="1200" branch="false" />
            <line number="910" hits="481200" branch="true" condition-coverage="100% (2/2)" />
            <line number="911" hits="239400" branch="false" />
            <line number="912" hits="239400" branch="false" />
            <line number="913" hits="239400" branch="false" />
            <line number="914" hits="239400" branch="false" />
            <line number="915" hits="239400" branch="false" />
            <line number="916" hits="1200" branch="false" />
            <line number="919" hits="2406" branch="true" condition-coverage="100% (2/2)" />
            <line number="920" hits="1200" branch="false" />
            <line number="921" hits="162000" branch="true" condition-coverage="100% (2/2)" />
            <line number="922" hits="79800" branch="false" />
            <line number="923" hits="79800" branch="false" />
            <line number="924" hits="79800" branch="false" />
            <line number="925" hits="79800" branch="false" />
            <line number="926" hits="79800" branch="false" />
            <line number="927" hits="1200" branch="false" />
            <line number="930" hits="1206" branch="true" condition-coverage="100% (2/2)" />
            <line number="931" hits="600" branch="false" />
            <line number="932" hits="600" branch="false" />
            <line number="933" hits="97200" branch="true" condition-coverage="100% (2/2)" />
            <line number="934" hits="48000" branch="false" />
            <line number="935" hits="48000" branch="false" />
            <line number="936" hits="48000" branch="false" />
            <line number="937" hits="600" branch="false" />
            <line number="939" hits="161802" branch="true" condition-coverage="100% (2/2)" />
            <line number="940" hits="80001" branch="false" />
            <line number="941" hits="80001" branch="false" />
            <line number="942" hits="80001" branch="false" />
            <line number="944" hits="97800" branch="true" condition-coverage="100% (2/2)" />
            <line number="945" hits="48000" branch="false" />
            <line number="946" hits="48000" branch="false" />
            <line number="947" hits="48000" branch="false" />
            <line number="949" hits="600" branch="false" />
            <line number="950" hits="600" branch="false" />
            <line number="953" hits="2406" branch="true" condition-coverage="100% (2/2)" />
            <line number="954" hits="1200" branch="false" />
            <line number="955" hits="1200" branch="false" />
            <line number="958" hits="1200" branch="false" />
            <line number="959" hits="1200" branch="false" />
            <line number="960" hits="3" branch="false" />
            <line number="965" hits="1" branch="false" />
            <line number="966" hits="1" branch="false" />
            <line number="967" hits="1" branch="false" />
            <line number="971" hits="1" branch="false" />
            <line number="972" hits="1" branch="false" />
            <line number="973" hits="1" branch="false" />
            <line number="983" hits="3" branch="false" />
            <line number="985" hits="3" branch="false" />
            <line number="989" hits="3" branch="false" />
            <line number="990" hits="6006" branch="true" condition-coverage="100% (2/2)" />
            <line number="991" hits="3000" branch="false" />
            <line number="992" hits="3000" branch="false" />
            <line number="993" hits="3000" branch="false" />
            <line number="996" hits="3" branch="false" />
            <line number="997" hits="3" branch="false" />
            <line number="998" hits="6006" branch="true" condition-coverage="100% (2/2)" />
            <line number="999" hits="3000" branch="false" />
            <line number="1000" hits="3000" branch="false" />
            <line number="1001" hits="3000" branch="false" />
            <line number="1002" hits="3000" branch="false" />
            <line number="1005" hits="6006" branch="true" condition-coverage="100% (2/2)" />
            <line number="1006" hits="3000" branch="false" />
            <line number="1007" hits="3003000" branch="true" condition-coverage="100% (2/2)" />
            <line number="1008" hits="1498500" branch="false" />
            <line number="1009" hits="1498500" branch="false" />
            <line number="1010" hits="1498500" branch="false" />
            <line number="1011" hits="1498500" branch="false" />
            <line number="1012" hits="1498500" branch="false" />
            <line number="1013" hits="3000" branch="false" />
            <line number="1015" hits="6006" branch="true" condition-coverage="100% (2/2)" />
            <line number="1016" hits="3000" branch="false" />
            <line number="1017" hits="3000" branch="false" />
            <line number="1018" hits="3000" branch="false" />
            <line number="1019" hits="3000" branch="false" />
            <line number="1022" hits="6006" branch="true" condition-coverage="100% (2/2)" />
            <line number="1023" hits="3000" branch="false" />
            <line number="1024" hits="1005000" branch="true" condition-coverage="100% (2/2)" />
            <line number="1025" hits="499500" branch="false" />
            <line number="1026" hits="499500" branch="false" />
            <line number="1027" hits="499500" branch="false" />
            <line number="1028" hits="499500" branch="false" />
            <line number="1029" hits="499500" branch="false" />
            <line number="1030" hits="3000" branch="false" />
            <line number="1032" hits="6006" branch="true" condition-coverage="100% (2/2)" />
            <line number="1033" hits="3000" branch="false" />
            <line number="1034" hits="3000" branch="false" />
            <line number="1035" hits="3000" branch="false" />
            <line number="1036" hits="3000" branch="false" />
            <line number="1039" hits="3006" branch="true" condition-coverage="100% (2/2)" />
            <line number="1040" hits="1500" branch="false" />
            <line number="1041" hits="1500" branch="false" />
            <line number="1042" hits="339000" branch="true" condition-coverage="100% (2/2)" />
            <line number="1043" hits="168000" branch="false" />
            <line number="1044" hits="168000" branch="false" />
            <line number="1045" hits="168000" branch="false" />
            <line number="1046" hits="1500" branch="false" />
            <line number="1048" hits="1002498" branch="true" condition-coverage="100% (2/2)" />
            <line number="1049" hits="498999" branch="false" />
            <line number="1050" hits="498999" branch="false" />
            <line number="1051" hits="498999" branch="false" />
            <line number="1053" hits="340500" branch="true" condition-coverage="100% (2/2)" />
            <line number="1054" hits="168000" branch="false" />
            <line number="1055" hits="168000" branch="false" />
            <line number="1056" hits="168000" branch="false" />
            <line number="1058" hits="1500" branch="false" />
            <line number="1059" hits="1500" branch="false" />
            <line number="1062" hits="6006" branch="true" condition-coverage="100% (2/2)" />
            <line number="1063" hits="3000" branch="false" />
            <line number="1064" hits="3000" branch="false" />
            <line number="1065" hits="3000" branch="false" />
            <line number="1066" hits="3000" branch="false" />
            <line number="1067" hits="3" branch="false" />
            <line number="1072" hits="1" branch="false" />
            <line number="1073" hits="1" branch="false" />
            <line number="1074" hits="1" branch="false" />
            <line number="1078" hits="1" branch="false" />
            <line number="1079" hits="1" branch="false" />
            <line number="1080" hits="1" branch="false" />
          </lines>
        </class>
      </classes>
    </package>
  </packages>
</coverage>