<?xml version="1.0" encoding="utf-8"?>
<!DOCTYPE coverage SYSTEM "http://cobertura.sourceforge.net/xml/coverage-04.dtd">
<coverage line-rate="0.883275261324042" branch-rate="0.766187050359712" lines-covered="1014" lines-valid="1148" branches-covered="213" branches-valid="278" complexity="369" version="0" timestamp="1676024597">
  <sources>
    <source>C:\Users\lucas\</source>
  </sources>
  <packages>
    <package name="DependencyGraph" line-rate="0.478723404255319" branch-rate="0.4" complexity="42">
      <classes>
        <class name="SpreadsheetUtilities.DependencyGraph" filename="C:\Users\lucas\source\repos\spreadsheet-Saint-Luke\spreadsheet-Saint-Luke-main\Spreadsheet\DependencyGraph\DependencyGraph.cs" line-rate="0.478723404255319" branch-rate="0.4" complexity="42">
          <methods>
            <method name="get_Size" signature="()" line-rate="0" branch-rate="1" complexity="1">
              <lines>
                <line number="65" hits="0" branch="false" />
              </lines>
            </method>
            <method name="get_Item" signature="(...)" line-rate="0" branch-rate="0" complexity="2">
              <lines>
                <line number="79" hits="0" branch="false" />
                <line number="81" hits="0" branch="true" condition-coverage="0% (0/2)" />
                <line number="82" hits="0" branch="false" />
                <line number="84" hits="0" branch="false" />
                <line number="85" hits="0" branch="false" />
              </lines>
            </method>
            <method name="HasDependents" signature="(...)" line-rate="0" branch-rate="0" complexity="4">
              <lines>
                <line number="93" hits="0" branch="false" />
                <line number="95" hits="0" branch="true" condition-coverage="0% (0/2)" />
                <line number="96" hits="0" branch="false" />
                <line number="97" hits="0" branch="true" condition-coverage="0% (0/2)" />
                <line number="98" hits="0" branch="false" />
                <line number="99" hits="0" branch="false" />
                <line number="101" hits="0" branch="false" />
                <line number="103" hits="0" branch="false" />
              </lines>
            </method>
            <method name="HasDependees" signature="(...)" line-rate="0" branch-rate="0" complexity="4">
              <lines>
                <line number="110" hits="0" branch="false" />
                <line number="112" hits="0" branch="true" condition-coverage="0% (0/2)" />
                <line number="113" hits="0" branch="false" />
                <line number="114" hits="0" branch="true" condition-coverage="0% (0/2)" />
                <line number="115" hits="0" branch="false" />
                <line number="116" hits="0" branch="false" />
                <line number="118" hits="0" branch="false" />
                <line number="120" hits="0" branch="false" />
              </lines>
            </method>
            <method name="GetDependents" signature="(...)" line-rate="1" branch-rate="1" complexity="2">
              <lines>
                <line number="127" hits="231168" branch="false" />
                <line number="129" hits="231168" branch="true" condition-coverage="100% (2/2)" />
                <line number="130" hits="229401" branch="false" />
                <line number="131" hits="1767" branch="false" />
                <line number="133" hits="231168" branch="false" />
              </lines>
            </method>
            <method name="GetDependees" signature="(...)" line-rate="0" branch-rate="0" complexity="2">
              <lines>
                <line number="139" hits="0" branch="false" />
                <line number="141" hits="0" branch="true" condition-coverage="0% (0/2)" />
                <line number="142" hits="0" branch="false" />
                <line number="143" hits="0" branch="false" />
                <line number="144" hits="0" branch="false" />
              </lines>
            </method>
            <method name="AddDependency" signature="(...)" line-rate="1" branch-rate="1" complexity="8">
              <lines>
                <line number="158" hits="2683" branch="false" />
                <line number="160" hits="2683" branch="true" condition-coverage="100% (2/2)" />
                <line number="161" hits="1058" branch="false" />
                <line number="162" hits="1058" branch="true" condition-coverage="100% (2/2)" />
                <line number="163" hits="1058" branch="false" />
                <line number="164" hits="1058" branch="false" />
                <line number="165" hits="1058" branch="false" />
                <line number="166" hits="1058" branch="false" />
                <line number="167" hits="1058" branch="false" />
                <line number="169" hits="1625" branch="false" />
                <line number="170" hits="1625" branch="false" />
                <line number="171" hits="1625" branch="false" />
                <line number="172" hits="1625" branch="false" />
                <line number="187" hits="2683" branch="true" condition-coverage="100% (2/2)" />
                <line number="188" hits="1074" branch="false" />
                <line number="189" hits="1074" branch="true" condition-coverage="100% (2/2)" />
                <line number="190" hits="1074" branch="false" />
                <line number="191" hits="1074" branch="false" />
                <line number="193" hits="1609" branch="false" />
                <line number="195" hits="2683" branch="false" />
              </lines>
            </method>
            <method name="RemoveDependency" signature="(...)" line-rate="0" branch-rate="0" complexity="6">
              <lines>
                <line number="204" hits="0" branch="false" />
                <line number="207" hits="0" branch="true" condition-coverage="0% (0/2)" />
                <line number="208" hits="0" branch="false" />
                <line number="210" hits="0" branch="true" condition-coverage="0% (0/2)" />
                <line number="211" hits="0" branch="false" />
                <line number="213" hits="0" branch="true" condition-coverage="0% (0/2)" />
                <line number="214" hits="0" branch="false" />
                <line number="216" hits="0" branch="false" />
                <line number="217" hits="0" branch="false" />
              </lines>
            </method>
            <method name="ReplaceDependents" signature="(...)" line-rate="0" branch-rate="0" complexity="6">
              <lines>
                <line number="225" hits="0" branch="false" />
                <line number="227" hits="0" branch="true" condition-coverage="0% (0/2)" />
                <line number="228" hits="0" branch="false" />
                <line number="231" hits="0" branch="true" condition-coverage="0% (0/2)" />
                <line number="232" hits="0" branch="false" />
                <line number="233" hits="0" branch="false" />
                <line number="234" hits="0" branch="false" />
                <line number="235" hits="0" branch="false" />
                <line number="238" hits="0" branch="false" />
                <line number="240" hits="0" branch="false" />
                <line number="241" hits="0" branch="true" condition-coverage="0% (0/2)" />
                <line number="242" hits="0" branch="false" />
                <line number="244" hits="0" branch="false" />
              </lines>
            </method>
            <method name="ReplaceDependees" signature="(...)" line-rate="1" branch-rate="1" complexity="6">
              <lines>
                <line number="252" hits="1652" branch="false" />
                <line number="254" hits="1652" branch="true" condition-coverage="100% (2/2)" />
                <line number="255" hits="17" branch="false" />
                <line number="257" hits="115" branch="true" condition-coverage="100% (2/2)" />
                <line number="258" hits="32" branch="false" />
                <line number="259" hits="32" branch="false" />
                <line number="260" hits="32" branch="false" />
                <line number="261" hits="32" branch="false" />
                <line number="262" hits="17" branch="false" />
                <line number="266" hits="17" branch="false" />
                <line number="267" hits="1652" branch="false" />
                <line number="268" hits="4335" branch="true" condition-coverage="100% (2/2)" />
                <line number="269" hits="2683" branch="false" />
                <line number="271" hits="1652" branch="false" />
              </lines>
            </method>
            <method name=".ctor" signature="()" line-rate="1" branch-rate="1" complexity="1">
              <lines>
                <line number="52" hits="99" branch="false" />
                <line number="53" hits="99" branch="false" />
                <line number="54" hits="99" branch="false" />
                <line number="55" hits="99" branch="false" />
                <line number="56" hits="99" branch="false" />
                <line number="57" hits="99" branch="false" />
              </lines>
            </method>
          </methods>
          <lines>
            <line number="52" hits="99" branch="false" />
            <line number="53" hits="99" branch="false" />
            <line number="54" hits="99" branch="false" />
            <line number="55" hits="99" branch="false" />
            <line number="56" hits="99" branch="false" />
            <line number="57" hits="99" branch="false" />
            <line number="65" hits="0" branch="false" />
            <line number="79" hits="0" branch="false" />
            <line number="81" hits="0" branch="true" condition-coverage="0% (0/2)" />
            <line number="82" hits="0" branch="false" />
            <line number="84" hits="0" branch="false" />
            <line number="85" hits="0" branch="false" />
            <line number="93" hits="0" branch="false" />
            <line number="95" hits="0" branch="true" condition-coverage="0% (0/2)" />
            <line number="96" hits="0" branch="false" />
            <line number="97" hits="0" branch="true" condition-coverage="0% (0/2)" />
            <line number="98" hits="0" branch="false" />
            <line number="99" hits="0" branch="false" />
            <line number="101" hits="0" branch="false" />
            <line number="103" hits="0" branch="false" />
            <line number="110" hits="0" branch="false" />
            <line number="112" hits="0" branch="true" condition-coverage="0% (0/2)" />
            <line number="113" hits="0" branch="false" />
            <line number="114" hits="0" branch="true" condition-coverage="0% (0/2)" />
            <line number="115" hits="0" branch="false" />
            <line number="116" hits="0" branch="false" />
            <line number="118" hits="0" branch="false" />
            <line number="120" hits="0" branch="false" />
            <line number="127" hits="231168" branch="false" />
            <line number="129" hits="231168" branch="true" condition-coverage="100% (2/2)" />
            <line number="130" hits="229401" branch="false" />
            <line number="131" hits="1767" branch="false" />
            <line number="133" hits="231168" branch="false" />
            <line number="139" hits="0" branch="false" />
            <line number="141" hits="0" branch="true" condition-coverage="0% (0/2)" />
            <line number="142" hits="0" branch="false" />
            <line number="143" hits="0" branch="false" />
            <line number="144" hits="0" branch="false" />
            <line number="158" hits="2683" branch="false" />
            <line number="160" hits="2683" branch="true" condition-coverage="100% (2/2)" />
            <line number="161" hits="1058" branch="false" />
            <line number="162" hits="1058" branch="true" condition-coverage="100% (2/2)" />
            <line number="163" hits="1058" branch="false" />
            <line number="164" hits="1058" branch="false" />
            <line number="165" hits="1058" branch="false" />
            <line number="166" hits="1058" branch="false" />
            <line number="167" hits="1058" branch="false" />
            <line number="169" hits="1625" branch="false" />
            <line number="170" hits="1625" branch="false" />
            <line number="171" hits="1625" branch="false" />
            <line number="172" hits="1625" branch="false" />
            <line number="187" hits="2683" branch="true" condition-coverage="100% (2/2)" />
            <line number="188" hits="1074" branch="false" />
            <line number="189" hits="1074" branch="true" condition-coverage="100% (2/2)" />
            <line number="190" hits="1074" branch="false" />
            <line number="191" hits="1074" branch="false" />
            <line number="193" hits="1609" branch="false" />
            <line number="195" hits="2683" branch="false" />
            <line number="204" hits="0" branch="false" />
            <line number="207" hits="0" branch="true" condition-coverage="0% (0/2)" />
            <line number="208" hits="0" branch="false" />
            <line number="210" hits="0" branch="true" condition-coverage="0% (0/2)" />
            <line number="211" hits="0" branch="false" />
            <line number="213" hits="0" branch="true" condition-coverage="0% (0/2)" />
            <line number="214" hits="0" branch="false" />
            <line number="216" hits="0" branch="false" />
            <line number="217" hits="0" branch="false" />
            <line number="225" hits="0" branch="false" />
            <line number="227" hits="0" branch="true" condition-coverage="0% (0/2)" />
            <line number="228" hits="0" branch="false" />
            <line number="231" hits="0" branch="true" condition-coverage="0% (0/2)" />
            <line number="232" hits="0" branch="false" />
            <line number="233" hits="0" branch="false" />
            <line number="234" hits="0" branch="false" />
            <line number="235" hits="0" branch="false" />
            <line number="238" hits="0" branch="false" />
            <line number="240" hits="0" branch="false" />
            <line number="241" hits="0" branch="true" condition-coverage="0% (0/2)" />
            <line number="242" hits="0" branch="false" />
            <line number="244" hits="0" branch="false" />
            <line number="252" hits="1652" branch="false" />
            <line number="254" hits="1652" branch="true" condition-coverage="100% (2/2)" />
            <line number="255" hits="17" branch="false" />
            <line number="257" hits="115" branch="true" condition-coverage="100% (2/2)" />
            <line number="258" hits="32" branch="false" />
            <line number="259" hits="32" branch="false" />
            <line number="260" hits="32" branch="false" />
            <line number="261" hits="32" branch="false" />
            <line number="262" hits="17" branch="false" />
            <line number="266" hits="17" branch="false" />
            <line number="267" hits="1652" branch="false" />
            <line number="268" hits="4335" branch="true" condition-coverage="100% (2/2)" />
            <line number="269" hits="2683" branch="false" />
            <line number="271" hits="1652" branch="false" />
          </lines>
        </class>
      </classes>
    </package>
    <package name="Formula" line-rate="0.694214876033058" branch-rate="0.652542372881356" complexity="118">
      <classes>
        <class name="SpreadsheetUtilities.Formula" filename="C:\Users\lucas\source\repos\spreadsheet-Saint-Luke\spreadsheet-Saint-Luke-main\Spreadsheet\Formula\Formula.cs" line-rate="0.683760683760684" branch-rate="0.652542372881356" complexity="115">
          <methods>
            <method name="Evaluate" signature="(...)" line-rate="0.622950819672131" branch-rate="0.581081081081081" complexity="66">
              <lines>
                <line number="116" hits="231008" branch="false" />
                <line number="119" hits="231008" branch="false" />
                <line number="121" hits="231008" branch="false" />
                <line number="122" hits="231008" branch="false" />
                <line number="123" hits="231008" branch="false" />
                <line number="127" hits="241972" branch="true" condition-coverage="100% (2/2)" />
                <line number="128" hits="238326" branch="false" />
                <line number="130" hits="238326" branch="false" />
                <line number="131" hits="238326" branch="false" />
                <line number="134" hits="238326" branch="true" condition-coverage="100% (4/4)" />
                <line number="135" hits="3628" branch="false" />
                <line number="137" hits="3628" branch="true" condition-coverage="100% (2/2)" />
                <line number="138" hits="1" branch="false" />
                <line number="141" hits="3628" branch="false" />
                <line number="142" hits="3628" branch="false" />
                <line number="145" hits="234698" branch="true" condition-coverage="100% (6/6)" />
                <line number="146" hits="31" branch="false" />
                <line number="147" hits="31" branch="false" />
                <line number="148" hits="31" branch="false" />
                <line number="151" hits="234667" branch="true" condition-coverage="50% (1/2)" />
                <line number="152" hits="0" branch="false" />
                <line number="154" hits="0" branch="true" condition-coverage="0% (0/2)" />
                <line number="155" hits="0" branch="false" />
                <line number="159" hits="0" branch="false" />
                <line number="163" hits="0" branch="true" condition-coverage="0% (0/2)" />
                <line number="164" hits="0" branch="false" />
                <line number="166" hits="0" branch="true" condition-coverage="0% (0/2)" />
                <line number="167" hits="0" branch="false" />
                <line number="168" hits="0" branch="false" />
                <line number="172" hits="0" branch="true" condition-coverage="0% (0/2)" />
                <line number="174" hits="0" branch="true" condition-coverage="0% (0/2)" />
                <line number="175" hits="0" branch="false" />
                <line number="177" hits="0" branch="true" condition-coverage="0% (0/2)" />
                <line number="178" hits="0" branch="false" />
                <line number="179" hits="0" branch="false" />
                <line number="180" hits="0" branch="false" />
                <line number="181" hits="0" branch="false" />
                <line number="182" hits="0" branch="true" condition-coverage="0% (0/2)" />
                <line number="183" hits="0" branch="false" />
                <line number="185" hits="0" branch="true" condition-coverage="0% (0/2)" />
                <line number="186" hits="0" branch="false" />
                <line number="187" hits="0" branch="false" />
                <line number="188" hits="0" branch="false" />
                <line number="189" hits="0" branch="true" condition-coverage="0% (0/2)" />
                <line number="190" hits="0" branch="false" />
                <line number="192" hits="0" branch="false" />
                <line number="193" hits="0" branch="false" />
                <line number="194" hits="0" branch="false" />
                <line number="195" hits="0" branch="false" />
                <line number="196" hits="0" branch="false" />
                <line number="199" hits="234667" branch="true" condition-coverage="75% (3/4)" />
                <line number="200" hits="234667" branch="false" />
                <line number="202" hits="234667" branch="true" condition-coverage="100% (2/2)" />
                <line number="204" hits="234143" branch="false" />
                <line number="205" hits="234143" branch="false" />
                <line number="206" hits="6791" branch="false" />
                <line number="207" hits="227352" branch="false" />
                <line number="208" hits="227352" branch="false" />
                <line number="209" hits="227352" branch="false" />
                <line number="213" hits="7315" branch="true" condition-coverage="100% (2/2)" />
                <line number="214" hits="3684" branch="false" />
                <line number="216" hits="3631" branch="true" condition-coverage="100% (2/2)" />
                <line number="217" hits="10" branch="false" />
                <line number="219" hits="10" branch="true" condition-coverage="50% (1/2)" />
                <line number="220" hits="0" branch="false" />
                <line number="221" hits="10" branch="false" />
                <line number="222" hits="10" branch="false" />
                <line number="223" hits="10" branch="false" />
                <line number="224" hits="3621" branch="true" condition-coverage="100% (2/2)" />
                <line number="225" hits="20" branch="false" />
                <line number="227" hits="20" branch="true" condition-coverage="100% (4/4)" />
                <line number="228" hits="10" branch="false" />
                <line number="229" hits="10" branch="false" />
                <line number="230" hits="10" branch="false" />
                <line number="231" hits="10" branch="false" />
                <line number="233" hits="3601" branch="false" />
                <line number="234" hits="7305" branch="false" />
                <line number="237" hits="0" branch="true" condition-coverage="50% (1/2)" />
                <line number="238" hits="0" branch="false" />
                <line number="241" hits="10964" branch="false" />
                <line number="244" hits="3646" branch="true" condition-coverage="100% (2/2)" />
                <line number="245" hits="46" branch="false" />
                <line number="247" hits="46" branch="true" condition-coverage="50% (1/2)" />
                <line number="248" hits="46" branch="false" />
                <line number="250" hits="0" branch="false" />
                <line number="251" hits="46" branch="false" />
                <line number="255" hits="3600" branch="false" />
                <line number="257" hits="3600" branch="true" condition-coverage="50% (2/4)" />
                <line number="258" hits="0" branch="false" />
                <line number="260" hits="3600" branch="true" condition-coverage="100% (2/2)" />
                <line number="261" hits="3596" branch="false" />
                <line number="263" hits="3596" branch="false" />
                <line number="264" hits="3596" branch="false" />
                <line number="265" hits="4" branch="true" condition-coverage="50% (1/2)" />
                <line number="266" hits="4" branch="false" />
                <line number="268" hits="4" branch="false" />
                <line number="269" hits="4" branch="false" />
                <line number="270" hits="4" branch="false" />
                <line number="271" hits="4" branch="false" />
                <line number="273" hits="0" branch="false" />
                <line number="274" hits="3600" branch="false" />
                <line number="280" hits="1" branch="false" />
                <line number="281" hits="1" branch="true" condition-coverage="50% (1/2)" />
                <line number="282" hits="1" branch="false" />
                <line number="283" hits="1" branch="true" condition-coverage="50% (1/2)" />
                <line number="284" hits="0" branch="false" />
                <line number="286" hits="1" branch="false" />
                <line number="287" hits="1" branch="false" />
                <line number="288" hits="1" branch="false" />
                <line number="289" hits="0" branch="true" condition-coverage="50% (1/2)" />
                <line number="290" hits="0" branch="false" />
                <line number="291" hits="0" branch="true" condition-coverage="0% (0/2)" />
                <line number="292" hits="0" branch="false" />
                <line number="294" hits="0" branch="false" />
                <line number="295" hits="0" branch="false" />
                <line number="296" hits="0" branch="false" />
                <line number="297" hits="0" branch="false" />
                <line number="298" hits="0" branch="false" />
                <line number="299" hits="1" branch="false" />
                <line number="300" hits="1" branch="false" />
                <line number="303" hits="3646" branch="false" />
                <line number="304" hits="231008" branch="false" />
              </lines>
            </method>
            <method name="GetVariables" signature="()" line-rate="1" branch-rate="1" complexity="4">
              <lines>
                <line number="318" hits="1611" branch="false" />
                <line number="320" hits="1611" branch="false" />
                <line number="321" hits="1611" branch="false" />
                <line number="322" hits="6408" branch="true" condition-coverage="100% (2/2)" />
                <line number="323" hits="4797" branch="false" />
                <line number="324" hits="4797" branch="true" condition-coverage="100% (2/2)" />
                <line number="325" hits="2683" branch="false" />
                <line number="326" hits="4797" branch="false" />
                <line number="327" hits="1611" branch="false" />
                <line number="328" hits="1611" branch="false" />
                <line number="330" hits="1611" branch="false" />
              </lines>
            </method>
            <method name="ToString" signature="()" line-rate="1" branch-rate="1" complexity="4">
              <lines>
                <line number="344" hits="18" branch="false" />
                <line number="346" hits="18" branch="false" />
                <line number="347" hits="18" branch="false" />
                <line number="350" hits="72" branch="true" condition-coverage="100% (2/2)" />
                <line number="351" hits="54" branch="false" />
                <line number="352" hits="54" branch="true" condition-coverage="100% (2/2)" />
                <line number="353" hits="10" branch="false" />
                <line number="354" hits="44" branch="false" />
                <line number="355" hits="54" branch="false" />
                <line number="357" hits="18" branch="false" />
                <line number="358" hits="18" branch="false" />
              </lines>
            </method>
            <method name="Equals" signature="(...)" line-rate="0.8" branch-rate="0.5" complexity="2">
              <lines>
                <line number="381" hits="5" branch="false" />
                <line number="383" hits="5" branch="true" condition-coverage="50% (1/2)" />
                <line number="384" hits="5" branch="false" />
                <line number="388" hits="0" branch="false" />
                <line number="389" hits="5" branch="false" />
              </lines>
            </method>
            <method name="op_Equality" signature="(...)" line-rate="0" branch-rate="1" complexity="1">
              <lines>
                <line number="396" hits="0" branch="false" />
                <line number="398" hits="0" branch="false" />
                <line number="399" hits="0" branch="false" />
              </lines>
            </method>
            <method name="op_Inequality" signature="(...)" line-rate="0" branch-rate="1" complexity="1">
              <lines>
                <line number="406" hits="0" branch="false" />
                <line number="408" hits="0" branch="false" />
                <line number="409" hits="0" branch="false" />
              </lines>
            </method>
            <method name="GetHashCode" signature="()" line-rate="0" branch-rate="1" complexity="1">
              <lines>
                <line number="417" hits="0" branch="false" />
                <line number="419" hits="0" branch="false" />
                <line number="420" hits="0" branch="false" />
              </lines>
            </method>
            <method name="isValidFormula" signature="(...)" line-rate="0.75" branch-rate="0.7" complexity="30">
              <lines>
                <line number="453" hits="1613" branch="false" />
                <line number="455" hits="1613" branch="false" />
                <line number="458" hits="1613" branch="false" />
                <line number="459" hits="1613" branch="false" />
                <line number="460" hits="1613" branch="false" />
                <line number="462" hits="1613" branch="false" />
                <line number="465" hits="1613" branch="true" condition-coverage="50% (1/2)" />
                <line number="466" hits="0" branch="false" />
                <line number="469" hits="1613" branch="true" condition-coverage="50% (1/2)" />
                <line number="470" hits="0" branch="false" />
                <line number="472" hits="1613" branch="true" condition-coverage="100% (2/2)" />
                <line number="473" hits="1" branch="false" />
                <line number="476" hits="6409" branch="true" condition-coverage="100% (2/2)" />
                <line number="477" hits="4798" branch="false" />
                <line number="478" hits="4798" branch="false" />
                <line number="481" hits="4798" branch="true" condition-coverage="100% (2/2)" />
                <line number="482" hits="2684" branch="false" />
                <line number="483" hits="2684" branch="false" />
                <line number="484" hits="2684" branch="true" condition-coverage="100% (2/2)" />
                <line number="485" hits="1" branch="false" />
                <line number="486" hits="2683" branch="false" />
                <line number="489" hits="2114" branch="true" condition-coverage="50% (1/2)" />
                <line number="490" hits="0" branch="false" />
                <line number="493" hits="4797" branch="true" condition-coverage="50% (1/2)" />
                <line number="494" hits="0" branch="false" />
                <line number="495" hits="4797" branch="true" condition-coverage="50% (1/2)" />
                <line number="496" hits="0" branch="false" />
                <line number="499" hits="4797" branch="true" condition-coverage="50% (1/2)" />
                <line number="500" hits="0" branch="false" />
                <line number="503" hits="4797" branch="true" condition-coverage="100% (2/2)" />
                <line number="504" hits="1593" branch="true" condition-coverage="50% (1/2)" />
                <line number="505" hits="0" branch="false" />
                <line number="506" hits="0" branch="false" />
                <line number="508" hits="4797" branch="true" condition-coverage="100% (2/2)" />
                <line number="509" hits="1593" branch="true" condition-coverage="50% (1/2)" />
                <line number="510" hits="0" branch="false" />
                <line number="511" hits="0" branch="false" />
                <line number="516" hits="4797" branch="false" />
                <line number="517" hits="4797" branch="false" />
                <line number="518" hits="4797" branch="false" />
                <line number="521" hits="1611" branch="true" condition-coverage="50% (1/2)" />
                <line number="522" hits="0" branch="false" />
                <line number="525" hits="1611" branch="false" />
                <line number="526" hits="1611" branch="false" />
              </lines>
            </method>
            <method name=".ctor" signature="(...)" line-rate="0" branch-rate="1" complexity="1">
              <lines>
                <line number="52" hits="0" branch="false" />
                <line number="53" hits="0" branch="false" />
                <line number="55" hits="0" branch="false" />
                <line number="56" hits="0" branch="false" />
                <line number="57" hits="0" branch="false" />
                <line number="58" hits="0" branch="false" />
                <line number="60" hits="0" branch="false" />
              </lines>
            </method>
            <method name=".ctor" signature="(...)" line-rate="0.533333333333333" branch-rate="1" complexity="1">
              <lines>
                <line number="39" hits="1613" branch="false" />
                <line number="52" hits="0" branch="false" />
                <line number="53" hits="0" branch="false" />
                <line number="55" hits="0" branch="false" />
                <line number="56" hits="0" branch="false" />
                <line number="57" hits="0" branch="false" />
                <line number="58" hits="0" branch="false" />
                <line number="60" hits="0" branch="false" />
                <line number="84" hits="1613" branch="false" />
                <line number="85" hits="1613" branch="false" />
                <line number="87" hits="1613" branch="false" />
                <line number="88" hits="1613" branch="false" />
                <line number="89" hits="1611" branch="false" />
                <line number="90" hits="1611" branch="false" />
                <line number="92" hits="1611" branch="false" />
              </lines>
            </method>
            <method name="GetTokens" signature="()" line-rate="1" branch-rate="1" complexity="4">
              <lines>
                <line number="429" hits="6451" branch="false" />
                <line number="431" hits="6451" branch="false" />
                <line number="432" hits="6451" branch="false" />
                <line number="433" hits="6451" branch="false" />
                <line number="434" hits="6451" branch="false" />
                <line number="435" hits="6451" branch="false" />
                <line number="436" hits="6451" branch="false" />
                <line number="439" hits="6451" branch="false" />
                <line number="440" hits="6451" branch="false" />
                <line number="443" hits="112202" branch="true" condition-coverage="100% (2/2)" />
                <line number="444" hits="48038" branch="false" />
                <line number="445" hits="48038" branch="true" condition-coverage="100% (2/2)" />
                <line number="446" hits="12826" branch="false" />
                <line number="447" hits="12826" branch="false" />
                <line number="448" hits="9599" branch="false" />
                <line number="449" hits="44811" branch="false" />
                <line number="451" hits="3224" branch="false" />
              </lines>
            </method>
          </methods>
          <lines>
            <line number="39" hits="1613" branch="false" />
            <line number="52" hits="0" branch="false" />
            <line number="53" hits="0" branch="false" />
            <line number="55" hits="0" branch="false" />
            <line number="56" hits="0" branch="false" />
            <line number="57" hits="0" branch="false" />
            <line number="58" hits="0" branch="false" />
            <line number="60" hits="0" branch="false" />
            <line number="84" hits="1613" branch="false" />
            <line number="85" hits="1613" branch="false" />
            <line number="87" hits="1613" branch="false" />
            <line number="88" hits="1613" branch="false" />
            <line number="89" hits="1611" branch="false" />
            <line number="90" hits="1611" branch="false" />
            <line number="92" hits="1611" branch="false" />
            <line number="116" hits="231008" branch="false" />
            <line number="119" hits="231008" branch="false" />
            <line number="121" hits="231008" branch="false" />
            <line number="122" hits="231008" branch="false" />
            <line number="123" hits="231008" branch="false" />
            <line number="127" hits="241972" branch="true" condition-coverage="100% (2/2)" />
            <line number="128" hits="238326" branch="false" />
            <line number="130" hits="238326" branch="false" />
            <line number="131" hits="238326" branch="false" />
            <line number="134" hits="238326" branch="true" condition-coverage="100% (4/4)" />
            <line number="135" hits="3628" branch="false" />
            <line number="137" hits="3628" branch="true" condition-coverage="100% (2/2)" />
            <line number="138" hits="1" branch="false" />
            <line number="141" hits="3628" branch="false" />
            <line number="142" hits="3628" branch="false" />
            <line number="145" hits="234698" branch="true" condition-coverage="100% (6/6)" />
            <line number="146" hits="31" branch="false" />
            <line number="147" hits="31" branch="false" />
            <line number="148" hits="31" branch="false" />
            <line number="151" hits="234667" branch="true" condition-coverage="50% (1/2)" />
            <line number="152" hits="0" branch="false" />
            <line number="154" hits="0" branch="true" condition-coverage="0% (0/2)" />
            <line number="155" hits="0" branch="false" />
            <line number="159" hits="0" branch="false" />
            <line number="163" hits="0" branch="true" condition-coverage="0% (0/2)" />
            <line number="164" hits="0" branch="false" />
            <line number="166" hits="0" branch="true" condition-coverage="0% (0/2)" />
            <line number="167" hits="0" branch="false" />
            <line number="168" hits="0" branch="false" />
            <line number="172" hits="0" branch="true" condition-coverage="0% (0/2)" />
            <line number="174" hits="0" branch="true" condition-coverage="0% (0/2)" />
            <line number="175" hits="0" branch="false" />
            <line number="177" hits="0" branch="true" condition-coverage="0% (0/2)" />
            <line number="178" hits="0" branch="false" />
            <line number="179" hits="0" branch="false" />
            <line number="180" hits="0" branch="false" />
            <line number="181" hits="0" branch="false" />
            <line number="182" hits="0" branch="true" condition-coverage="0% (0/2)" />
            <line number="183" hits="0" branch="false" />
            <line number="185" hits="0" branch="true" condition-coverage="0% (0/2)" />
            <line number="186" hits="0" branch="false" />
            <line number="187" hits="0" branch="false" />
            <line number="188" hits="0" branch="false" />
            <line number="189" hits="0" branch="true" condition-coverage="0% (0/2)" />
            <line number="190" hits="0" branch="false" />
            <line number="192" hits="0" branch="false" />
            <line number="193" hits="0" branch="false" />
            <line number="194" hits="0" branch="false" />
            <line number="195" hits="0" branch="false" />
            <line number="196" hits="0" branch="false" />
            <line number="199" hits="234667" branch="true" condition-coverage="75% (3/4)" />
            <line number="200" hits="234667" branch="false" />
            <line number="202" hits="234667" branch="true" condition-coverage="100% (2/2)" />
            <line number="204" hits="234143" branch="false" />
            <line number="205" hits="234143" branch="false" />
            <line number="206" hits="6791" branch="false" />
            <line number="207" hits="227352" branch="false" />
            <line number="208" hits="227352" branch="false" />
            <line number="209" hits="227352" branch="false" />
            <line number="213" hits="7315" branch="true" condition-coverage="100% (2/2)" />
            <line number="214" hits="3684" branch="false" />
            <line number="216" hits="3631" branch="true" condition-coverage="100% (2/2)" />
            <line number="217" hits="10" branch="false" />
            <line number="219" hits="10" branch="true" condition-coverage="50% (1/2)" />
            <line number="220" hits="0" branch="false" />
            <line number="221" hits="10" branch="false" />
            <line number="222" hits="10" branch="false" />
            <line number="223" hits="10" branch="false" />
            <line number="224" hits="3621" branch="true" condition-coverage="100% (2/2)" />
            <line number="225" hits="20" branch="false" />
            <line number="227" hits="20" branch="true" condition-coverage="100% (4/4)" />
            <line number="228" hits="10" branch="false" />
            <line number="229" hits="10" branch="false" />
            <line number="230" hits="10" branch="false" />
            <line number="231" hits="10" branch="false" />
            <line number="233" hits="3601" branch="false" />
            <line number="234" hits="7305" branch="false" />
            <line number="237" hits="0" branch="true" condition-coverage="50% (1/2)" />
            <line number="238" hits="0" branch="false" />
            <line number="241" hits="10964" branch="false" />
            <line number="244" hits="3646" branch="true" condition-coverage="100% (2/2)" />
            <line number="245" hits="46" branch="false" />
            <line number="247" hits="46" branch="true" condition-coverage="50% (1/2)" />
            <line number="248" hits="46" branch="false" />
            <line number="250" hits="0" branch="false" />
            <line number="251" hits="46" branch="false" />
            <line number="255" hits="3600" branch="false" />
            <line number="257" hits="3600" branch="true" condition-coverage="50% (2/4)" />
            <line number="258" hits="0" branch="false" />
            <line number="260" hits="3600" branch="true" condition-coverage="100% (2/2)" />
            <line number="261" hits="3596" branch="false" />
            <line number="263" hits="3596" branch="false" />
            <line number="264" hits="3596" branch="false" />
            <line number="265" hits="4" branch="true" condition-coverage="50% (1/2)" />
            <line number="266" hits="4" branch="false" />
            <line number="268" hits="4" branch="false" />
            <line number="269" hits="4" branch="false" />
            <line number="270" hits="4" branch="false" />
            <line number="271" hits="4" branch="false" />
            <line number="273" hits="0" branch="false" />
            <line number="274" hits="3600" branch="false" />
            <line number="280" hits="1" branch="false" />
            <line number="281" hits="1" branch="true" condition-coverage="50% (1/2)" />
            <line number="282" hits="1" branch="false" />
            <line number="283" hits="1" branch="true" condition-coverage="50% (1/2)" />
            <line number="284" hits="0" branch="false" />
            <line number="286" hits="1" branch="false" />
            <line number="287" hits="1" branch="false" />
            <line number="288" hits="1" branch="false" />
            <line number="289" hits="0" branch="true" condition-coverage="50% (1/2)" />
            <line number="290" hits="0" branch="false" />
            <line number="291" hits="0" branch="true" condition-coverage="0% (0/2)" />
            <line number="292" hits="0" branch="false" />
            <line number="294" hits="0" branch="false" />
            <line number="295" hits="0" branch="false" />
            <line number="296" hits="0" branch="false" />
            <line number="297" hits="0" branch="false" />
            <line number="298" hits="0" branch="false" />
            <line number="299" hits="1" branch="false" />
            <line number="300" hits="1" branch="false" />
            <line number="303" hits="3646" branch="false" />
            <line number="304" hits="231008" branch="false" />
            <line number="318" hits="1611" branch="false" />
            <line number="320" hits="1611" branch="false" />
            <line number="321" hits="1611" branch="false" />
            <line number="322" hits="6408" branch="true" condition-coverage="100% (2/2)" />
            <line number="323" hits="4797" branch="false" />
            <line number="324" hits="4797" branch="true" condition-coverage="100% (2/2)" />
            <line number="325" hits="2683" branch="false" />
            <line number="326" hits="4797" branch="false" />
            <line number="327" hits="1611" branch="false" />
            <line number="328" hits="1611" branch="false" />
            <line number="330" hits="1611" branch="false" />
            <line number="344" hits="18" branch="false" />
            <line number="346" hits="18" branch="false" />
            <line number="347" hits="18" branch="false" />
            <line number="350" hits="72" branch="true" condition-coverage="100% (2/2)" />
            <line number="351" hits="54" branch="false" />
            <line number="352" hits="54" branch="true" condition-coverage="100% (2/2)" />
            <line number="353" hits="10" branch="false" />
            <line number="354" hits="44" branch="false" />
            <line number="355" hits="54" branch="false" />
            <line number="357" hits="18" branch="false" />
            <line number="358" hits="18" branch="false" />
            <line number="381" hits="5" branch="false" />
            <line number="383" hits="5" branch="true" condition-coverage="50% (1/2)" />
            <line number="384" hits="5" branch="false" />
            <line number="388" hits="0" branch="false" />
            <line number="389" hits="5" branch="false" />
            <line number="396" hits="0" branch="false" />
            <line number="398" hits="0" branch="false" />
            <line number="399" hits="0" branch="false" />
            <line number="406" hits="0" branch="false" />
            <line number="408" hits="0" branch="false" />
            <line number="409" hits="0" branch="false" />
            <line number="417" hits="0" branch="false" />
            <line number="419" hits="0" branch="false" />
            <line number="420" hits="0" branch="false" />
            <line number="429" hits="6451" branch="false" />
            <line number="431" hits="6451" branch="false" />
            <line number="432" hits="6451" branch="false" />
            <line number="433" hits="6451" branch="false" />
            <line number="434" hits="6451" branch="false" />
            <line number="435" hits="6451" branch="false" />
            <line number="436" hits="6451" branch="false" />
            <line number="439" hits="6451" branch="false" />
            <line number="440" hits="6451" branch="false" />
            <line number="443" hits="112202" branch="true" condition-coverage="100% (2/2)" />
            <line number="444" hits="48038" branch="false" />
            <line number="445" hits="48038" branch="true" condition-coverage="100% (2/2)" />
            <line number="446" hits="12826" branch="false" />
            <line number="447" hits="12826" branch="false" />
            <line number="448" hits="9599" branch="false" />
            <line number="449" hits="44811" branch="false" />
            <line number="451" hits="3224" branch="false" />
            <line number="453" hits="1613" branch="false" />
            <line number="455" hits="1613" branch="false" />
            <line number="458" hits="1613" branch="false" />
            <line number="459" hits="1613" branch="false" />
            <line number="460" hits="1613" branch="false" />
            <line number="462" hits="1613" branch="false" />
            <line number="465" hits="1613" branch="true" condition-coverage="50% (1/2)" />
            <line number="466" hits="0" branch="false" />
            <line number="469" hits="1613" branch="true" condition-coverage="50% (1/2)" />
            <line number="470" hits="0" branch="false" />
            <line number="472" hits="1613" branch="true" condition-coverage="100% (2/2)" />
            <line number="473" hits="1" branch="false" />
            <line number="476" hits="6409" branch="true" condition-coverage="100% (2/2)" />
            <line number="477" hits="4798" branch="false" />
            <line number="478" hits="4798" branch="false" />
            <line number="481" hits="4798" branch="true" condition-coverage="100% (2/2)" />
            <line number="482" hits="2684" branch="false" />
            <line number="483" hits="2684" branch="false" />
            <line number="484" hits="2684" branch="true" condition-coverage="100% (2/2)" />
            <line number="485" hits="1" branch="false" />
            <line number="486" hits="2683" branch="false" />
            <line number="489" hits="2114" branch="true" condition-coverage="50% (1/2)" />
            <line number="490" hits="0" branch="false" />
            <line number="493" hits="4797" branch="true" condition-coverage="50% (1/2)" />
            <line number="494" hits="0" branch="false" />
            <line number="495" hits="4797" branch="true" condition-coverage="50% (1/2)" />
            <line number="496" hits="0" branch="false" />
            <line number="499" hits="4797" branch="true" condition-coverage="50% (1/2)" />
            <line number="500" hits="0" branch="false" />
            <line number="503" hits="4797" branch="true" condition-coverage="100% (2/2)" />
            <line number="504" hits="1593" branch="true" condition-coverage="50% (1/2)" />
            <line number="505" hits="0" branch="false" />
            <line number="506" hits="0" branch="false" />
            <line number="508" hits="4797" branch="true" condition-coverage="100% (2/2)" />
            <line number="509" hits="1593" branch="true" condition-coverage="50% (1/2)" />
            <line number="510" hits="0" branch="false" />
            <line number="511" hits="0" branch="false" />
            <line number="516" hits="4797" branch="false" />
            <line number="517" hits="4797" branch="false" />
            <line number="518" hits="4797" branch="false" />
            <line number="521" hits="1611" branch="true" condition-coverage="50% (1/2)" />
            <line number="522" hits="0" branch="false" />
            <line number="525" hits="1611" branch="false" />
            <line number="526" hits="1611" branch="false" />
          </lines>
        </class>
        <class name="SpreadsheetUtilities.FormulaError" filename="C:\Users\lucas\source\repos\spreadsheet-Saint-Luke\spreadsheet-Saint-Luke-main\Spreadsheet\Formula\Formula.cs" line-rate="1" branch-rate="1" complexity="2">
          <methods>
            <method name="get_Reason" signature="()" line-rate="1" branch-rate="1" complexity="1">
              <lines>
                <line number="561" hits="227362" branch="false" />
              </lines>
            </method>
            <method name=".ctor" signature="(...)" line-rate="1" branch-rate="1" complexity="1">
              <lines>
                <line number="553" hits="227362" branch="false" />
                <line number="554" hits="227362" branch="false" />
                <line number="555" hits="227362" branch="false" />
                <line number="556" hits="227362" branch="false" />
              </lines>
            </method>
          </methods>
          <lines>
            <line number="553" hits="227362" branch="false" />
            <line number="554" hits="227362" branch="false" />
            <line number="555" hits="227362" branch="false" />
            <line number="556" hits="227362" branch="false" />
            <line number="561" hits="227362" branch="false" />
          </lines>
        </class>
        <class name="SpreadsheetUtilities.FormulaFormatException" filename="C:\Users\lucas\source\repos\spreadsheet-Saint-Luke\spreadsheet-Saint-Luke-main\Spreadsheet\Formula\Formula.cs" line-rate="1" branch-rate="1" complexity="1">
          <methods>
            <method name=".ctor" signature="(...)" line-rate="1" branch-rate="1" complexity="1">
              <lines>
                <line number="538" hits="2" branch="false" />
                <line number="539" hits="2" branch="false" />
                <line number="540" hits="2" branch="false" />
              </lines>
            </method>
          </methods>
          <lines>
            <line number="538" hits="2" branch="false" />
            <line number="539" hits="2" branch="false" />
            <line number="540" hits="2" branch="false" />
          </lines>
        </class>
      </classes>
    </package>
    <package name="Spreadsheet" line-rate="1" branch-rate="1" complexity="70">
      <classes>
        <class name="SS.AbstractSpreadsheet" filename="C:\Users\lucas\source\repos\spreadsheet-Saint-Luke\spreadsheet-Saint-Luke-main\Spreadsheet\Spreadsheet\AbstractSpreadsheet.cs" line-rate="1" branch-rate="1" complexity="11">
          <methods>
            <method name="get_IsValid" signature="()" line-rate="1" branch-rate="1" complexity="1">
              <lines>
                <line number="133" hits="469123" branch="false" />
              </lines>
            </method>
            <method name="get_Normalize" signature="()" line-rate="1" branch-rate="1" complexity="1">
              <lines>
                <line number="140" hits="469129" branch="false" />
              </lines>
            </method>
            <method name="get_Version" signature="()" line-rate="1" branch-rate="1" complexity="1">
              <lines>
                <line number="147" hits="154" branch="false" />
              </lines>
            </method>
            <method name="GetCellsToRecalculate" signature="(...)" line-rate="1" branch-rate="1" complexity="1">
              <lines>
                <line number="344" hits="1769" branch="false" />
                <line number="345" hits="1769" branch="false" />
                <line number="346" hits="1769" branch="false" />
                <line number="347" hits="1769" branch="false" />
                <line number="348" hits="1767" branch="false" />
                <line number="349" hits="1767" branch="false" />
              </lines>
            </method>
            <method name="Visit" signature="(...)" line-rate="1" branch-rate="1" complexity="6">
              <lines>
                <line number="358" hits="231168" branch="false" />
                <line number="360" hits="231168" branch="false" />
                <line number="363" hits="1356326" branch="true" condition-coverage="100% (2/2)" />
                <line number="364" hits="331412" branch="false" />
                <line number="365" hits="331412" branch="true" condition-coverage="100% (2/2)" />
                <line number="366" hits="2" branch="false" />
                <line number="368" hits="2" branch="false" />
                <line number="370" hits="331410" branch="true" condition-coverage="100% (2/2)" />
                <line number="371" hits="229399" branch="false" />
                <line number="374" hits="229399" branch="false" />
                <line number="375" hits="229399" branch="false" />
                <line number="376" hits="331410" branch="false" />
                <line number="379" hits="231166" branch="false" />
                <line number="380" hits="231166" branch="false" />
              </lines>
            </method>
            <method name=".ctor" signature="(...)" line-rate="1" branch-rate="1" complexity="1">
              <lines>
                <line number="158" hits="99" branch="false" />
                <line number="159" hits="99" branch="false" />
                <line number="160" hits="99" branch="false" />
                <line number="161" hits="99" branch="false" />
                <line number="162" hits="99" branch="false" />
                <line number="163" hits="99" branch="false" />
              </lines>
            </method>
          </methods>
          <lines>
            <line number="133" hits="469123" branch="false" />
            <line number="140" hits="469129" branch="false" />
            <line number="147" hits="154" branch="false" />
            <line number="158" hits="99" branch="false" />
            <line number="159" hits="99" branch="false" />
            <line number="160" hits="99" branch="false" />
            <line number="161" hits="99" branch="false" />
            <line number="162" hits="99" branch="false" />
            <line number="163" hits="99" branch="false" />
            <line number="344" hits="1769" branch="false" />
            <line number="345" hits="1769" branch="false" />
            <line number="346" hits="1769" branch="false" />
            <line number="347" hits="1769" branch="false" />
            <line number="348" hits="1767" branch="false" />
            <line number="349" hits="1767" branch="false" />
            <line number="358" hits="231168" branch="false" />
            <line number="360" hits="231168" branch="false" />
            <line number="363" hits="1356326" branch="true" condition-coverage="100% (2/2)" />
            <line number="364" hits="331412" branch="false" />
            <line number="365" hits="331412" branch="true" condition-coverage="100% (2/2)" />
            <line number="366" hits="2" branch="false" />
            <line number="368" hits="2" branch="false" />
            <line number="370" hits="331410" branch="true" condition-coverage="100% (2/2)" />
            <line number="371" hits="229399" branch="false" />
            <line number="374" hits="229399" branch="false" />
            <line number="375" hits="229399" branch="false" />
            <line number="376" hits="331410" branch="false" />
            <line number="379" hits="231166" branch="false" />
            <line number="380" hits="231166" branch="false" />
          </lines>
        </class>
        <class name="SS.Spreadsheet" filename="C:\Users\lucas\source\repos\spreadsheet-Saint-Luke\spreadsheet-Saint-Luke-main\Spreadsheet\Spreadsheet\Spreadsheet.cs" line-rate="1" branch-rate="1" complexity="58">
          <methods>
            <method name="get_Changed" signature="()" line-rate="1" branch-rate="1" complexity="1">
              <lines>
                <line number="70" hits="36" branch="false" />
              </lines>
            </method>
            <method name="set_Changed" signature="(...)" line-rate="1" branch-rate="1" complexity="1">
              <lines>
                <line number="71" hits="5334" branch="false" />
              </lines>
            </method>
            <method name="GetNamesOfAllNonemptyCells" signature="()" line-rate="1" branch-rate="1" complexity="4">
              <lines>
                <line number="113" hits="17" branch="false" />
                <line number="115" hits="17" branch="false" />
                <line number="116" hits="136" branch="true" condition-coverage="100% (2/2)" />
                <line number="117" hits="43" branch="false" />
                <line number="118" hits="43" branch="true" condition-coverage="100% (2/2)" />
                <line number="119" hits="41" branch="false" />
                <line number="120" hits="42" branch="false" />
                <line number="123" hits="16" branch="false" />
                <line number="124" hits="16" branch="false" />
                <line number="125" hits="16" branch="false" />
              </lines>
            </method>
            <method name="GetCellContents" signature="(...)" line-rate="1" branch-rate="1" complexity="6">
              <lines>
                <line number="135" hits="231253" branch="false" />
                <line number="136" hits="231253" branch="false" />
                <line number="138" hits="231253" branch="true" condition-coverage="100% (4/4)" />
                <line number="139" hits="2" branch="false" />
                <line number="141" hits="231251" branch="true" condition-coverage="100% (2/2)" />
                <line number="142" hits="2" branch="false" />
                <line number="144" hits="231249" branch="false" />
                <line number="145" hits="231251" branch="false" />
              </lines>
            </method>
            <method name="SetCellContents" signature="(...)" line-rate="1" branch-rate="1" complexity="2">
              <lines>
                <line number="159" hits="128" branch="false" />
                <line number="162" hits="128" branch="true" condition-coverage="100% (2/2)" />
                <line number="163" hits="37" branch="false" />
                <line number="164" hits="37" branch="false" />
                <line number="165" hits="37" branch="false" />
                <line number="166" hits="37" branch="false" />
                <line number="167" hits="37" branch="false" />
                <line number="168" hits="91" branch="false" />
                <line number="171" hits="128" branch="false" />
                <line number="172" hits="128" branch="false" />
                <line number="174" hits="128" branch="false" />
                <line number="175" hits="128" branch="false" />
                <line number="176" hits="128" branch="false" />
              </lines>
            </method>
            <method name="SetCellContents" signature="(...)" line-rate="1" branch-rate="1" complexity="2">
              <lines>
                <line number="189" hits="30" branch="false" />
                <line number="192" hits="30" branch="true" condition-coverage="100% (2/2)" />
                <line number="193" hits="4" branch="false" />
                <line number="194" hits="4" branch="false" />
                <line number="195" hits="4" branch="false" />
                <line number="196" hits="4" branch="false" />
                <line number="197" hits="4" branch="false" />
                <line number="199" hits="26" branch="false" />
                <line number="203" hits="30" branch="false" />
                <line number="204" hits="30" branch="false" />
                <line number="206" hits="30" branch="false" />
                <line number="208" hits="30" branch="false" />
                <line number="209" hits="30" branch="false" />
              </lines>
            </method>
            <method name="SetCellContents" signature="(...)" line-rate="1" branch-rate="1" complexity="2">
              <lines>
                <line number="225" hits="1611" branch="false" />
                <line number="227" hits="1611" branch="false" />
                <line number="231" hits="1611" branch="true" condition-coverage="100% (2/2)" />
                <line number="232" hits="21" branch="false" />
                <line number="235" hits="1590" branch="false" />
                <line number="238" hits="1611" branch="false" />
                <line number="239" hits="1609" branch="false" />
                <line number="242" hits="1609" branch="false" />
                <line number="244" hits="1609" branch="false" />
                <line number="245" hits="1609" branch="false" />
              </lines>
            </method>
            <method name="GetDirectDependents" signature="(...)" line-rate="1" branch-rate="1" complexity="1">
              <lines>
                <line number="261" hits="231168" branch="false" />
                <line number="263" hits="231168" branch="false" />
                <line number="264" hits="231168" branch="false" />
              </lines>
            </method>
            <method name="Save" signature="(...)" line-rate="1" branch-rate="1" complexity="1">
              <lines>
                <line number="300" hits="13" branch="false" />
                <line number="302" hits="13" branch="false" />
                <line number="304" hits="38" branch="false" />
                <line number="305" hits="1" branch="false" />
                <line number="306" hits="1" branch="false" />
                <line number="307" hits="1" branch="false" />
                <line number="313" hits="12" branch="false" />
                <line number="315" hits="12" branch="false" />
              </lines>
            </method>
            <method name="GetCellValue" signature="(...)" line-rate="1" branch-rate="1" complexity="6">
              <lines>
                <line number="324" hits="234369" branch="false" />
                <line number="326" hits="234369" branch="false" />
                <line number="329" hits="234369" branch="true" condition-coverage="100% (4/4)" />
                <line number="330" hits="3" branch="false" />
                <line number="333" hits="234366" branch="true" condition-coverage="100% (2/2)" />
                <line number="334" hits="1562" branch="false" />
                <line number="336" hits="232804" branch="false" />
                <line number="337" hits="234366" branch="false" />
              </lines>
            </method>
            <method name="SetContentsOfCell" signature="(...)" line-rate="1" branch-rate="1" complexity="8">
              <lines>
                <line number="370" hits="1778" branch="false" />
                <line number="372" hits="1778" branch="false" />
                <line number="373" hits="1778" branch="false" />
                <line number="376" hits="1778" branch="true" condition-coverage="100% (4/4)" />
                <line number="377" hits="7" branch="false" />
                <line number="380" hits="1771" branch="true" condition-coverage="100% (2/2)" />
                <line number="381" hits="1613" branch="false" />
                <line number="384" hits="158" branch="true" condition-coverage="100% (2/2)" />
                <line number="385" hits="128" branch="false" />
                <line number="389" hits="30" branch="false" />
                <line number="390" hits="1767" branch="false" />
              </lines>
            </method>
            <method name="fileToSpreadsheet" signature="(...)" line-rate="1" branch-rate="1" complexity="6">
              <lines>
                <line number="399" hits="17" branch="false" />
                <line number="406" hits="17" branch="false" />
                <line number="407" hits="17" branch="false" />
                <line number="408" hits="16" branch="false" />
                <line number="409" hits="14" branch="false" />
                <line number="410" hits="3" branch="false" />
                <line number="411" hits="3" branch="false" />
                <line number="412" hits="3" branch="false" />
                <line number="417" hits="14" branch="true" condition-coverage="100% (2/2)" />
                <line number="418" hits="14" branch="false" />
                <line number="420" hits="14" branch="true" condition-coverage="100% (2/2)" />
                <line number="421" hits="2" branch="false" />
                <line number="423" hits="12" branch="false" />
                <line number="424" hits="97" branch="true" condition-coverage="100% (2/2)" />
                <line number="425" hits="32" branch="false" />
                <line number="426" hits="9" branch="false" />
                <line number="427" hits="1" branch="false" />
                <line number="428" hits="1" branch="false" />
                <line number="429" hits="1" branch="false" />
                <line number="431" hits="1" branch="false" />
                <line number="432" hits="1" branch="false" />
                <line number="433" hits="1" branch="false" />
                <line number="435" hits="1" branch="false" />
                <line number="436" hits="1" branch="false" />
                <line number="437" hits="1" branch="false" />
                <line number="439" hits="9" branch="false" />
                <line number="440" hits="9" branch="false" />
              </lines>
            </method>
            <method name="ChangeValues" signature="(...)" line-rate="1" branch-rate="1" complexity="4">
              <lines>
                <line number="448" hits="1767" branch="false" />
                <line number="451" hits="234143" branch="false" />
                <line number="453" hits="234143" branch="true" condition-coverage="100% (2/2)" />
                <line number="454" hits="227352" branch="false" />
                <line number="455" hits="6791" branch="false" />
                <line number="456" hits="6791" branch="false" />
                <line number="459" hits="232933" branch="true" condition-coverage="100% (2/2)" />
                <line number="460" hits="231166" branch="false" />
                <line number="462" hits="231166" branch="true" condition-coverage="100% (2/2)" />
                <line number="463" hits="231008" branch="false" />
                <line number="464" hits="231008" branch="false" />
                <line number="465" hits="231008" branch="false" />
                <line number="466" hits="231008" branch="false" />
                <line number="469" hits="158" branch="false" />
                <line number="470" hits="231166" branch="false" />
                <line number="471" hits="1767" branch="false" />
              </lines>
            </method>
            <method name=".ctor" signature="()" line-rate="1" branch-rate="1" complexity="1">
              <lines>
                <line number="75" hits="939907" branch="false" />
                <line number="76" hits="74" branch="false" />
                <line number="77" hits="74" branch="false" />
                <line number="78" hits="74" branch="false" />
                <line number="79" hits="74" branch="false" />
                <line number="80" hits="74" branch="false" />
              </lines>
            </method>
            <method name=".ctor" signature="(...)" line-rate="1" branch-rate="1" complexity="1">
              <lines>
                <line number="83" hits="8" branch="false" />
                <line number="84" hits="8" branch="false" />
                <line number="85" hits="8" branch="false" />
                <line number="86" hits="8" branch="false" />
                <line number="87" hits="8" branch="false" />
                <line number="88" hits="8" branch="false" />
                <line number="89" hits="8" branch="false" />
                <line number="90" hits="8" branch="false" />
              </lines>
            </method>
            <method name=".ctor" signature="(...)" line-rate="1" branch-rate="1" complexity="1">
              <lines>
                <line number="94" hits="17" branch="false" />
                <line number="95" hits="17" branch="false" />
                <line number="96" hits="17" branch="false" />
                <line number="97" hits="17" branch="false" />
                <line number="100" hits="17" branch="false" />
                <line number="103" hits="9" branch="false" />
                <line number="104" hits="9" branch="false" />
                <line number="105" hits="9" branch="false" />
                <line number="106" hits="9" branch="false" />
                <line number="107" hits="9" branch="false" />
              </lines>
            </method>
            <method name="get_Contents" signature="()" line-rate="1" branch-rate="1" complexity="1">
              <lines>
                <line number="491" hits="1387245" branch="false" />
              </lines>
            </method>
            <method name="set_Contents" signature="(...)" line-rate="1" branch-rate="1" complexity="1">
              <lines>
                <line number="492" hits="186" branch="false" />
              </lines>
            </method>
            <method name="get_Value" signature="()" line-rate="1" branch-rate="1" complexity="1">
              <lines>
                <line number="498" hits="698412" branch="false" />
              </lines>
            </method>
            <method name="set_Value" signature="(...)" line-rate="1" branch-rate="1" complexity="1">
              <lines>
                <line number="499" hits="693498" branch="false" />
              </lines>
            </method>
            <method name="get_stringForm" signature="()" line-rate="1" branch-rate="1" complexity="4">
              <lines>
                <line number="506" hits="41" branch="false" />
                <line number="509" hits="41" branch="true" condition-coverage="100% (2/2)" />
                <line number="510" hits="15" branch="false" />
                <line number="511" hits="26" branch="true" condition-coverage="100% (2/2)" />
                <line number="512" hits="22" branch="false" />
                <line number="513" hits="4" branch="false" />
                <line number="514" hits="41" branch="false" />
              </lines>
            </method>
            <method name="set_stringForm" signature="(...)" line-rate="1" branch-rate="1" complexity="2">
              <lines>
                <line number="516" hits="36" branch="false" />
                <line number="517" hits="36" branch="true" condition-coverage="100% (2/2)" />
                <line number="518" hits="36" branch="false" />
                <line number="519" hits="36" branch="false" />
              </lines>
            </method>
            <method name=".ctor" signature="(...)" line-rate="1" branch-rate="1" complexity="1">
              <lines>
                <line number="482" hits="1743" branch="false" />
                <line number="483" hits="1743" branch="false" />
                <line number="484" hits="1743" branch="false" />
                <line number="485" hits="1743" branch="false" />
                <line number="486" hits="1743" branch="false" />
              </lines>
            </method>
          </methods>
          <lines>
            <line number="70" hits="36" branch="false" />
            <line number="71" hits="5334" branch="false" />
            <line number="75" hits="939907" branch="false" />
            <line number="76" hits="74" branch="false" />
            <line number="77" hits="74" branch="false" />
            <line number="78" hits="74" branch="false" />
            <line number="79" hits="74" branch="false" />
            <line number="80" hits="74" branch="false" />
            <line number="83" hits="8" branch="false" />
            <line number="84" hits="8" branch="false" />
            <line number="85" hits="8" branch="false" />
            <line number="86" hits="8" branch="false" />
            <line number="87" hits="8" branch="false" />
            <line number="88" hits="8" branch="false" />
            <line number="89" hits="8" branch="false" />
            <line number="90" hits="8" branch="false" />
            <line number="94" hits="17" branch="false" />
            <line number="95" hits="17" branch="false" />
            <line number="96" hits="17" branch="false" />
            <line number="97" hits="17" branch="false" />
            <line number="100" hits="17" branch="false" />
            <line number="103" hits="9" branch="false" />
            <line number="104" hits="9" branch="false" />
            <line number="105" hits="9" branch="false" />
            <line number="106" hits="9" branch="false" />
            <line number="107" hits="9" branch="false" />
            <line number="113" hits="17" branch="false" />
            <line number="115" hits="17" branch="false" />
            <line number="116" hits="136" branch="true" condition-coverage="100% (2/2)" />
            <line number="117" hits="43" branch="false" />
            <line number="118" hits="43" branch="true" condition-coverage="100% (2/2)" />
            <line number="119" hits="41" branch="false" />
            <line number="120" hits="42" branch="false" />
            <line number="123" hits="16" branch="false" />
            <line number="124" hits="16" branch="false" />
            <line number="125" hits="16" branch="false" />
            <line number="135" hits="231253" branch="false" />
            <line number="136" hits="231253" branch="false" />
            <line number="138" hits="231253" branch="true" condition-coverage="100% (4/4)" />
            <line number="139" hits="2" branch="false" />
            <line number="141" hits="231251" branch="true" condition-coverage="100% (2/2)" />
            <line number="142" hits="2" branch="false" />
            <line number="144" hits="231249" branch="false" />
            <line number="145" hits="231251" branch="false" />
            <line number="159" hits="128" branch="false" />
            <line number="162" hits="128" branch="true" condition-coverage="100% (2/2)" />
            <line number="163" hits="37" branch="false" />
            <line number="164" hits="37" branch="false" />
            <line number="165" hits="37" branch="false" />
            <line number="166" hits="37" branch="false" />
            <line number="167" hits="37" branch="false" />
            <line number="168" hits="91" branch="false" />
            <line number="171" hits="128" branch="false" />
            <line number="172" hits="128" branch="false" />
            <line number="174" hits="128" branch="false" />
            <line number="175" hits="128" branch="false" />
            <line number="176" hits="128" branch="false" />
            <line number="189" hits="30" branch="false" />
            <line number="192" hits="30" branch="true" condition-coverage="100% (2/2)" />
            <line number="193" hits="4" branch="false" />
            <line number="194" hits="4" branch="false" />
            <line number="195" hits="4" branch="false" />
            <line number="196" hits="4" branch="false" />
            <line number="197" hits="4" branch="false" />
            <line number="199" hits="26" branch="false" />
            <line number="203" hits="30" branch="false" />
            <line number="204" hits="30" branch="false" />
            <line number="206" hits="30" branch="false" />
            <line number="208" hits="30" branch="false" />
            <line number="209" hits="30" branch="false" />
            <line number="225" hits="1611" branch="false" />
            <line number="227" hits="1611" branch="false" />
            <line number="231" hits="1611" branch="true" condition-coverage="100% (2/2)" />
            <line number="232" hits="21" branch="false" />
            <line number="235" hits="1590" branch="false" />
            <line number="238" hits="1611" branch="false" />
            <line number="239" hits="1609" branch="false" />
            <line number="242" hits="1609" branch="false" />
            <line number="244" hits="1609" branch="false" />
            <line number="245" hits="1609" branch="false" />
            <line number="261" hits="231168" branch="false" />
            <line number="263" hits="231168" branch="false" />
            <line number="264" hits="231168" branch="false" />
            <line number="300" hits="13" branch="false" />
            <line number="302" hits="13" branch="false" />
            <line number="304" hits="38" branch="false" />
            <line number="305" hits="1" branch="false" />
            <line number="306" hits="1" branch="false" />
            <line number="307" hits="1" branch="false" />
            <line number="313" hits="12" branch="false" />
            <line number="315" hits="12" branch="false" />
            <line number="324" hits="234369" branch="false" />
            <line number="326" hits="234369" branch="false" />
            <line number="329" hits="234369" branch="true" condition-coverage="100% (4/4)" />
            <line number="330" hits="3" branch="false" />
            <line number="333" hits="234366" branch="true" condition-coverage="100% (2/2)" />
            <line number="334" hits="1562" branch="false" />
            <line number="336" hits="232804" branch="false" />
            <line number="337" hits="234366" branch="false" />
            <line number="370" hits="1778" branch="false" />
            <line number="372" hits="1778" branch="false" />
[...]
                <line number="125" hits="1" branch="false" />
                <line number="126" hits="1" branch="false" />
                <line number="127" hits="1" branch="false" />
              </lines>
            </method>
            <method name="GetCellValueExceptionTest" signature="()" line-rate="1" branch-rate="1" complexity="1">
              <lines>
                <line number="130" hits="1" branch="false" />
                <line number="132" hits="3" branch="false" />
                <line number="133" hits="3" branch="true" condition-coverage="100% (2/2)" />
                <line number="134" hits="2" branch="false" />
                <line number="135" hits="1" branch="false" />
                <line number="136" hits="3" branch="false" />
                <line number="138" hits="4" branch="false" />
                <line number="139" hits="4" branch="false" />
                <line number="140" hits="4" branch="false" />
                <line number="142" hits="1" branch="false" />
                <line number="143" hits="1" branch="false" />
                <line number="144" hits="1" branch="false" />
                <line number="145" hits="2" branch="false" />
                <line number="146" hits="2" branch="false" />
                <line number="147" hits="2" branch="false" />
                <line number="148" hits="1" branch="false" />
              </lines>
            </method>
            <method name="GetCellValueFormulaErrorTest" signature="()" line-rate="1" branch-rate="1" complexity="1">
              <lines>
                <line number="151" hits="1" branch="false" />
                <line number="152" hits="1" branch="false" />
                <line number="153" hits="1" branch="false" />
                <line number="154" hits="1" branch="false" />
                <line number="155" hits="1" branch="false" />
                <line number="156" hits="1" branch="false" />
                <line number="157" hits="1" branch="false" />
                <line number="158" hits="1" branch="false" />
                <line number="159" hits="1" branch="false" />
              </lines>
            </method>
            <method name="JsonTest" signature="()" line-rate="1" branch-rate="1" complexity="1">
              <lines>
                <line number="162" hits="1" branch="false" />
                <line number="164" hits="1" branch="false" />
                <line number="165" hits="1" branch="false" />
                <line number="166" hits="1" branch="false" />
                <line number="167" hits="1" branch="false" />
                <line number="170" hits="29" branch="false" />
                <line number="171" hits="1" branch="false" />
                <line number="172" hits="1" branch="false" />
                <line number="173" hits="1" branch="false" />
                <line number="174" hits="1" branch="false" />
                <line number="175" hits="1" branch="false" />
                <line number="176" hits="1" branch="false" />
                <line number="179" hits="1" branch="false" />
                <line number="180" hits="1" branch="false" />
                <line number="183" hits="21" branch="false" />
                <line number="184" hits="21" branch="false" />
                <line number="185" hits="1" branch="false" />
                <line number="186" hits="13" branch="false" />
                <line number="189" hits="1" branch="false" />
                <line number="190" hits="1" branch="false" />
                <line number="191" hits="1" branch="false" />
                <line number="192" hits="1" branch="false" />
                <line number="193" hits="1" branch="false" />
                <line number="194" hits="1" branch="false" />
                <line number="195" hits="1" branch="false" />
                <line number="198" hits="1" branch="false" />
                <line number="199" hits="1" branch="false" />
                <line number="200" hits="1" branch="false" />
                <line number="201" hits="1" branch="false" />
                <line number="202" hits="1" branch="false" />
                <line number="203" hits="1" branch="false" />
                <line number="204" hits="1" branch="false" />
                <line number="207" hits="1" branch="false" />
                <line number="208" hits="1" branch="false" />
                <line number="209" hits="1" branch="false" />
                <line number="210" hits="1" branch="false" />
                <line number="211" hits="1" branch="false" />
              </lines>
            </method>
            <method name="JsonExceptionTest" signature="()" line-rate="1" branch-rate="1" complexity="1">
              <lines>
                <line number="214" hits="1" branch="false" />
                <line number="215" hits="1" branch="false" />
                <line number="216" hits="1" branch="false" />
                <line number="217" hits="1" branch="false" />
                <line number="218" hits="1" branch="false" />
                <line number="219" hits="1" branch="false" />
                <line number="221" hits="1" branch="false" />
                <line number="222" hits="1" branch="false" />
                <line number="223" hits="1" branch="false" />
                <line number="224" hits="1" branch="false" />
                <line number="225" hits="2" branch="false" />
                <line number="226" hits="2" branch="false" />
                <line number="227" hits="2" branch="false" />
                <line number="228" hits="10" branch="false" />
                <line number="229" hits="8" branch="false" />
                <line number="230" hits="1" branch="false" />
              </lines>
            </method>
            <method name="ChagnedTest" signature="()" line-rate="1" branch-rate="1" complexity="1">
              <lines>
                <line number="234" hits="1" branch="false" />
                <line number="235" hits="1" branch="false" />
                <line number="236" hits="1" branch="false" />
                <line number="237" hits="1" branch="false" />
                <line number="238" hits="1" branch="false" />
                <line number="239" hits="1" branch="false" />
                <line number="240" hits="1" branch="false" />
                <line number="243" hits="5" branch="false" />
                <line number="244" hits="1" branch="false" />
                <line number="245" hits="1" branch="false" />
                <line number="246" hits="1" branch="false" />
                <line number="247" hits="1" branch="false" />
                <line number="248" hits="1" branch="false" />
                <line number="250" hits="1" branch="false" />
                <line number="251" hits="1" branch="false" />
                <line number="253" hits="9" branch="false" />
                <line number="254" hits="1" branch="false" />
                <line number="255" hits="1" branch="false" />
                <line number="256" hits="1" branch="false" />
                <line number="257" hits="1" branch="false" />
                <line number="258" hits="1" branch="false" />
                <line number="259" hits="1" branch="false" />
              </lines>
            </method>
            <method name="StressTest" signature="()" line-rate="1" branch-rate="1" complexity="2">
              <lines>
                <line number="262" hits="1" branch="false" />
                <line number="263" hits="1" branch="false" />
                <line number="264" hits="1002" branch="true" condition-coverage="100% (2/2)" />
                <line number="265" hits="500" branch="false" />
                <line number="266" hits="500" branch="false" />
                <line number="267" hits="500" branch="false" />
                <line number="268" hits="1" branch="false" />
                <line number="269" hits="1" branch="false" />
                <line number="270" hits="1" branch="false" />
              </lines>
            </method>
          </methods>
          <lines>
            <line number="17" hits="1" branch="false" />
            <line number="19" hits="6" branch="false" />
            <line number="20" hits="6" branch="false" />
            <line number="21" hits="6" branch="false" />
            <line number="23" hits="6" branch="false" />
            <line number="24" hits="6" branch="false" />
            <line number="25" hits="6" branch="false" />
            <line number="26" hits="1" branch="false" />
            <line number="27" hits="1" branch="false" />
            <line number="28" hits="1" branch="false" />
            <line number="29" hits="1" branch="false" />
            <line number="30" hits="1" branch="false" />
            <line number="31" hits="1" branch="false" />
            <line number="32" hits="1" branch="false" />
            <line number="33" hits="1" branch="false" />
            <line number="34" hits="1" branch="false" />
            <line number="35" hits="1" branch="false" />
            <line number="36" hits="1" branch="false" />
            <line number="37" hits="1" branch="false" />
            <line number="40" hits="1" branch="false" />
            <line number="41" hits="1" branch="false" />
            <line number="42" hits="1" branch="false" />
            <line number="43" hits="1" branch="false" />
            <line number="44" hits="1" branch="false" />
            <line number="45" hits="1" branch="false" />
            <line number="46" hits="1" branch="false" />
            <line number="47" hits="1" branch="false" />
            <line number="49" hits="1" branch="false" />
            <line number="51" hits="15" branch="true" condition-coverage="100% (2/2)" />
            <line number="52" hits="6" branch="false" />
            <line number="53" hits="1" branch="false" />
            <line number="55" hits="1" branch="false" />
            <line number="58" hits="1" branch="false" />
            <line number="59" hits="1" branch="false" />
            <line number="60" hits="1" branch="false" />
            <line number="61" hits="1" branch="false" />
            <line number="62" hits="1" branch="false" />
            <line number="63" hits="1" branch="false" />
            <line number="64" hits="1" branch="false" />
            <line number="65" hits="1" branch="false" />
            <line number="66" hits="1" branch="false" />
            <line number="67" hits="1" branch="false" />
            <line number="68" hits="1" branch="false" />
            <line number="69" hits="1" branch="false" />
            <line number="72" hits="1" branch="false" />
            <line number="73" hits="1" branch="false" />
            <line number="74" hits="1" branch="false" />
            <line number="75" hits="1" branch="false" />
            <line number="76" hits="1" branch="false" />
            <line number="77" hits="1" branch="false" />
            <line number="78" hits="1" branch="false" />
            <line number="79" hits="1" branch="false" />
            <line number="80" hits="1" branch="false" />
            <line number="81" hits="1" branch="false" />
            <line number="83" hits="1" branch="false" />
            <line number="84" hits="1" branch="false" />
            <line number="85" hits="12" branch="true" condition-coverage="100% (2/2)" />
            <line number="86" hits="5" branch="false" />
            <line number="87" hits="5" branch="false" />
            <line number="88" hits="5" branch="false" />
            <line number="90" hits="1" branch="false" />
            <line number="91" hits="1" branch="false" />
            <line number="94" hits="1" branch="false" />
            <line number="95" hits="1" branch="false" />
            <line number="97" hits="2" branch="false" />
            <line number="98" hits="2" branch="false" />
            <line number="99" hits="2" branch="false" />
            <line number="100" hits="2" branch="false" />
            <line number="101" hits="2" branch="false" />
            <line number="102" hits="2" branch="false" />
            <line number="103" hits="2" branch="false" />
            <line number="104" hits="2" branch="false" />
            <line number="105" hits="1" branch="false" />
            <line number="108" hits="1" branch="false" />
            <line number="109" hits="1" branch="false" />
            <line number="110" hits="1" branch="false" />
            <line number="111" hits="1" branch="false" />
            <line number="112" hits="1" branch="false" />
            <line number="113" hits="1" branch="false" />
            <line number="114" hits="1" branch="false" />
            <line number="115" hits="1" branch="false" />
            <line number="116" hits="1" branch="false" />
            <line number="117" hits="1" branch="false" />
            <line number="119" hits="1" branch="false" />
            <line number="120" hits="1" branch="false" />
            <line number="121" hits="1" branch="false" />
            <line number="122" hits="1" branch="false" />
            <line number="123" hits="1" branch="false" />
            <line number="124" hits="1" branch="false" />
            <line number="125" hits="1" branch="false" />
            <line number="126" hits="1" branch="false" />
            <line number="127" hits="1" branch="false" />
            <line number="130" hits="1" branch="false" />
            <line number="132" hits="3" branch="false" />
            <line number="133" hits="3" branch="true" condition-coverage="100% (2/2)" />
            <line number="134" hits="2" branch="false" />
            <line number="135" hits="1" branch="false" />
            <line number="136" hits="3" branch="false" />
            <line number="138" hits="4" branch="false" />
            <line number="139" hits="4" branch="false" />
            <line number="140" hits="4" branch="false" />
            <line number="142" hits="1" branch="false" />
            <line number="143" hits="1" branch="false" />
            <line number="144" hits="1" branch="false" />
            <line number="145" hits="2" branch="false" />
            <line number="146" hits="2" branch="false" />
            <line number="147" hits="2" branch="false" />
            <line number="148" hits="1" branch="false" />
            <line number="151" hits="1" branch="false" />
            <line number="152" hits="1" branch="false" />
            <line number="153" hits="1" branch="false" />
            <line number="154" hits="1" branch="false" />
            <line number="155" hits="1" branch="false" />
            <line number="156" hits="1" branch="false" />
            <line number="157" hits="1" branch="false" />
            <line number="158" hits="1" branch="false" />
            <line number="159" hits="1" branch="false" />
            <line number="162" hits="1" branch="false" />
            <line number="164" hits="1" branch="false" />
            <line number="165" hits="1" branch="false" />
            <line number="166" hits="1" branch="false" />
            <line number="167" hits="1" branch="false" />
            <line number="170" hits="29" branch="false" />
            <line number="171" hits="1" branch="false" />
            <line number="172" hits="1" branch="false" />
            <line number="173" hits="1" branch="false" />
            <line number="174" hits="1" branch="false" />
            <line number="175" hits="1" branch="false" />
            <line number="176" hits="1" branch="false" />
            <line number="179" hits="1" branch="false" />
            <line number="180" hits="1" branch="false" />
            <line number="183" hits="21" branch="false" />
            <line number="184" hits="21" branch="false" />
            <line number="185" hits="1" branch="false" />
            <line number="186" hits="13" branch="false" />
            <line number="189" hits="1" branch="false" />
            <line number="190" hits="1" branch="false" />
            <line number="191" hits="1" branch="false" />
            <line number="192" hits="1" branch="false" />
            <line number="193" hits="1" branch="false" />
            <line number="194" hits="1" branch="false" />
            <line number="195" hits="1" branch="false" />
            <line number="198" hits="1" branch="false" />
            <line number="199" hits="1" branch="false" />
            <line number="200" hits="1" branch="false" />
            <line number="201" hits="1" branch="false" />
            <line number="202" hits="1" branch="false" />
            <line number="203" hits="1" branch="false" />
            <line number="204" hits="1" branch="false" />
            <line number="207" hits="1" branch="false" />
            <line number="208" hits="1" branch="false" />
            <line number="209" hits="1" branch="false" />
            <line number="210" hits="1" branch="false" />
            <line number="211" hits="1" branch="false" />
            <line number="214" hits="1" branch="false" />
            <line number="215" hits="1" branch="false" />
            <line number="216" hits="1" branch="false" />
            <line number="217" hits="1" branch="false" />
            <line number="218" hits="1" branch="false" />
            <line number="219" hits="1" branch="false" />
            <line number="221" hits="1" branch="false" />
            <line number="222" hits="1" branch="false" />
            <line number="223" hits="1" branch="false" />
            <line number="224" hits="1" branch="false" />
            <line number="225" hits="2" branch="false" />
            <line number="226" hits="2" branch="false" />
            <line number="227" hits="2" branch="false" />
            <line number="228" hits="10" branch="false" />
            <line number="229" hits="8" branch="false" />
            <line number="230" hits="1" branch="false" />
            <line number="234" hits="1" branch="false" />
            <line number="235" hits="1" branch="false" />
            <line number="236" hits="1" branch="false" />
            <line number="237" hits="1" branch="false" />
            <line number="238" hits="1" branch="false" />
            <line number="239" hits="1" branch="false" />
            <line number="240" hits="1" branch="false" />
            <line number="243" hits="5" branch="false" />
            <line number="244" hits="1" branch="false" />
            <line number="245" hits="1" branch="false" />
            <line number="246" hits="1" branch="false" />
            <line number="247" hits="1" branch="false" />
            <line number="248" hits="1" branch="false" />
            <line number="250" hits="1" branch="false" />
            <line number="251" hits="1" branch="false" />
            <line number="253" hits="9" branch="false" />
            <line number="254" hits="1" branch="false" />
            <line number="255" hits="1" branch="false" />
            <line number="256" hits="1" branch="false" />
            <line number="257" hits="1" branch="false" />
            <line number="258" hits="1" branch="false" />
            <line number="259" hits="1" branch="false" />
            <line number="262" hits="1" branch="false" />
            <line number="263" hits="1" branch="false" />
            <line number="264" hits="1002" branch="true" condition-coverage="100% (2/2)" />
            <line number="265" hits="500" branch="false" />
            <line number="266" hits="500" branch="false" />
            <line number="267" hits="500" branch="false" />
            <line number="268" hits="1" branch="false" />
            <line number="269" hits="1" branch="false" />
            <line number="270" hits="1" branch="false" />
          </lines>
        </class>
      </classes>
    </package>
  </packages>
</coverage>