<?xml version="1.0" encoding="utf-8"?>
<coverage line-rate="0.8832" branch-rate="0.7661" version="1.9" timestamp="1676049797" lines-covered="1014" lines-valid="1148" branches-covered="213" branches-valid="278">
  <sources>
    <source>C:\Users\lucas\</source>
  </sources>
  <packages>
    <package name="DependencyGraph" line-rate="0.47869999999999996" branch-rate="0.4" complexity="42">
      <classes>
        <class name="SpreadsheetUtilities.DependencyGraph" filename="source\repos\spreadsheet-Saint-Luke\spreadsheet-Saint-Luke-main\Spreadsheet\DependencyGraph\DependencyGraph.cs" line-rate="0.47869999999999996" branch-rate="0.4" complexity="42">
          <methods>
            <method name="get_Size" signature="()" line-rate="0" branch-rate="1" complexity="1">
              <lines>
                <line number="65" hits="0" branch="False" />
              </lines>
            </method>
            <method name="get_Item" signature="(System.String)" line-rate="0" branch-rate="0" complexity="2">
              <lines>
                <line number="79" hits="0" branch="False" />
                <line number="81" hits="0" branch="True" condition-coverage="0% (0/2)">
                  <conditions>
                    <condition number="15" type="jump" coverage="0%" />
                  </conditions>
                </line>
                <line number="82" hits="0" branch="False" />
                <line number="84" hits="0" branch="False" />
                <line number="85" hits="0" branch="False" />
              </lines>
            </method>
            <method name="HasDependents" signature="(System.String)" line-rate="0" branch-rate="0" complexity="4">
              <lines>
                <line number="93" hits="0" branch="False" />
                <line number="95" hits="0" branch="True" condition-coverage="0% (0/2)">
                  <conditions>
                    <condition number="15" type="jump" coverage="0%" />
                  </conditions>
                </line>
                <line number="96" hits="0" branch="False" />
                <line number="97" hits="0" branch="True" condition-coverage="0% (0/2)">
                  <conditions>
                    <condition number="40" type="jump" coverage="0%" />
                  </conditions>
                </line>
                <line number="98" hits="0" branch="False" />
                <line number="99" hits="0" branch="False" />
                <line number="101" hits="0" branch="False" />
                <line number="103" hits="0" branch="False" />
              </lines>
            </method>
            <method name="HasDependees" signature="(System.String)" line-rate="0" branch-rate="0" complexity="4">
              <lines>
                <line number="110" hits="0" branch="False" />
                <line number="112" hits="0" branch="True" condition-coverage="0% (0/2)">
                  <conditions>
                    <condition number="15" type="jump" coverage="0%" />
                  </conditions>
                </line>
                <line number="113" hits="0" branch="False" />
                <line number="114" hits="0" branch="True" condition-coverage="0% (0/2)">
                  <conditions>
                    <condition number="40" type="jump" coverage="0%" />
                  </conditions>
                </line>
                <line number="115" hits="0" branch="False" />
                <line number="116" hits="0" branch="False" />
                <line number="118" hits="0" branch="False" />
                <line number="120" hits="0" branch="False" />
              </lines>
            </method>
            <method name="GetDependents" signature="(System.String)" line-rate="1" branch-rate="1" complexity="2">
              <lines>
                <line number="127" hits="231168" branch="False" />
                <line number="129" hits="231168" branch="True" condition-coverage="100% (2/2)">
                  <conditions>
                    <condition number="15" type="jump" coverage="100%" />
                  </conditions>
                </line>
                <line number="130" hits="229401" branch="False" />
                <line number="131" hits="1767" branch="False" />
                <line number="133" hits="231168" branch="False" />
              </lines>
            </method>
            <method name="GetDependees" signature="(System.String)" line-rate="0" branch-rate="0" complexity="2">
              <lines>
                <line number="139" hits="0" branch="False" />
                <line number="141" hits="0" branch="True" condition-coverage="0% (0/2)">
                  <conditions>
                    <condition number="18" type="jump" coverage="0%" />
                  </conditions>
                </line>
                <line number="142" hits="0" branch="False" />
                <line number="143" hits="0" branch="False" />
                <line number="144" hits="0" branch="False" />
              </lines>
            </method>
            <method name="AddDependency" signature="(System.String,System.String)" line-rate="1" branch-rate="1" complexity="8">
              <lines>
                <line number="158" hits="2683" branch="False" />
                <line number="160" hits="2683" branch="True" condition-coverage="100% (2/2)">
                  <conditions>
                    <condition number="15" type="jump" coverage="100%" />
                  </conditions>
                </line>
                <line number="161" hits="1058" branch="False" />
                <line number="162" hits="1058" branch="True" condition-coverage="100% (2/2)">
                  <conditions>
                    <condition number="41" type="jump" coverage="100%" />
                  </conditions>
                </line>
                <line number="163" hits="1058" branch="False" />
                <line number="164" hits="1058" branch="False" />
                <line number="165" hits="1058" branch="False" />
                <line number="166" hits="1058" branch="False" />
                <line number="167" hits="1058" branch="False" />
                <line number="169" hits="1625" branch="False" />
                <line number="170" hits="1625" branch="False" />
                <line number="171" hits="1625" branch="False" />
                <line number="172" hits="1625" branch="False" />
                <line number="187" hits="2683" branch="True" condition-coverage="100% (2/2)">
                  <conditions>
                    <condition number="137" type="jump" coverage="100%" />
                  </conditions>
                </line>
                <line number="188" hits="1074" branch="False" />
                <line number="189" hits="1074" branch="True" condition-coverage="100% (2/2)">
                  <conditions>
                    <condition number="163" type="jump" coverage="100%" />
                  </conditions>
                </line>
                <line number="190" hits="1074" branch="False" />
                <line number="191" hits="1074" branch="False" />
                <line number="193" hits="1609" branch="False" />
                <line number="195" hits="2683" branch="False" />
              </lines>
            </method>
            <method name="RemoveDependency" signature="(System.String,System.String)" line-rate="0" branch-rate="0" complexity="6">
              <lines>
                <line number="204" hits="0" branch="False" />
                <line number="207" hits="0" branch="True" condition-coverage="0% (0/2)">
                  <conditions>
                    <condition number="18" type="jump" coverage="0%" />
                  </conditions>
                </line>
                <line number="208" hits="0" branch="False" />
                <line number="210" hits="0" branch="True" condition-coverage="0% (0/2)">
                  <conditions>
                    <condition number="42" type="jump" coverage="0%" />
                  </conditions>
                </line>
                <line number="211" hits="0" branch="False" />
                <line number="213" hits="0" branch="True" condition-coverage="0% (0/2)">
                  <conditions>
                    <condition number="83" type="jump" coverage="0%" />
                  </conditions>
                </line>
                <line number="214" hits="0" branch="False" />
                <line number="216" hits="0" branch="False" />
                <line number="217" hits="0" branch="False" />
              </lines>
            </method>
            <method name="ReplaceDependents" signature="(System.String,System.Collections.Generic.IEnumerable`1&lt;System.String&gt;)" line-rate="0" branch-rate="0" complexity="6">
              <lines>
                <line number="225" hits="0" branch="False" />
                <line number="227" hits="0" branch="True" condition-coverage="0% (0/2)">
                  <conditions>
                    <condition number="18" type="jump" coverage="0%" />
                  </conditions>
                </line>
                <line number="228" hits="0" branch="False" />
                <line number="231" hits="0" branch="True" condition-coverage="0% (0/2)">
                  <conditions>
                    <condition number="96" type="jump" coverage="0%" />
                  </conditions>
                </line>
                <line number="232" hits="0" branch="False" />
                <line number="233" hits="0" branch="False" />
                <line number="234" hits="0" branch="False" />
                <line number="235" hits="0" branch="False" />
                <line number="238" hits="0" branch="False" />
                <line number="240" hits="0" branch="False" />
                <line number="241" hits="0" branch="True" condition-coverage="0% (0/2)">
                  <conditions>
                    <condition number="161" type="jump" coverage="0%" />
                  </conditions>
                </line>
                <line number="242" hits="0" branch="False" />
                <line number="244" hits="0" branch="False" />
              </lines>
            </method>
            <method name="ReplaceDependees" signature="(System.String,System.Collections.Generic.IEnumerable`1&lt;System.String&gt;)" line-rate="1" branch-rate="1" complexity="6">
              <lines>
                <line number="252" hits="1652" branch="False" />
                <line number="254" hits="1652" branch="True" condition-coverage="100% (2/2)">
                  <conditions>
                    <condition number="15" type="jump" coverage="100%" />
                  </conditions>
                </line>
                <line number="255" hits="17" branch="False" />
                <line number="257" hits="115" branch="True" condition-coverage="100% (2/2)">
                  <conditions>
                    <condition number="89" type="jump" coverage="100%" />
                  </conditions>
                </line>
                <line number="258" hits="32" branch="False" />
                <line number="259" hits="32" branch="False" />
                <line number="260" hits="32" branch="False" />
                <line number="261" hits="32" branch="False" />
                <line number="262" hits="17" branch="False" />
                <line number="266" hits="17" branch="False" />
                <line number="267" hits="1652" branch="False" />
                <line number="268" hits="4335" branch="True" condition-coverage="100% (2/2)">
                  <conditions>
                    <condition number="155" type="jump" coverage="100%" />
                  </conditions>
                </line>
                <line number="269" hits="2683" branch="False" />
                <line number="271" hits="1652" branch="False" />
              </lines>
            </method>
            <method name=".ctor" signature="()" line-rate="1" branch-rate="1" complexity="1">
              <lines>
                <line number="52" hits="99" branch="False" />
                <line number="53" hits="99" branch="False" />
                <line number="54" hits="99" branch="False" />
                <line number="55" hits="99" branch="False" />
                <line number="56" hits="99" branch="False" />
                <line number="57" hits="99" branch="False" />
              </lines>
            </method>
          </methods>
          <lines>
            <line number="65" hits="0" branch="False" />
            <line number="79" hits="0" branch="False" />
            <line number="81" hits="0" branch="True" condition-coverage="0% (0/2)">
              <conditions>
                <condition number="15" type="jump" coverage="0%" />
              </conditions>
            </line>
            <line number="82" hits="0" branch="False" />
            <line number="84" hits="0" branch="False" />
            <line number="85" hits="0" branch="False" />
            <line number="93" hits="0" branch="False" />
            <line number="95" hits="0" branch="True" condition-coverage="0% (0/2)">
              <conditions>
                <condition number="15" type="jump" coverage="0%" />
              </conditions>
            </line>
            <line number="96" hits="0" branch="False" />
            <line number="97" hits="0" branch="True" condition-coverage="0% (0/2)">
              <conditions>
                <condition number="40" type="jump" coverage="0%" />
              </conditions>
            </line>
            <line number="98" hits="0" branch="False" />
            <line number="99" hits="0" branch="False" />
            <line number="101" hits="0" branch="False" />
            <line number="103" hits="0" branch="False" />
            <line number="110" hits="0" branch="False" />
            <line number="112" hits="0" branch="True" condition-coverage="0% (0/2)">
              <conditions>
                <condition number="15" type="jump" coverage="0%" />
              </conditions>
            </line>
            <line number="113" hits="0" branch="False" />
            <line number="114" hits="0" branch="True" condition-coverage="0% (0/2)">
              <conditions>
                <condition number="40" type="jump" coverage="0%" />
              </conditions>
            </line>
            <line number="115" hits="0" branch="False" />
            <line number="116" hits="0" branch="False" />
            <line number="118" hits="0" branch="False" />
            <line number="120" hits="0" branch="False" />
            <line number="127" hits="231168" branch="False" />
            <line number="129" hits="231168" branch="True" condition-coverage="100% (2/2)">
              <conditions>
                <condition number="15" type="jump" coverage="100%" />
              </conditions>
            </line>
            <line number="130" hits="229401" branch="False" />
            <line number="131" hits="1767" branch="False" />
            <line number="133" hits="231168" branch="False" />
            <line number="139" hits="0" branch="False" />
            <line number="141" hits="0" branch="True" condition-coverage="0% (0/2)">
              <conditions>
                <condition number="18" type="jump" coverage="0%" />
              </conditions>
            </line>
            <line number="142" hits="0" branch="False" />
            <line number="143" hits="0" branch="False" />
            <line number="144" hits="0" branch="False" />
            <line number="158" hits="2683" branch="False" />
            <line number="160" hits="2683" branch="True" condition-coverage="100% (2/2)">
              <conditions>
                <condition number="15" type="jump" coverage="100%" />
              </conditions>
            </line>
            <line number="161" hits="1058" branch="False" />
            <line number="162" hits="1058" branch="True" condition-coverage="100% (2/2)">
              <conditions>
                <condition number="41" type="jump" coverage="100%" />
              </conditions>
            </line>
            <line number="163" hits="1058" branch="False" />
            <line number="164" hits="1058" branch="False" />
            <line number="165" hits="1058" branch="False" />
            <line number="166" hits="1058" branch="False" />
            <line number="167" hits="1058" branch="False" />
            <line number="169" hits="1625" branch="False" />
            <line number="170" hits="1625" branch="False" />
            <line number="171" hits="1625" branch="False" />
            <line number="172" hits="1625" branch="False" />
            <line number="187" hits="2683" branch="True" condition-coverage="100% (2/2)">
              <conditions>
                <condition number="137" type="jump" coverage="100%" />
              </conditions>
            </line>
            <line number="188" hits="1074" branch="False" />
            <line number="189" hits="1074" branch="True" condition-coverage="100% (2/2)">
              <conditions>
                <condition number="163" type="jump" coverage="100%" />
              </conditions>
            </line>
            <line number="190" hits="1074" branch="False" />
            <line number="191" hits="1074" branch="False" />
            <line number="193" hits="1609" branch="False" />
            <line number="195" hits="2683" branch="False" />
            <line number="204" hits="0" branch="False" />
            <line number="207" hits="0" branch="True" condition-coverage="0% (0/2)">
              <conditions>
                <condition number="18" type="jump" coverage="0%" />
              </conditions>
            </line>
            <line number="208" hits="0" branch="False" />
            <line number="210" hits="0" branch="True" condition-coverage="0% (0/2)">
              <conditions>
                <condition number="42" type="jump" coverage="0%" />
              </conditions>
            </line>
            <line number="211" hits="0" branch="False" />
            <line number="213" hits="0" branch="True" condition-coverage="0% (0/2)">
              <conditions>
                <condition number="83" type="jump" coverage="0%" />
              </conditions>
            </line>
            <line number="214" hits="0" branch="False" />
            <line number="216" hits="0" branch="False" />
            <line number="217" hits="0" branch="False" />
            <line number="225" hits="0" branch="False" />
            <line number="227" hits="0" branch="True" condition-coverage="0% (0/2)">
              <conditions>
                <condition number="18" type="jump" coverage="0%" />
              </conditions>
            </line>
            <line number="228" hits="0" branch="False" />
            <line number="231" hits="0" branch="True" condition-coverage="0% (0/2)">
              <conditions>
                <condition number="96" type="jump" coverage="0%" />
              </conditions>
            </line>
            <line number="232" hits="0" branch="False" />
            <line number="233" hits="0" branch="False" />
            <line number="234" hits="0" branch="False" />
            <line number="235" hits="0" branch="False" />
            <line number="238" hits="0" branch="False" />
            <line number="240" hits="0" branch="False" />
            <line number="241" hits="0" branch="True" condition-coverage="0% (0/2)">
              <conditions>
                <condition number="161" type="jump" coverage="0%" />
              </conditions>
            </line>
            <line number="242" hits="0" branch="False" />
            <line number="244" hits="0" branch="False" />
            <line number="252" hits="1652" branch="False" />
            <line number="254" hits="1652" branch="True" condition-coverage="100% (2/2)">
              <conditions>
                <condition number="15" type="jump" coverage="100%" />
              </conditions>
            </line>
            <line number="255" hits="17" branch="False" />
            <line number="257" hits="115" branch="True" condition-coverage="100% (2/2)">
              <conditions>
                <condition number="89" type="jump" coverage="100%" />
              </conditions>
            </line>
            <line number="258" hits="32" branch="False" />
            <line number="259" hits="32" branch="False" />
            <line number="260" hits="32" branch="False" />
            <line number="261" hits="32" branch="False" />
            <line number="262" hits="17" branch="False" />
            <line number="266" hits="17" branch="False" />
            <line number="267" hits="1652" branch="False" />
            <line number="268" hits="4335" branch="True" condition-coverage="100% (2/2)">
              <conditions>
                <condition number="155" type="jump" coverage="100%" />
              </conditions>
            </line>
            <line number="269" hits="2683" branch="False" />
            <line number="271" hits="1652" branch="False" />
            <line number="52" hits="99" branch="False" />
            <line number="53" hits="99" branch="False" />
            <line number="54" hits="99" branch="False" />
            <line number="55" hits="99" branch="False" />
            <line number="56" hits="99" branch="False" />
            <line number="57" hits="99" branch="False" />
          </lines>
        </class>
      </classes>
    </package>
    <package name="Formula" line-rate="0.6942" branch-rate="0.6525" complexity="126">
      <classes>
        <class name="SpreadsheetUtilities.Formula" filename="source\repos\spreadsheet-Saint-Luke\spreadsheet-Saint-Luke-main\Spreadsheet\Formula\Formula.cs" line-rate="0.6589" branch-rate="0.6403" complexity="119">
          <methods>
            <method name="Evaluate" signature="(System.Func`2&lt;System.String,System.Double&gt;)" line-rate="0.6504000000000001" branch-rate="0.606" complexity="66">
              <lines>
                <line number="116" hits="231008" branch="False" />
                <line number="119" hits="231008" branch="False" />
                <line number="121" hits="231008" branch="False" />
                <line number="122" hits="231008" branch="False" />
                <line number="123" hits="231008" branch="False" />
                <line number="127" hits="241972" branch="True" condition-coverage="100% (2/2)">
                  <conditions>
                    <condition number="1182" type="jump" coverage="100%" />
                  </conditions>
                </line>
                <line number="128" hits="238326" branch="False" />
                <line number="130" hits="238326" branch="False" />
                <line number="131" hits="238326" branch="False" />
                <line number="134" hits="238326" branch="True" condition-coverage="100% (4/4)">
                  <conditions>
                    <condition number="82" type="jump" coverage="100%" />
                    <condition number="102" type="jump" coverage="100%" />
                  </conditions>
                </line>
                <line number="135" hits="3628" branch="False" />
                <line number="137" hits="3628" branch="True" condition-coverage="100% (2/2)">
                  <conditions>
                    <condition number="123" type="jump" coverage="100%" />
                  </conditions>
                </line>
                <line number="138" hits="1" branch="False" />
                <line number="141" hits="3628" branch="False" />
                <line number="142" hits="3628" branch="False" />
                <line number="145" hits="234698" branch="True" condition-coverage="100% (6/6)">
                  <conditions>
                    <condition number="163" type="jump" coverage="100%" />
                    <condition number="176" type="jump" coverage="100%" />
                    <condition number="196" type="jump" coverage="100%" />
                  </conditions>
                </line>
                <line number="146" hits="31" branch="False" />
                <line number="147" hits="31" branch="False" />
                <line number="148" hits="31" branch="False" />
                <line number="151" hits="234667" branch="True" condition-coverage="50% (1/2)">
                  <conditions>
                    <condition number="233" type="jump" coverage="50%" />
                  </conditions>
                </line>
                <line number="152" hits="0" branch="False" />
                <line number="154" hits="0" branch="True" condition-coverage="0% (0/2)">
                  <conditions>
                    <condition number="257" type="jump" coverage="0%" />
                  </conditions>
                </line>
                <line number="155" hits="0" branch="False" />
                <line number="159" hits="0" branch="False" />
                <line number="163" hits="0" branch="True" condition-coverage="0% (0/2)">
                  <conditions>
                    <condition number="307" type="jump" coverage="0%" />
                  </conditions>
                </line>
                <line number="164" hits="0" branch="False" />
                <line number="166" hits="0" branch="True" condition-coverage="0% (0/2)">
                  <conditions>
                    <condition number="361" type="jump" coverage="0%" />
                  </conditions>
                </line>
                <line number="167" hits="0" branch="False" />
                <line number="168" hits="0" branch="False" />
                <line number="172" hits="0" branch="True" condition-coverage="0% (0/2)">
                  <conditions>
                    <condition number="415" type="jump" coverage="0%" />
                  </conditions>
                </line>
                <line number="174" hits="0" branch="True" condition-coverage="0% (0/2)">
                  <conditions>
                    <condition number="451" type="jump" coverage="0%" />
                  </conditions>
                </line>
                <line number="175" hits="0" branch="False" />
                <line number="177" hits="0" branch="True" condition-coverage="0% (0/2)">
                  <conditions>
                    <condition number="472" type="jump" coverage="0%" />
                  </conditions>
                </line>
                <line number="178" hits="0" branch="False" />
                <line number="179" hits="0" branch="False" />
                <line number="180" hits="0" branch="False" />
                <line number="181" hits="0" branch="False" />
                <line number="182" hits="0" branch="True" condition-coverage="0% (0/2)">
                  <conditions>
                    <condition number="579" type="jump" coverage="0%" />
                  </conditions>
                </line>
                <line number="183" hits="0" branch="False" />
                <line number="185" hits="0" branch="True" condition-coverage="0% (0/2)">
                  <conditions>
                    <condition number="603" type="jump" coverage="0%" />
                  </conditions>
                </line>
                <line number="186" hits="0" branch="False" />
                <line number="187" hits="0" branch="False" />
                <line number="188" hits="0" branch="False" />
                <line number="189" hits="0" branch="True" condition-coverage="0% (0/2)">
                  <conditions>
                    <condition number="670" type="jump" coverage="0%" />
                  </conditions>
                </line>
                <line number="190" hits="0" branch="False" />
                <line number="192" hits="0" branch="False" />
                <line number="193" hits="0" branch="False" />
                <line number="194" hits="0" branch="False" />
                <line number="195" hits="0" branch="False" />
                <line number="196" hits="0" branch="False" />
                <line number="199" hits="234667" branch="True" condition-coverage="75% (3/4)">
                  <conditions>
                    <condition number="739" type="jump" coverage="100%" />
                    <condition number="759" type="jump" coverage="50%" />
                  </conditions>
                </line>
                <line number="200" hits="234667" branch="False" />
                <line number="202" hits="234667" branch="True" condition-coverage="100% (2/2)">
                  <conditions>
                    <condition number="780" type="jump" coverage="100%" />
                  </conditions>
                </line>
                <line number="204" hits="234143" branch="False" />
                <line number="205" hits="234143" branch="False" />
                <line number="206" hits="6791" branch="False" />
                <line number="207" hits="227352" branch="False" />
                <line number="208" hits="227352" branch="False" />
                <line number="209" hits="227352" branch="False" />
                <line number="213" hits="7315" branch="True" condition-coverage="100% (2/2)">
                  <conditions>
                    <condition number="837" type="jump" coverage="100%" />
                  </conditions>
                </line>
                <line number="214" hits="3684" branch="False" />
                <line number="216" hits="3631" branch="True" condition-coverage="100% (2/2)">
                  <conditions>
                    <condition number="888" type="jump" coverage="100%" />
                  </conditions>
                </line>
                <line number="217" hits="10" branch="False" />
                <line number="219" hits="10" branch="True" condition-coverage="50% (1/2)">
                  <conditions>
                    <condition number="909" type="jump" coverage="50%" />
                  </conditions>
                </line>
                <line number="220" hits="0" branch="False" />
                <line number="221" hits="10" branch="False" />
                <line number="222" hits="10" branch="False" />
                <line number="223" hits="10" branch="False" />
                <line number="224" hits="3621" branch="True" condition-coverage="100% (2/2)">
                  <conditions>
                    <condition number="1007" type="jump" coverage="100%" />
                  </conditions>
                </line>
                <line number="225" hits="20" branch="False" />
                <line number="227" hits="20" branch="True" condition-coverage="100% (4/4)">
                  <conditions>
                    <condition number="1021" type="jump" coverage="100%" />
                    <condition number="1044" type="jump" coverage="100%" />
                  </conditions>
                </line>
                <line number="228" hits="10" branch="False" />
                <line number="229" hits="10" branch="False" />
                <line number="230" hits="10" branch="False" />
                <line number="231" hits="10" branch="False" />
                <line number="233" hits="3601" branch="False" />
                <line number="234" hits="7305" branch="False" />
                <line number="237" hits="0" branch="True" condition-coverage="50% (1/2)">
                  <conditions>
                    <condition number="1141" type="jump" coverage="50%" />
                  </conditions>
                </line>
                <line number="238" hits="0" branch="False" />
                <line number="241" hits="10964" branch="False" />
                <line number="244" hits="3646" branch="True" condition-coverage="100% (2/2)">
                  <conditions>
                    <condition number="1205" type="jump" coverage="100%" />
                  </conditions>
                </line>
                <line number="245" hits="46" branch="False" />
                <line number="247" hits="46" branch="True" condition-coverage="50% (1/2)">
                  <conditions>
                    <condition number="1226" type="jump" coverage="50%" />
                  </conditions>
                </line>
                <line number="248" hits="46" branch="False" />
                <line number="250" hits="0" branch="False" />
                <line number="251" hits="46" branch="False" />
                <line number="255" hits="3600" branch="False" />
                <line number="257" hits="3600" branch="True" condition-coverage="50% (2/4)">
                  <conditions>
                    <condition number="1283" type="jump" coverage="50%" />
                    <condition number="1309" type="jump" coverage="50%" />
                  </conditions>
                </line>
                <line number="258" hits="0" branch="False" />
                <line number="260" hits="3600" branch="True" condition-coverage="100% (2/2)">
                  <conditions>
                    <condition number="1363" type="jump" coverage="100%" />
                  </conditions>
                </line>
                <line number="261" hits="3596" branch="False" />
                <line number="263" hits="3596" branch="False" />
                <line number="264" hits="3596" branch="False" />
                <line number="265" hits="4" branch="True" condition-coverage="50% (1/2)">
                  <conditions>
                    <condition number="1423" type="jump" coverage="50%" />
                  </conditions>
                </line>
                <line number="266" hits="4" branch="False" />
                <line number="268" hits="4" branch="False" />
                <line number="269" hits="4" branch="False" />
                <line number="270" hits="4" branch="False" />
                <line number="271" hits="4" branch="False" />
                <line number="273" hits="0" branch="False" />
                <line number="274" hits="3600" branch="False" />
                <line number="303" hits="3646" branch="False" />
                <line number="304" hits="231008" branch="False" />
              </lines>
            </method>
            <method name="GetVariables" signature="()" line-rate="1" branch-rate="1" complexity="4">
              <lines>
                <line number="318" hits="1611" branch="False" />
                <line number="320" hits="1611" branch="False" />
                <line number="321" hits="1611" branch="False" />
                <line number="322" hits="6408" branch="True" condition-coverage="100% (2/2)">
                  <conditions>
                    <condition number="66" type="jump" coverage="100%" />
                  </conditions>
                </line>
                <line number="323" hits="4797" branch="False" />
                <line number="324" hits="4797" branch="True" condition-coverage="100% (2/2)">
                  <conditions>
                    <condition number="40" type="jump" coverage="100%" />
                  </conditions>
                </line>
                <line number="325" hits="2683" branch="False" />
                <line number="326" hits="4797" branch="False" />
                <line number="327" hits="1611" branch="False" />
                <line number="328" hits="1611" branch="False" />
                <line number="330" hits="1611" branch="False" />
              </lines>
            </method>
            <method name="ToString" signature="()" line-rate="1" branch-rate="1" complexity="4">
              <lines>
                <line number="344" hits="18" branch="False" />
                <line number="346" hits="18" branch="False" />
                <line number="347" hits="18" branch="False" />
                <line number="350" hits="72" branch="True" condition-coverage="100% (2/2)">
                  <conditions>
                    <condition number="94" type="jump" coverage="100%" />
                  </conditions>
                </line>
                <line number="351" hits="54" branch="False" />
                <line number="352" hits="54" branch="True" condition-coverage="100% (2/2)">
                  <conditions>
                    <condition number="40" type="jump" coverage="100%" />
                  </conditions>
                </line>
                <line number="353" hits="10" branch="False" />
                <line number="354" hits="44" branch="False" />
                <line number="355" hits="54" branch="False" />
                <line number="357" hits="18" branch="False" />
                <line number="358" hits="18" branch="False" />
              </lines>
            </method>
            <method name="Equals" signature="(System.Object)" line-rate="0.8" branch-rate="0.5" complexity="2">
              <lines>
                <line number="381" hits="5" branch="False" />
                <line number="383" hits="5" branch="True" condition-coverage="50% (1/2)">
                  <conditions>
                    <condition number="15" type="jump" coverage="50%" />
                  </conditions>
                </line>
                <line number="384" hits="5" branch="False" />
                <line number="388" hits="0" branch="False" />
                <line number="389" hits="5" branch="False" />
              </lines>
            </method>
            <method name="op_Equality" signature="(SpreadsheetUtilities.Formula,SpreadsheetUtilities.Formula)" line-rate="0" branch-rate="1" complexity="1">
              <lines>
                <line number="396" hits="0" branch="False" />
                <line number="398" hits="0" branch="False" />
                <line number="399" hits="0" branch="False" />
              </lines>
            </method>
            <method name="op_Inequality" signature="(SpreadsheetUtilities.Formula,SpreadsheetUtilities.Formula)" line-rate="0" branch-rate="1" complexity="1">
              <lines>
                <line number="406" hits="0" branch="False" />
                <line number="408" hits="0" branch="False" />
                <line number="409" hits="0" branch="False" />
              </lines>
            </method>
            <method name="GetHashCode" signature="()" line-rate="0" branch-rate="1" complexity="1">
              <lines>
                <line number="417" hits="0" branch="False" />
                <line number="419" hits="0" branch="False" />
                <line number="420" hits="0" branch="False" />
              </lines>
            </method>
            <method name="isValidFormula" signature="(System.Func`2&lt;System.String,System.String&gt;,System.Func`2&lt;System.String,System.Boolean&gt;,System.Collections.Generic.IEnumerable`1&lt;System.String&gt;)" line-rate="0.75" branch-rate="0.7" complexity="30">
              <lines>
                <line number="453" hits="1613" branch="False" />
                <line number="455" hits="1613" branch="False" />
                <line number="458" hits="1613" branch="False" />
                <line number="459" hits="1613" branch="False" />
                <line number="460" hits="1613" branch="False" />
                <line number="462" hits="1613" branch="False" />
                <line number="465" hits="1613" branch="True" condition-coverage="50% (1/2)">
                  <conditions>
                    <condition number="38" type="jump" coverage="50%" />
                  </conditions>
                </line>
                <line number="466" hits="0" branch="False" />
                <line number="469" hits="1613" branch="True" condition-coverage="50% (1/2)">
                  <conditions>
                    <condition number="74" type="jump" coverage="50%" />
                  </conditions>
                </line>
                <line number="470" hits="0" branch="False" />
                <line number="472" hits="1613" branch="True" condition-coverage="100% (2/2)">
                  <conditions>
                    <condition number="110" type="jump" coverage="100%" />
                  </conditions>
                </line>
                <line number="473" hits="1" branch="False" />
                <line number="476" hits="6409" branch="True" condition-coverage="100% (2/2)">
                  <conditions>
                    <condition number="473" type="jump" coverage="100%" />
                  </conditions>
                </line>
                <line number="477" hits="4798" branch="False" />
                <line number="478" hits="4798" branch="False" />
                <line number="481" hits="4798" branch="True" condition-coverage="100% (2/2)">
                  <conditions>
                    <condition number="154" type="jump" coverage="100%" />
                  </conditions>
                </line>
                <line number="482" hits="2684" branch="False" />
                <line number="483" hits="2684" branch="False" />
                <line number="484" hits="2684" branch="True" condition-coverage="100% (2/2)">
                  <conditions>
                    <condition number="182" type="jump" coverage="100%" />
                  </conditions>
                </line>
                <line number="485" hits="1" branch="False" />
                <line number="486" hits="2683" branch="False" />
                <line number="489" hits="2114" branch="True" condition-coverage="50% (1/2)">
                  <conditions>
                    <condition number="224" type="jump" coverage="50%" />
                  </conditions>
                </line>
                <line number="490" hits="0" branch="False" />
                <line number="493" hits="4797" branch="True" condition-coverage="50% (1/2)">
                  <conditions>
                    <condition number="260" type="jump" coverage="50%" />
                  </conditions>
                </line>
                <line number="494" hits="0" branch="False" />
                <line number="495" hits="4797" branch="True" condition-coverage="50% (1/2)">
                  <conditions>
                    <condition number="282" type="jump" coverage="50%" />
                  </conditions>
                </line>
                <line number="496" hits="0" branch="False" />
                <line number="499" hits="4797" branch="True" condition-coverage="50% (1/2)">
                  <conditions>
                    <condition number="296" type="jump" coverage="50%" />
                  </conditions>
                </line>
                <line number="500" hits="0" branch="False" />
                <line number="503" hits="4797" branch="True" condition-coverage="100% (2/2)">
                  <conditions>
                    <condition number="339" type="jump" coverage="100%" />
                  </conditions>
                </line>
                <line number="504" hits="1593" branch="True" condition-coverage="50% (1/2)">
                  <conditions>
                    <condition number="360" type="jump" coverage="50%" />
                  </conditions>
                </line>
                <line number="505" hits="0" branch="False" />
                <line number="506" hits="0" branch="False" />
                <line number="508" hits="4797" branch="True" condition-coverage="100% (2/2)">
                  <conditions>
                    <condition number="409" type="jump" coverage="100%" />
                  </conditions>
                </line>
                <line number="509" hits="1593" branch="True" condition-coverage="50% (1/2)">
                  <conditions>
                    <condition number="430" type="jump" coverage="50%" />
                  </conditions>
                </line>
                <line number="510" hits="0" branch="False" />
                <line number="511" hits="0" branch="False" />
                <line number="516" hits="4797" branch="False" />
                <line number="517" hits="4797" branch="False" />
                <line number="518" hits="4797" branch="False" />
                <line number="521" hits="1611" branch="True" condition-coverage="50% (1/2)">
                  <conditions>
                    <condition number="489" type="jump" coverage="50%" />
                  </conditions>
                </line>
                <line number="522" hits="0" branch="False" />
                <line number="525" hits="1611" branch="False" />
                <line number="526" hits="1611" branch="False" />
              </lines>
            </method>
            <method name="&lt;Evaluate&gt;g__addOrSub|5_0" signature="(SpreadsheetUtilities.Formula/&lt;&gt;c__DisplayClass5_0&amp;)" line-rate="0.4736" branch-rate="0.375" complexity="8">
              <lines>
                <line number="280" hits="1" branch="False" />
                <line number="281" hits="1" branch="True" condition-coverage="50% (1/2)">
                  <conditions>
                    <condition number="29" type="jump" coverage="50%" />
                  </conditions>
                </line>
                <line number="282" hits="1" branch="False" />
                <line number="283" hits="1" branch="True" condition-coverage="50% (1/2)">
                  <conditions>
                    <condition number="48" type="jump" coverage="50%" />
                  </conditions>
                </line>
                <line number="284" hits="0" branch="False" />
                <line number="286" hits="1" branch="False" />
                <line number="287" hits="1" branch="False" />
                <line number="288" hits="1" branch="False" />
                <line number="289" hits="0" branch="True" condition-coverage="50% (1/2)">
                  <conditions>
                    <condition number="149" type="jump" coverage="50%" />
                  </conditions>
                </line>
                <line number="290" hits="0" branch="False" />
                <line number="291" hits="0" branch="True" condition-coverage="0% (0/2)">
                  <conditions>
                    <condition number="170" type="jump" coverage="0%" />
                  </conditions>
                </line>
                <line number="292" hits="0" branch="False" />
                <line number="294" hits="0" branch="False" />
                <line number="295" hits="0" branch="False" />
                <line number="296" hits="0" branch="False" />
                <line number="297" hits="0" branch="False" />
                <line number="298" hits="0" branch="False" />
                <line number="299" hits="1" branch="False" />
                <line number="300" hits="1" branch="False" />
              </lines>
            </method>
            <method name=".ctor" signature="(System.String)" line-rate="0" branch-rate="1" complexity="1">
              <lines>
                <line number="52" hits="0" branch="False" />
                <line number="53" hits="0" branch="False" />
                <line number="55" hits="0" branch="False" />
                <line number="56" hits="0" branch="False" />
                <line number="57" hits="0" branch="False" />
                <line number="58" hits="0" branch="False" />
                <line number="60" hits="0" branch="False" />
              </lines>
            </method>
            <method name=".ctor" signature="(System.String,System.Func`2&lt;System.String,System.String&gt;,System.Func`2&lt;System.String,System.Boolean&gt;)" line-rate="1" branch-rate="1" complexity="1">
              <lines>
                <line number="39" hits="1613" branch="False" />
                <line number="84" hits="1613" branch="False" />
                <line number="85" hits="1613" branch="False" />
                <line number="87" hits="1613" branch="False" />
                <line number="88" hits="1613" branch="False" />
                <line number="89" hits="1611" branch="False" />
                <line number="90" hits="1611" branch="False" />
                <line number="92" hits="1611" branch="False" />
              </lines>
            </method>
          </methods>
          <lines>
            <line number="116" hits="231008" branch="False" />
            <line number="119" hits="231008" branch="False" />
            <line number="121" hits="231008" branch="False" />
            <line number="122" hits="231008" branch="False" />
            <line number="123" hits="231008" branch="False" />
            <line number="127" hits="241972" branch="True" condition-coverage="100% (2/2)">
              <conditions>
                <condition number="1182" type="jump" coverage="100%" />
              </conditions>
            </line>
            <line number="128" hits="238326" branch="False" />
            <line number="130" hits="238326" branch="False" />
            <line number="131" hits="238326" branch="False" />
            <line number="134" hits="238326" branch="True" condition-coverage="100% (4/4)">
              <conditions>
                <condition number="82" type="jump" coverage="100%" />
                <condition number="102" type="jump" coverage="100%" />
              </conditions>
            </line>
            <line number="135" hits="3628" branch="False" />
            <line number="137" hits="3628" branch="True" condition-coverage="100% (2/2)">
              <conditions>
                <condition number="123" type="jump" coverage="100%" />
              </conditions>
            </line>
            <line number="138" hits="1" branch="False" />
            <line number="141" hits="3628" branch="False" />
            <line number="142" hits="3628" branch="False" />
            <line number="145" hits="234698" branch="True" condition-coverage="100% (6/6)">
              <conditions>
                <condition number="163" type="jump" coverage="100%" />
                <condition number="176" type="jump" coverage="100%" />
                <condition number="196" type="jump" coverage="100%" />
              </conditions>
            </line>
            <line number="146" hits="31" branch="False" />
            <line number="147" hits="31" branch="False" />
            <line number="148" hits="31" branch="False" />
            <line number="151" hits="234667" branch="True" condition-coverage="50% (1/2)">
              <conditions>
                <condition number="233" type="jump" coverage="50%" />
              </conditions>
            </line>
            <line number="152" hits="0" branch="False" />
            <line number="154" hits="0" branch="True" condition-coverage="0% (0/2)">
              <conditions>
                <condition number="257" type="jump" coverage="0%" />
              </conditions>
            </line>
            <line number="155" hits="0" branch="False" />
            <line number="159" hits="0" branch="False" />
            <line number="163" hits="0" branch="True" condition-coverage="0% (0/2)">
              <conditions>
                <condition number="307" type="jump" coverage="0%" />
              </conditions>
            </line>
            <line number="164" hits="0" branch="False" />
            <line number="166" hits="0" branch="True" condition-coverage="0% (0/2)">
              <conditions>
                <condition number="361" type="jump" coverage="0%" />
              </conditions>
            </line>
            <line number="167" hits="0" branch="False" />
            <line number="168" hits="0" branch="False" />
            <line number="172" hits="0" branch="True" condition-coverage="0% (0/2)">
              <conditions>
                <condition number="415" type="jump" coverage="0%" />
              </conditions>
            </line>
            <line number="174" hits="0" branch="True" condition-coverage="0% (0/2)">
              <conditions>
                <condition number="451" type="jump" coverage="0%" />
              </conditions>
            </line>
            <line number="175" hits="0" branch="False" />
            <line number="177" hits="0" branch="True" condition-coverage="0% (0/2)">
              <conditions>
                <condition number="472" type="jump" coverage="0%" />
              </conditions>
            </line>
            <line number="178" hits="0" branch="False" />
            <line number="179" hits="0" branch="False" />
            <line number="180" hits="0" branch="False" />
            <line number="181" hits="0" branch="False" />
            <line number="182" hits="0" branch="True" condition-coverage="0% (0/2)">
              <conditions>
                <condition number="579" type="jump" coverage="0%" />
              </conditions>
            </line>
            <line number="183" hits="0" branch="False" />
            <line number="185" hits="0" branch="True" condition-coverage="0% (0/2)">
              <conditions>
                <condition number="603" type="jump" coverage="0%" />
              </conditions>
            </line>
            <line number="186" hits="0" branch="False" />
            <line number="187" hits="0" branch="False" />
            <line number="188" hits="0" branch="False" />
            <line number="189" hits="0" branch="True" condition-coverage="0% (0/2)">
              <conditions>
                <condition number="670" type="jump" coverage="0%" />
              </conditions>
            </line>
            <line number="190" hits="0" branch="False" />
            <line number="192" hits="0" branch="False" />
            <line number="193" hits="0" branch="False" />
            <line number="194" hits="0" branch="False" />
            <line number="195" hits="0" branch="False" />
            <line number="196" hits="0" branch="False" />
            <line number="199" hits="234667" branch="True" condition-coverage="75% (3/4)">
              <conditions>
                <condition number="739" type="jump" coverage="100%" />
                <condition number="759" type="jump" coverage="50%" />
              </conditions>
            </line>
            <line number="200" hits="234667" branch="False" />
            <line number="202" hits="234667" branch="True" condition-coverage="100% (2/2)">
              <conditions>
                <condition number="780" type="jump" coverage="100%" />
              </conditions>
            </line>
            <line number="204" hits="234143" branch="False" />
            <line number="205" hits="234143" branch="False" />
            <line number="206" hits="6791" branch="False" />
            <line number="207" hits="227352" branch="False" />
            <line number="208" hits="227352" branch="False" />
            <line number="209" hits="227352" branch="False" />
            <line number="213" hits="7315" branch="True" condition-coverage="100% (2/2)">
              <conditions>
                <condition number="837" type="jump" coverage="100%" />
              </conditions>
            </line>
            <line number="214" hits="3684" branch="False" />
            <line number="216" hits="3631" branch="True" condition-coverage="100% (2/2)">
              <conditions>
                <condition number="888" type="jump" coverage="100%" />
              </conditions>
            </line>
            <line number="217" hits="10" branch="False" />
            <line number="219" hits="10" branch="True" condition-coverage="50% (1/2)">
              <conditions>
                <condition number="909" type="jump" coverage="50%" />
              </conditions>
            </line>
            <line number="220" hits="0" branch="False" />
            <line number="221" hits="10" branch="False" />
            <line number="222" hits="10" branch="False" />
            <line number="223" hits="10" branch="False" />
            <line number="224" hits="3621" branch="True" condition-coverage="100% (2/2)">
              <conditions>
                <condition number="1007" type="jump" coverage="100%" />
              </conditions>
            </line>
            <line number="225" hits="20" branch="False" />
            <line number="227" hits="20" branch="True" condition-coverage="100% (4/4)">
              <conditions>
                <condition number="1021" type="jump" coverage="100%" />
                <condition number="1044" type="jump" coverage="100%" />
              </conditions>
            </line>
            <line number="228" hits="10" branch="False" />
            <line number="229" hits="10" branch="False" />
            <line number="230" hits="10" branch="False" />
            <line number="231" hits="10" branch="False" />
            <line number="233" hits="3601" branch="False" />
            <line number="234" hits="7305" branch="False" />
            <line number="237" hits="0" branch="True" condition-coverage="50% (1/2)">
              <conditions>
                <condition number="1141" type="jump" coverage="50%" />
              </conditions>
            </line>
            <line number="238" hits="0" branch="False" />
            <line number="241" hits="10964" branch="False" />
            <line number="244" hits="3646" branch="True" condition-coverage="100% (2/2)">
              <conditions>
                <condition number="1205" type="jump" coverage="100%" />
              </conditions>
            </line>
            <line number="245" hits="46" branch="False" />
            <line number="247" hits="46" branch="True" condition-coverage="50% (1/2)">
              <conditions>
                <condition number="1226" type="jump" coverage="50%" />
              </conditions>
            </line>
            <line number="248" hits="46" branch="False" />
            <line number="250" hits="0" branch="False" />
            <line number="251" hits="46" branch="False" />
            <line number="255" hits="3600" branch="False" />
            <line number="257" hits="3600" branch="True" condition-coverage="50% (2/4)">
              <conditions>
                <condition number="1283" type="jump" coverage="50%" />
                <condition number="1309" type="jump" coverage="50%" />
              </conditions>
            </line>
            <line number="258" hits="0" branch="False" />
            <line number="260" hits="3600" branch="True" condition-coverage="100% (2/2)">
              <conditions>
                <condition number="1363" type="jump" coverage="100%" />
              </conditions>
            </line>
            <line number="261" hits="3596" branch="False" />
            <line number="263" hits="3596" branch="False" />
            <line number="264" hits="3596" branch="False" />
            <line number="265" hits="4" branch="True" condition-coverage="50% (1/2)">
              <conditions>
                <condition number="1423" type="jump" coverage="50%" />
              </conditions>
            </line>
            <line number="266" hits="4" branch="False" />
            <line number="268" hits="4" branch="False" />
            <line number="269" hits="4" branch="False" />
            <line number="270" hits="4" branch="False" />
            <line number="271" hits="4" branch="False" />
            <line number="273" hits="0" branch="False" />
            <line number="274" hits="3600" branch="False" />
            <line number="303" hits="3646" branch="False" />
            <line number="304" hits="231008" branch="False" />
            <line number="318" hits="1611" branch="False" />
            <line number="320" hits="1611" branch="False" />
            <line number="321" hits="1611" branch="False" />
            <line number="322" hits="6408" branch="True" condition-coverage="100% (2/2)">
              <conditions>
                <condition number="66" type="jump" coverage="100%" />
              </conditions>
            </line>
            <line number="323" hits="4797" branch="False" />
            <line number="324" hits="4797" branch="True" condition-coverage="100% (2/2)">
              <conditions>
                <condition number="40" type="jump" coverage="100%" />
              </conditions>
            </line>
            <line number="325" hits="2683" branch="False" />
            <line number="326" hits="4797" branch="False" />
            <line number="327" hits="1611" branch="False" />
            <line number="328" hits="1611" branch="False" />
            <line number="330" hits="1611" branch="False" />
            <line number="344" hits="18" branch="False" />
            <line number="346" hits="18" branch="False" />
            <line number="347" hits="18" branch="False" />
            <line number="350" hits="72" branch="True" condition-coverage="100% (2/2)">
              <conditions>
                <condition number="94" type="jump" coverage="100%" />
              </conditions>
            </line>
            <line number="351" hits="54" branch="False" />
            <line number="352" hits="54" branch="True" condition-coverage="100% (2/2)">
              <conditions>
                <condition number="40" type="jump" coverage="100%" />
              </conditions>
            </line>
            <line number="353" hits="10" branch="False" />
            <line number="354" hits="44" branch="False" />
            <line number="355" hits="54" branch="False" />
            <line number="357" hits="18" branch="False" />
            <line number="358" hits="18" branch="False" />
            <line number="381" hits="5" branch="False" />
            <line number="383" hits="5" branch="True" condition-coverage="50% (1/2)">
              <conditions>
                <condition number="15" type="jump" coverage="50%" />
              </conditions>
            </line>
            <line number="384" hits="5" branch="False" />
            <line number="388" hits="0" branch="False" />
            <line number="389" hits="5" branch="False" />
            <line number="396" hits="0" branch="False" />
            <line number="398" hits="0" branch="False" />
            <line number="399" hits="0" branch="False" />
            <line number="406" hits="0" branch="False" />
            <line number="408" hits="0" branch="False" />
            <line number="409" hits="0" branch="False" />
            <line number="417" hits="0" branch="False" />
            <line number="419" hits="0" branch="False" />
            <line number="420" hits="0" branch="False" />
            <line number="453" hits="1613" branch="False" />
            <line number="455" hits="1613" branch="False" />
            <line number="458" hits="1613" branch="False" />
            <line number="459" hits="1613" branch="False" />
            <line number="460" hits="1613" branch="False" />
            <line number="462" hits="1613" branch="False" />
            <line number="465" hits="1613" branch="True" condition-coverage="50% (1/2)">
              <conditions>
                <condition number="38" type="jump" coverage="50%" />
              </conditions>
            </line>
            <line number="466" hits="0" branch="False" />
            <line number="469" hits="1613" branch="True" condition-coverage="50% (1/2)">
              <conditions>
                <condition number="74" type="jump" coverage="50%" />
              </conditions>
            </line>
            <line number="470" hits="0" branch="False" />
            <line number="472" hits="1613" branch="True" condition-coverage="100% (2/2)">
              <conditions>
                <condition number="110" type="jump" coverage="100%" />
              </conditions>
            </line>
            <line number="473" hits="1" branch="False" />
            <line number="476" hits="6409" branch="True" condition-coverage="100% (2/2)">
              <conditions>
                <condition number="473" type="jump" coverage="100%" />
              </conditions>
            </line>
            <line number="477" hits="4798" branch="False" />
            <line number="478" hits="4798" branch="False" />
            <line number="481" hits="4798" branch="True" condition-coverage="100% (2/2)">
              <conditions>
                <condition number="154" type="jump" coverage="100%" />
              </conditions>
            </line>
            <line number="482" hits="2684" branch="False" />
            <line number="483" hits="2684" branch="False" />
            <line number="484" hits="2684" branch="True" condition-coverage="100% (2/2)">
              <conditions>
                <condition number="182" type="jump" coverage="100%" />
              </conditions>
            </line>
            <line number="485" hits="1" branch="False" />
            <line number="486" hits="2683" branch="False" />
            <line number="489" hits="2114" branch="True" condition-coverage="50% (1/2)">
              <conditions>
                <condition number="224" type="jump" coverage="50%" />
              </conditions>
            </line>
            <line number="490" hits="0" branch="False" />
            <line number="493" hits="4797" branch="True" condition-coverage="50% (1/2)">
              <conditions>
                <condition number="260" type="jump" coverage="50%" />
              </conditions>
            </line>
            <line number="494" hits="0" branch="False" />
            <line number="495" hits="4797" branch="True" condition-coverage="50% (1/2)">
              <conditions>
                <condition number="282" type="jump" coverage="50%" />
              </conditions>
            </line>
            <line number="496" hits="0" branch="False" />
            <line number="499" hits="4797" branch="True" condition-coverage="50% (1/2)">
              <conditions>
                <condition number="296" type="jump" coverage="50%" />
              </conditions>
            </line>
            <line number="500" hits="0" branch="False" />
            <line number="503" hits="4797" branch="True" condition-coverage="100% (2/2)">
              <conditions>
                <condition number="339" type="jump" coverage="100%" />
              </conditions>
            </line>
            <line number="504" hits="1593" branch="True" condition-coverage="50% (1/2)">
              <conditions>
                <condition number="360" type="jump" coverage="50%" />
              </conditions>
            </line>
            <line number="505" hits="0" branch="False" />
            <line number="506" hits="0" branch="False" />
            <line number="508" hits="4797" branch="True" condition-coverage="100% (2/2)">
              <conditions>
                <condition number="409" type="jump" coverage="100%" />
              </conditions>
            </line>
            <line number="509" hits="1593" branch="True" condition-coverage="50% (1/2)">
              <conditions>
                <condition number="430" type="jump" coverage="50%" />
              </conditions>
            </line>
            <line number="510" hits="0" branch="False" />
            <line number="511" hits="0" branch="False" />
            <line number="516" hits="4797" branch="False" />
            <line number="517" hits="4797" branch="False" />
            <line number="518" hits="4797" branch="False" />
            <line number="521" hits="1611" branch="True" condition-coverage="50% (1/2)">
              <conditions>
                <condition number="489" type="jump" coverage="50%" />
              </conditions>
            </line>
            <line number="522" hits="0" branch="False" />
            <line number="525" hits="1611" branch="False" />
            <line number="526" hits="1611" branch="False" />
            <line number="280" hits="1" branch="False" />
            <line number="281" hits="1" branch="True" condition-coverage="50% (1/2)">
              <conditions>
                <condition number="29" type="jump" coverage="50%" />
              </conditions>
            </line>
            <line number="282" hits="1" branch="False" />
            <line number="283" hits="1" branch="True" condition-coverage="50% (1/2)">
              <conditions>
                <condition number="48" type="jump" coverage="50%" />
              </conditions>
            </line>
            <line number="284" hits="0" branch="False" />
            <line number="286" hits="1" branch="False" />
            <line number="287" hits="1" branch="False" />
            <line number="288" hits="1" branch="False" />
            <line number="289" hits="0" branch="True" condition-coverage="50% (1/2)">
              <conditions>
                <condition number="149" type="jump" coverage="50%" />
              </conditions>
            </line>
            <line number="290" hits="0" branch="False" />
            <line number="291" hits="0" branch="True" condition-coverage="0% (0/2)">
              <conditions>
                <condition number="170" type="jump" coverage="0%" />
              </conditions>
            </line>
            <line number="292" hits="0" branch="False" />
            <line number="294" hits="0" branch="False" />
            <line number="295" hits="0" branch="False" />
            <line number="296" hits="0" branch="False" />
            <line number="297" hits="0" branch="False" />
            <line number="298" hits="0" branch="False" />
            <line number="299" hits="1" branch="False" />
            <line number="300" hits="1" branch="False" />
            <line number="52" hits="0" branch="False" />
            <line number="53" hits="0" branch="False" />
            <line number="55" hits="0" branch="False" />
            <line number="56" hits="0" branch="False" />
            <line number="57" hits="0" branch="False" />
            <line number="58" hits="0" branch="False" />
            <line number="60" hits="0" branch="False" />
            <line number="39" hits="1613" branch="False" />
            <line number="84" hits="1613" branch="False" />
            <line number="85" hits="1613" branch="False" />
            <line number="87" hits="1613" branch="False" />
            <line number="88" hits="1613" branch="False" />
            <line number="89" hits="1611" branch="False" />
            <line number="90" hits="1611" branch="False" />
            <line number="92" hits="1611" branch="False" />
          </lines>
        </class>
        <class name="SpreadsheetUtilities.Formula/&lt;GetTokens&gt;d__12" filename="source\repos\spreadsheet-Saint-Luke\spreadsheet-Saint-Luke-main\Spreadsheet\Formula\Formula.cs" line-rate="1" branch-rate="1" complexity="4">
          <methods>
            <method name="MoveNext" signature="()" line-rate="1" branch-rate="1" complexity="4">
              <lines>
                <line number="429" hits="6451" branch="False" />
                <line number="431" hits="6451" branch="False" />
                <line number="432" hits="6451" branch="False" />
                <line number="433" hits="6451" branch="False" />
                <line number="434" hits="6451" branch="False" />
                <line number="435" hits="6451" branch="False" />
                <line number="436" hits="6451" branch="False" />
                <line number="439" hits="6451" branch="False" />
                <line number="440" hits="6451" branch="False" />
                <line number="443" hits="112202" branch="True" condition-coverage="100% (2/2)">
                  <conditions>
                    <condition number="323" type="jump" coverage="100%" />
                  </conditions>
                </line>
                <line number="444" hits="48038" branch="False" />
                <line number="445" hits="48038" branch="True" condition-coverage="100% (2/2)">
                  <conditions>
                    <condition number="255" type="jump" coverage="100%" />
                  </conditions>
                </line>
                <line number="446" hits="12826" branch="False" />
                <line number="447" hits="12826" branch="False" />
                <line number="448" hits="9599" branch="False" />
                <line number="449" hits="44811" branch="False" />
                <line number="451" hits="3224" branch="False" />
              </lines>
            </method>
          </methods>
          <lines>
            <line number="429" hits="6451" branch="False" />
            <line number="431" hits="6451" branch="False" />
            <line number="432" hits="6451" branch="False" />
            <line number="433" hits="6451" branch="False" />
            <line number="434" hits="6451" branch="False" />
            <line number="435" hits="6451" branch="False" />
            <line number="436" hits="6451" branch="False" />
            <line number="439" hits="6451" branch="False" />
            <line number="440" hits="6451" branch="False" />
            <line number="443" hits="112202" branch="True" condition-coverage="100% (2/2)">
              <conditions>
                <condition number="323" type="jump" coverage="100%" />
              </conditions>
            </line>
            <line number="444" hits="48038" branch="False" />
            <line number="445" hits="48038" branch="True" condition-coverage="100% (2/2)">
              <conditions>
                <condition number="255" type="jump" coverage="100%" />
              </conditions>
            </line>
            <line number="446" hits="12826" branch="False" />
            <line number="447" hits="12826" branch="False" />
            <line number="448" hits="9599" branch="False" />
            <line number="449" hits="44811" branch="False" />
            <line number="451" hits="3224" branch="False" />
          </lines>
        </class>
        <class name="SpreadsheetUtilities.FormulaFormatException" filename="source\repos\spreadsheet-Saint-Luke\spreadsheet-Saint-Luke-main\Spreadsheet\Formula\Formula.cs" line-rate="1" branch-rate="1" complexity="1">
          <methods>
            <method name=".ctor" signature="(System.String)" line-rate="1" branch-rate="1" complexity="1">
              <lines>
                <line number="538" hits="2" branch="False" />
                <line number="539" hits="2" branch="False" />
                <line number="540" hits="2" branch="False" />
              </lines>
            </method>
          </methods>
          <lines>
            <line number="538" hits="2" branch="False" />
            <line number="539" hits="2" branch="False" />
            <line number="540" hits="2" branch="False" />
          </lines>
        </class>
        <class name="SpreadsheetUtilities.FormulaError" filename="source\repos\spreadsheet-Saint-Luke\spreadsheet-Saint-Luke-main\Spreadsheet\Formula\Formula.cs" line-rate="1" branch-rate="1" complexity="2">
          <methods>
            <method name="get_Reason" signature="()" line-rate="1" branch-rate="1" complexity="1">
              <lines>
                <line number="561" hits="227362" branch="False" />
              </lines>
            </method>
            <method name=".ctor" signature="(System.String)" line-rate="1" branch-rate="1" complexity="1">
              <lines>
                <line number="553" hits="227362" branch="False" />
                <line number="554" hits="227362" branch="False" />
                <line number="555" hits="227362" branch="False" />
                <line number="556" hits="227362" branch="False" />
              </lines>
            </method>
          </methods>
          <lines>
            <line number="561" hits="227362" branch="False" />
            <line number="553" hits="227362" branch="False" />
            <line number="554" hits="227362" branch="False" />
            <line number="555" hits="227362" branch="False" />
            <line number="556" hits="227362" branch="False" />
          </lines>
        </class>
      </classes>
    </package>
    <package name="Spreadsheet" line-rate="1" branch-rate="1" complexity="72">
      <classes>
        <class name="SS.SpreadsheetReadWriteException" filename="source\repos\spreadsheet-Saint-Luke\spreadsheet-Saint-Luke-main\Spreadsheet\Spreadsheet\AbstractSpreadsheet.cs" line-rate="1" branch-rate="1" complexity="1">
          <methods>
            <method name=".ctor" signature="(System.String)" line-rate="1" branch-rate="1" complexity="1">
              <lines>
                <line number="65" hits="9" branch="False" />
                <line number="66" hits="9" branch="False" />
                <line number="67" hits="9" branch="False" />
              </lines>
            </method>
          </methods>
          <lines>
            <line number="65" hits="9" branch="False" />
            <line number="66" hits="9" branch="False" />
            <line number="67" hits="9" branch="False" />
          </lines>
        </class>
        <class name="SS.AbstractSpreadsheet" filename="source\repos\spreadsheet-Saint-Luke\spreadsheet-Saint-Luke-main\Spreadsheet\Spreadsheet\AbstractSpreadsheet.cs" line-rate="1" branch-rate="1" complexity="11">
          <methods>
            <method name="get_IsValid" signature="()" line-rate="1" branch-rate="1" complexity="1">
              <lines>
                <line number="133" hits="469123" branch="False" />
              </lines>
            </method>
            <method name="get_Normalize" signature="()" line-rate="1" branch-rate="1" complexity="1">
              <lines>
                <line number="140" hits="469129" branch="False" />
              </lines>
            </method>
            <method name="get_Version" signature="()" line-rate="1" branch-rate="1" complexity="1">
              <lines>
                <line number="147" hits="154" branch="False" />
              </lines>
            </method>
            <method name="GetCellsToRecalculate" signature="(System.String)" line-rate="1" branch-rate="1" complexity="1">
              <lines>
                <line number="344" hits="1769" branch="False" />
                <line number="345" hits="1769" branch="False" />
                <line number="346" hits="1769" branch="False" />
                <line number="347" hits="1769" branch="False" />
                <line number="348" hits="1767" branch="False" />
                <line number="349" hits="1767" branch="False" />
              </lines>
            </method>
            <method name="Visit" signature="(System.String,System.String,System.Collections.Generic.ISet`1&lt;System.String&gt;,System.Collections.Generic.LinkedList`1&lt;System.String&gt;)" line-rate="1" branch-rate="1" complexity="6">
              <lines>
                <line number="358" hits="231168" branch="False" />
                <line number="360" hits="231168" branch="False" />
                <line number="363" hits="1356326" branch="True" condition-coverage="100% (2/2)">
                  <conditions>
                    <condition number="86" type="jump" coverage="100%" />
                  </conditions>
                </line>
                <line number="364" hits="331412" branch="False" />
                <line number="365" hits="331412" branch="True" condition-coverage="100% (2/2)">
                  <conditions>
                    <condition number="42" type="jump" coverage="100%" />
                  </conditions>
                </line>
                <line number="366" hits="2" branch="False" />
                <line number="368" hits="2" branch="False" />
                <line number="370" hits="331410" branch="True" condition-coverage="100% (2/2)">
                  <conditions>
                    <condition number="63" type="jump" coverage="100%" />
                  </conditions>
                </line>
                <line number="371" hits="229399" branch="False" />
                <line number="374" hits="229399" branch="False" />
[...]
            <line number="217" hits="2" branch="False" />
            <line number="222" hits="1" branch="False" />
            <line number="223" hits="1" branch="False" />
            <line number="224" hits="1" branch="False" />
            <line number="225" hits="1" branch="False" />
            <line number="228" hits="2" branch="False" />
            <line number="229" hits="2" branch="False" />
            <line number="230" hits="2" branch="False" />
            <line number="231" hits="2" branch="False" />
            <line number="232" hits="2" branch="False" />
            <line number="239" hits="1" branch="False" />
            <line number="240" hits="1" branch="False" />
            <line number="241" hits="1" branch="False" />
            <line number="242" hits="1" branch="False" />
            <line number="245" hits="1" branch="False" />
            <line number="246" hits="1" branch="False" />
            <line number="247" hits="1" branch="False" />
            <line number="248" hits="1" branch="False" />
            <line number="249" hits="1" branch="False" />
            <line number="255" hits="1" branch="False" />
            <line number="256" hits="1" branch="False" />
            <line number="257" hits="1" branch="False" />
            <line number="258" hits="1" branch="False" />
            <line number="261" hits="2" branch="False" />
            <line number="262" hits="2" branch="False" />
            <line number="263" hits="2" branch="False" />
            <line number="264" hits="2" branch="False" />
            <line number="265" hits="2" branch="False" />
            <line number="266" hits="2" branch="False" />
            <line number="272" hits="1" branch="False" />
            <line number="273" hits="1" branch="False" />
            <line number="274" hits="1" branch="False" />
            <line number="275" hits="1" branch="False" />
            <line number="278" hits="2" branch="False" />
            <line number="279" hits="2" branch="False" />
            <line number="280" hits="2" branch="False" />
            <line number="281" hits="2" branch="False" />
            <line number="282" hits="2" branch="False" />
            <line number="283" hits="2" branch="False" />
            <line number="284" hits="2" branch="False" />
            <line number="290" hits="1" branch="False" />
            <line number="291" hits="1" branch="False" />
            <line number="292" hits="1" branch="False" />
            <line number="293" hits="1" branch="False" />
            <line number="296" hits="2" branch="False" />
            <line number="297" hits="2" branch="False" />
            <line number="298" hits="2" branch="False" />
            <line number="299" hits="2" branch="False" />
            <line number="300" hits="2" branch="False" />
            <line number="306" hits="1" branch="False" />
            <line number="307" hits="1" branch="False" />
            <line number="308" hits="1" branch="False" />
            <line number="309" hits="1" branch="False" />
            <line number="312" hits="2" branch="False" />
            <line number="313" hits="2" branch="False" />
            <line number="314" hits="2" branch="False" />
            <line number="315" hits="2" branch="False" />
            <line number="322" hits="1" branch="False" />
            <line number="323" hits="1" branch="False" />
            <line number="324" hits="1" branch="False" />
            <line number="325" hits="1" branch="False" />
            <line number="326" hits="1" branch="False" />
            <line number="327" hits="1" branch="False" />
            <line number="328" hits="1" branch="False" />
            <line number="329" hits="1" branch="False" />
            <line number="330" hits="1" branch="False" />
            <line number="331" hits="1" branch="False" />
            <line number="332" hits="1" branch="False" />
            <line number="333" hits="1" branch="False" />
            <line number="334" hits="1" branch="False" />
            <line number="335" hits="1" branch="False" />
            <line number="336" hits="1" branch="False" />
            <line number="342" hits="3" branch="False" />
            <line number="343" hits="3" branch="False" />
            <line number="344" hits="3" branch="False" />
            <line number="345" hits="3" branch="False" />
            <line number="348" hits="3" branch="False" />
            <line number="349" hits="3" branch="False" />
            <line number="350" hits="3" branch="False" />
            <line number="351" hits="3" branch="False" />
            <line number="352" hits="3" branch="False" />
            <line number="353" hits="3" branch="False" />
            <line number="354" hits="3" branch="False" />
            <line number="355" hits="3" branch="False" />
            <line number="356" hits="3" branch="False" />
            <line number="361" hits="1" branch="False" />
            <line number="362" hits="1" branch="False" />
            <line number="363" hits="1" branch="False" />
            <line number="368" hits="1" branch="False" />
            <line number="369" hits="1" branch="False" />
            <line number="370" hits="1" branch="False" />
            <line number="377" hits="4" branch="False" />
            <line number="378" hits="4" branch="False" />
            <line number="379" hits="4" branch="False" />
            <line number="380" hits="4" branch="False" />
            <line number="381" hits="4" branch="False" />
            <line number="382" hits="4" branch="False" />
            <line number="383" hits="4" branch="False" />
            <line number="384" hits="4" branch="False" />
            <line number="389" hits="1" branch="False" />
            <line number="390" hits="1" branch="False" />
            <line number="391" hits="1" branch="False" />
            <line number="396" hits="1" branch="False" />
            <line number="397" hits="1" branch="False" />
            <line number="398" hits="1" branch="False" />
            <line number="403" hits="1" branch="False" />
            <line number="404" hits="1" branch="False" />
            <line number="405" hits="1" branch="False" />
            <line number="412" hits="1" branch="False" />
            <line number="413" hits="1" branch="False" />
            <line number="414" hits="1" branch="False" />
            <line number="415" hits="0" branch="False" />
            <line number="421" hits="1" branch="False" />
            <line number="422" hits="1" branch="False" />
            <line number="423" hits="0" branch="False" />
            <line number="428" hits="1" branch="False" />
            <line number="429" hits="1" branch="False" />
            <line number="430" hits="1" branch="False" />
            <line number="431" hits="1" branch="False" />
            <line number="432" hits="7" branch="False" />
            <line number="433" hits="1" branch="False" />
            <line number="434" hits="1" branch="False" />
            <line number="440" hits="1" branch="False" />
            <line number="441" hits="1" branch="False" />
            <line number="442" hits="1" branch="False" />
            <line number="443" hits="1" branch="False" />
            <line number="444" hits="1" branch="False" />
            <line number="445" hits="1" branch="False" />
            <line number="446" hits="1" branch="False" />
            <line number="447" hits="1" branch="False" />
            <line number="448" hits="1" branch="False" />
            <line number="449" hits="0" branch="False" />
            <line number="455" hits="1" branch="False" />
            <line number="456" hits="1" branch="False" />
            <line number="457" hits="1" branch="False" />
            <line number="458" hits="1" branch="False" />
            <line number="459" hits="0" branch="False" />
            <line number="465" hits="1" branch="False" />
            <line number="466" hits="1" branch="False" />
            <line number="467" hits="1" branch="False" />
            <line number="468" hits="1" branch="False" />
            <line number="469" hits="1" branch="False" />
            <line number="470" hits="1" branch="False" />
            <line number="471" hits="1" branch="False" />
            <line number="472" hits="1" branch="False" />
            <line number="473" hits="1" branch="False" />
            <line number="474" hits="1" branch="False" />
            <line number="475" hits="1" branch="False" />
            <line number="476" hits="1" branch="False" />
            <line number="478" hits="1" branch="False" />
            <line number="481" hits="33" branch="False" />
            <line number="482" hits="1" branch="False" />
            <line number="483" hits="1" branch="False" />
            <line number="488" hits="1" branch="False" />
            <line number="489" hits="1" branch="False" />
            <line number="490" hits="1" branch="False" />
            <line number="491" hits="1" branch="False" />
            <line number="492" hits="1" branch="False" />
            <line number="493" hits="1" branch="False" />
            <line number="494" hits="1" branch="False" />
            <line number="496" hits="1" branch="False" />
            <line number="498" hits="1" branch="False" />
            <line number="500" hits="1" branch="True" condition-coverage="100% (6/6)">
              <conditions>
                <condition number="114" type="jump" coverage="100%" />
                <condition number="226" type="jump" coverage="100%" />
                <condition number="298" type="jump" coverage="100%" />
              </conditions>
            </line>
            <line number="501" hits="1" branch="True" condition-coverage="100% (10/10)">
              <conditions>
                <condition number="386" type="jump" coverage="100%" />
                <condition number="498" type="jump" coverage="100%" />
                <condition number="570" type="jump" coverage="100%" />
                <condition number="641" type="jump" coverage="100%" />
                <condition number="712" type="jump" coverage="100%" />
              </conditions>
            </line>
            <line number="502" hits="1" branch="True" condition-coverage="100% (12/12)">
              <conditions>
                <condition number="810" type="jump" coverage="100%" />
                <condition number="936" type="jump" coverage="100%" />
                <condition number="1029" type="jump" coverage="100%" />
                <condition number="1101" type="jump" coverage="100%" />
                <condition number="1172" type="jump" coverage="100%" />
                <condition number="1243" type="jump" coverage="100%" />
              </conditions>
            </line>
            <line number="503" hits="1" branch="True" condition-coverage="100% (12/12)">
              <conditions>
                <condition number="1355" type="jump" coverage="100%" />
                <condition number="1481" type="jump" coverage="100%" />
                <condition number="1574" type="jump" coverage="100%" />
                <condition number="1646" type="jump" coverage="100%" />
                <condition number="1717" type="jump" coverage="100%" />
                <condition number="1788" type="jump" coverage="100%" />
              </conditions>
            </line>
            <line number="504" hits="1" branch="True" condition-coverage="100% (12/12)">
              <conditions>
                <condition number="1900" type="jump" coverage="100%" />
                <condition number="2012" type="jump" coverage="100%" />
                <condition number="2104" type="jump" coverage="100%" />
                <condition number="2176" type="jump" coverage="100%" />
                <condition number="2247" type="jump" coverage="100%" />
                <condition number="2318" type="jump" coverage="100%" />
              </conditions>
            </line>
            <line number="505" hits="1" branch="False" />
            <line number="512" hits="1" branch="False" />
            <line number="513" hits="1" branch="False" />
            <line number="514" hits="1" branch="False" />
            <line number="516" hits="3" branch="False" />
            <line number="517" hits="3" branch="False" />
            <line number="518" hits="3" branch="False" />
            <line number="519" hits="3" branch="False" />
            <line number="520" hits="3" branch="False" />
            <line number="521" hits="3" branch="False" />
            <line number="522" hits="3" branch="False" />
            <line number="523" hits="3" branch="False" />
            <line number="524" hits="3" branch="False" />
            <line number="525" hits="3" branch="False" />
            <line number="526" hits="3" branch="False" />
            <line number="527" hits="3" branch="False" />
            <line number="532" hits="1" branch="False" />
            <line number="533" hits="1" branch="False" />
            <line number="534" hits="1" branch="False" />
            <line number="536" hits="3" branch="False" />
            <line number="537" hits="3" branch="False" />
            <line number="538" hits="3" branch="False" />
            <line number="539" hits="3" branch="False" />
            <line number="540" hits="3" branch="False" />
            <line number="541" hits="3" branch="False" />
            <line number="542" hits="3" branch="False" />
            <line number="543" hits="3" branch="False" />
            <line number="548" hits="1" branch="False" />
            <line number="549" hits="1" branch="False" />
            <line number="550" hits="1" branch="False" />
            <line number="552" hits="3" branch="False" />
            <line number="553" hits="3" branch="False" />
            <line number="554" hits="3" branch="False" />
            <line number="555" hits="3" branch="False" />
            <line number="556" hits="3" branch="False" />
            <line number="557" hits="3" branch="False" />
            <line number="558" hits="3" branch="False" />
            <line number="559" hits="3" branch="False" />
            <line number="560" hits="3" branch="False" />
            <line number="561" hits="3" branch="False" />
            <line number="562" hits="3" branch="False" />
            <line number="563" hits="3" branch="False" />
            <line number="568" hits="2" branch="False" />
            <line number="569" hits="2" branch="False" />
            <line number="570" hits="2" branch="False" />
            <line number="571" hits="2" branch="False" />
            <line number="572" hits="2" branch="False" />
            <line number="573" hits="2" branch="False" />
            <line number="578" hits="1" branch="False" />
            <line number="579" hits="1" branch="False" />
            <line number="580" hits="1" branch="False" />
            <line number="586" hits="2" branch="False" />
            <line number="587" hits="2" branch="False" />
            <line number="588" hits="2" branch="False" />
            <line number="589" hits="2" branch="False" />
            <line number="592" hits="4" branch="False" />
            <line number="593" hits="4" branch="False" />
            <line number="594" hits="4" branch="False" />
            <line number="595" hits="4" branch="False" />
            <line number="596" hits="4" branch="False" />
            <line number="597" hits="4" branch="False" />
            <line number="598" hits="4" branch="False" />
            <line number="599" hits="4" branch="False" />
            <line number="600" hits="4" branch="False" />
            <line number="601" hits="4" branch="False" />
            <line number="602" hits="4" branch="False" />
            <line number="603" hits="4" branch="False" />
            <line number="604" hits="4" branch="False" />
            <line number="605" hits="4" branch="False" />
            <line number="610" hits="1" branch="False" />
            <line number="611" hits="1" branch="False" />
            <line number="612" hits="1" branch="False" />
            <line number="618" hits="2" branch="False" />
            <line number="619" hits="2" branch="False" />
            <line number="620" hits="2" branch="False" />
            <line number="621" hits="2" branch="False" />
            <line number="622" hits="134" branch="False" />
            <line number="623" hits="2" branch="False" />
            <line number="624" hits="2" branch="False" />
            <line number="629" hits="1" branch="False" />
            <line number="630" hits="1" branch="False" />
            <line number="631" hits="1" branch="False" />
            <line number="641" hits="1" branch="False" />
            <line number="642" hits="1" branch="False" />
            <line number="643" hits="1" branch="False" />
            <line number="644" hits="1" branch="False" />
            <line number="645" hits="1" branch="False" />
            <line number="650" hits="1" branch="False" />
            <line number="651" hits="1" branch="False" />
            <line number="652" hits="1" branch="False" />
            <line number="653" hits="1" branch="False" />
            <line number="654" hits="1" branch="False" />
            <line number="659" hits="1" branch="False" />
            <line number="660" hits="1" branch="False" />
            <line number="661" hits="1" branch="False" />
            <line number="662" hits="1" branch="False" />
            <line number="663" hits="1" branch="False" />
            <line number="668" hits="1" branch="False" />
            <line number="669" hits="1" branch="False" />
            <line number="670" hits="1" branch="False" />
            <line number="671" hits="1" branch="False" />
            <line number="672" hits="1" branch="False" />
            <line number="677" hits="1" branch="False" />
            <line number="678" hits="1" branch="False" />
            <line number="679" hits="1" branch="False" />
            <line number="680" hits="1" branch="False" />
            <line number="681" hits="1" branch="False" />
            <line number="684" hits="5" branch="False" />
            <line number="686" hits="5" branch="False" />
            <line number="687" hits="5" branch="False" />
            <line number="688" hits="5" branch="False" />
            <line number="690" hits="5" branch="False" />
            <line number="691" hits="1010" branch="True" condition-coverage="100% (2/2)">
              <conditions>
                <condition number="180" type="jump" coverage="100%" />
              </conditions>
            </line>
            <line number="692" hits="500" branch="False" />
            <line number="693" hits="500" branch="False" />
            <line number="694" hits="500" branch="False" />
            <line number="695" hits="500" branch="False" />
            <line number="696" hits="5" branch="False" />
            <line number="697" hits="5" branch="False" />
            <line number="698" hits="5" branch="False" />
            <line number="699" hits="5" branch="False" />
            <line number="700" hits="5" branch="False" />
            <line number="701" hits="5" branch="False" />
            <line number="702" hits="5" branch="False" />
            <line number="703" hits="5" branch="False" />
            <line number="704" hits="5" branch="False" />
            <line number="705" hits="0" branch="False" />
            <line number="706" hits="0" branch="False" />
            <line number="707" hits="0" branch="False" />
            <line number="708" hits="0" branch="False" />
            <line number="709" hits="5" branch="False" />
          </lines>
        </class>
      </classes>
    </package>
  </packages>
</coverage>